[ 2018-04-13T08:32:53+08:00 ] ::1 ::1 GET /imooc_o2o/public/index.php/bis/index/index.html
[ log ] localhost:8080/imooc_o2o/public/index.php/bis/index/index.html [运行时间：0.167274s][吞吐率：5.98req/s] [内存消耗：2,096.91kb] [文件加载：38]
[ info ] [ LANG ] G:\php\Apache24\htdocs\imooc_o2o\thinkphp\lang\zh-cn.php
[ info ] [ ROUTE ] array (
  'type' => 'module',
  'module' => 
  array (
    0 => 'bis',
    1 => 'index',
    2 => 'index',
  ),
)
[ info ] [ HEADER ] array (
  'host' => 'localhost:8080',
  'connection' => 'keep-alive',
  'upgrade-insecure-requests' => '1',
  'user-agent' => 'Mozilla/5.0 (Windows NT 10.0; WOW64) AppleWebKit/537.36 (KHTML, like Gecko) Chrome/65.0.3325.181 Safari/537.36',
  'accept' => 'text/html,application/xhtml+xml,application/xml;q=0.9,image/webp,image/apng,*/*;q=0.8',
  'referer' => 'http://localhost:8080/imooc_o2o/public/index.php/bis/login/index.html',
  'accept-encoding' => 'gzip, deflate, br',
  'accept-language' => 'zh-CN,zh;q=0.9',
  'cookie' => 'Phpstorm-412f56be=3074bb5d-31ac-4ec9-8a21-a4a32a2682a8; Huiskin=blue',
)
[ info ] [ PARAM ] array (
)
[ info ] [ SESSION ] INIT array (
  'id' => '',
  'var_session_id' => '',
  'prefix' => 'think',
  'type' => '',
  'auto_start' => true,
)
[ info ] [ LOG ] INIT File

---------------------------------------------------------------
[ 2018-04-13T08:32:53+08:00 ] ::1 ::1 GET /imooc_o2o/public/index.php/bis/login/index.html
[ log ] localhost:8080/imooc_o2o/public/index.php/bis/login/index.html [运行时间：0.090661s][吞吐率：11.03req/s] [内存消耗：2,065.48kb] [文件加载：36]
[ info ] [ LANG ] G:\php\Apache24\htdocs\imooc_o2o\thinkphp\lang\zh-cn.php
[ info ] [ ROUTE ] array (
  'type' => 'module',
  'module' => 
  array (
    0 => 'bis',
    1 => 'login',
    2 => 'index',
  ),
)
[ info ] [ HEADER ] array (
  'host' => 'localhost:8080',
  'connection' => 'keep-alive',
  'upgrade-insecure-requests' => '1',
  'user-agent' => 'Mozilla/5.0 (Windows NT 10.0; WOW64) AppleWebKit/537.36 (KHTML, like Gecko) Chrome/65.0.3325.181 Safari/537.36',
  'accept' => 'text/html,application/xhtml+xml,application/xml;q=0.9,image/webp,image/apng,*/*;q=0.8',
  'referer' => 'http://localhost:8080/imooc_o2o/public/index.php/bis/login/index.html',
  'accept-encoding' => 'gzip, deflate, br',
  'accept-language' => 'zh-CN,zh;q=0.9',
  'cookie' => 'Phpstorm-412f56be=3074bb5d-31ac-4ec9-8a21-a4a32a2682a8; Huiskin=blue; PHPSESSID=sol1cs1qouh9cekthitvt44dp0',
)
[ info ] [ PARAM ] array (
)
[ info ] [ RUN ] app\bis\controller\Login->index[ G:\php\Apache24\htdocs\imooc_o2o\application\bis\controller\Login.php ]
[ info ] [ SESSION ] INIT array (
  'id' => '',
  'var_session_id' => '',
  'prefix' => 'think',
  'type' => '',
  'auto_start' => true,
)
[ info ] [ VIEW ] G:\php\Apache24\htdocs\imooc_o2o\public/../application/bis\view\login\index.html [ array (
) ]
[ info ] [ LOG ] INIT File

---------------------------------------------------------------
[ 2018-04-13T08:38:35+08:00 ] ::1 ::1 GET /imooc_o2o/public/index.php/bis/register/index.html
[ log ] localhost:8080/imooc_o2o/public/index.php/bis/register/index.html [运行时间：0.260312s][吞吐率：3.84req/s] [内存消耗：3,643.16kb] [文件加载：45]
[ info ] [ LANG ] G:\php\Apache24\htdocs\imooc_o2o\thinkphp\lang\zh-cn.php
[ info ] [ ROUTE ] array (
  'type' => 'module',
  'module' => 
  array (
    0 => 'bis',
    1 => 'register',
    2 => 'index',
  ),
)
[ info ] [ HEADER ] array (
  'host' => 'localhost:8080',
  'user-agent' => 'Mozilla/5.0 (Windows NT 10.0; WOW64; rv:59.0) Gecko/20100101 Firefox/59.0',
  'accept' => 'text/html,application/xhtml+xml,application/xml;q=0.9,*/*;q=0.8',
  'accept-language' => 'zh-CN,zh;q=0.8,zh-TW;q=0.7,zh-HK;q=0.5,en-US;q=0.3,en;q=0.2',
  'accept-encoding' => 'gzip, deflate',
  'cookie' => 'PHPSESSID=8kvjmrl1dqotue3h4mumj5dg41',
  'connection' => 'keep-alive',
  'upgrade-insecure-requests' => '1',
)
[ info ] [ PARAM ] array (
)
[ info ] [ RUN ] app\bis\controller\Register->index[ G:\php\Apache24\htdocs\imooc_o2o\application\bis\controller\Register.php ]
[ info ] [ DB ] INIT mysql
[ info ] [ VIEW ] G:\php\Apache24\htdocs\imooc_o2o\public/../application/bis\view\register\index.html [ array (
  0 => 'city',
  1 => 'category',
) ]
[ info ] [ LOG ] INIT File
[ sql ] [ DB ] CONNECT:[ UseTime:0.003815s ] mysql:dbname=imooc_o2o;host=127.0.0.1;port=3306;charset=utf8
[ sql ] [ SQL ] SHOW COLUMNS FROM `o2o_city` [ RunTime:0.086179s ]
[ sql ] [ SQL ] SELECT * FROM `o2o_city` WHERE  `status` <> -1  AND `parent_id` = 0 ORDER BY `id`  asc [ RunTime:0.002255s ]
[ sql ] [ SQL ] SHOW COLUMNS FROM `o2o_category` [ RunTime:0.013031s ]
[ sql ] [ SQL ] SELECT * FROM `o2o_category` WHERE  `status` <> -1  AND `parent_id` = 0 ORDER BY `listorder`  desc,`id`  desc [ RunTime:0.002114s ]

---------------------------------------------------------------
[ 2018-04-13T08:38:39+08:00 ] ::1 ::1 POST /imooc_o2o/public/index.php/bis/register/index.html
[ log ] localhost:8080/imooc_o2o/public/index.php/bis/register/index.html [运行时间：0.111120s][吞吐率：9.00req/s] [内存消耗：3,647.98kb] [文件加载：45]
[ info ] [ LANG ] G:\php\Apache24\htdocs\imooc_o2o\thinkphp\lang\zh-cn.php
[ info ] [ ROUTE ] array (
  'type' => 'module',
  'module' => 
  array (
    0 => 'bis',
    1 => 'register',
    2 => 'index',
  ),
)
[ info ] [ HEADER ] array (
  'host' => 'localhost:8080',
  'user-agent' => 'Mozilla/5.0 (Windows NT 10.0; WOW64; rv:59.0) Gecko/20100101 Firefox/59.0',
  'accept' => 'text/html,application/xhtml+xml,application/xml;q=0.9,*/*;q=0.8',
  'accept-language' => 'zh-CN,zh;q=0.8,zh-TW;q=0.7,zh-HK;q=0.5,en-US;q=0.3,en;q=0.2',
  'accept-encoding' => 'gzip, deflate',
  'referer' => 'http://localhost:8080/imooc_o2o/public/index.php/bis/register/index.html',
  'content-type' => 'application/x-www-form-urlencoded',
  'content-length' => '174',
  'cookie' => 'PHPSESSID=8kvjmrl1dqotue3h4mumj5dg41',
  'connection' => 'keep-alive',
  'upgrade-insecure-requests' => '1',
)
[ info ] [ PARAM ] array (
  'name' => '',
  'city_id' => '0',
  'se_city_id' => '0',
  'logo' => '',
  'licence_logo' => '',
  'bank_info' => '',
  'bank_name' => '',
  'bank_user' => '',
  'faren' => '',
  'faren_tel' => '',
  'email' => '',
  'tel' => '',
  'contact' => '',
  'category_id' => '0',
  'address' => '',
  'open_time' => '',
  'username' => '',
  'password' => '',
)
[ info ] [ RUN ] app\bis\controller\Register->index[ G:\php\Apache24\htdocs\imooc_o2o\application\bis\controller\Register.php ]
[ info ] [ DB ] INIT mysql
[ info ] [ VIEW ] G:\php\Apache24\htdocs\imooc_o2o\public/../application/bis\view\register\index.html [ array (
  0 => 'city',
  1 => 'category',
) ]
[ info ] [ LOG ] INIT File
[ sql ] [ DB ] CONNECT:[ UseTime:0.000995s ] mysql:dbname=imooc_o2o;host=127.0.0.1;port=3306;charset=utf8
[ sql ] [ SQL ] SHOW COLUMNS FROM `o2o_city` [ RunTime:0.008153s ]
[ sql ] [ SQL ] SELECT * FROM `o2o_city` WHERE  `status` <> -1  AND `parent_id` = 0 ORDER BY `id`  asc [ RunTime:0.001302s ]
[ sql ] [ SQL ] SHOW COLUMNS FROM `o2o_category` [ RunTime:0.009010s ]
[ sql ] [ SQL ] SELECT * FROM `o2o_category` WHERE  `status` <> -1  AND `parent_id` = 0 ORDER BY `listorder`  desc,`id`  desc [ RunTime:0.001137s ]

---------------------------------------------------------------
[ 2018-04-13T08:40:03+08:00 ] ::1 ::1 GET /imooc_o2o/public/index.php/bis/register/index.html
[ log ] localhost:8080/imooc_o2o/public/index.php/bis/register/index.html [运行时间：0.344757s][吞吐率：2.90req/s] [内存消耗：3,967.85kb] [文件加载：48]
[ info ] [ LANG ] G:\php\Apache24\htdocs\imooc_o2o\thinkphp\lang\zh-cn.php
[ info ] [ ROUTE ] array (
  'type' => 'module',
  'module' => 
  array (
    0 => 'bis',
    1 => 'register',
    2 => 'index',
  ),
)
[ info ] [ HEADER ] array (
  'host' => 'localhost:8080',
  'user-agent' => 'Mozilla/5.0 (Windows NT 10.0; WOW64; rv:59.0) Gecko/20100101 Firefox/59.0',
  'accept' => 'text/html,application/xhtml+xml,application/xml;q=0.9,*/*;q=0.8',
  'accept-language' => 'zh-CN,zh;q=0.8,zh-TW;q=0.7,zh-HK;q=0.5,en-US;q=0.3,en;q=0.2',
  'accept-encoding' => 'gzip, deflate',
  'cookie' => 'PHPSESSID=8kvjmrl1dqotue3h4mumj5dg41',
  'connection' => 'keep-alive',
  'upgrade-insecure-requests' => '1',
)
[ info ] [ PARAM ] array (
)
[ info ] [ RUN ] app\bis\controller\Register->index[ G:\php\Apache24\htdocs\imooc_o2o\application\bis\controller\Register.php ]
[ info ] [ DB ] INIT mysql
[ info ] [ VIEW ] G:\php\Apache24\htdocs\imooc_o2o\public/../application/bis\view\register\index.html [ array (
  0 => 'city',
  1 => 'category',
) ]
[ info ] [ LOG ] INIT File
[ sql ] [ DB ] CONNECT:[ UseTime:0.002033s ] mysql:dbname=imooc_o2o;host=127.0.0.1;port=3306;charset=utf8
[ sql ] [ SQL ] SHOW COLUMNS FROM `o2o_city` [ RunTime:0.013909s ]
[ sql ] [ SQL ] SELECT * FROM `o2o_city` WHERE  `status` <> -1  AND `parent_id` = 0 ORDER BY `id`  asc [ RunTime:0.001757s ]
[ sql ] [ SQL ] SHOW COLUMNS FROM `o2o_category` [ RunTime:0.018134s ]
[ sql ] [ SQL ] SELECT * FROM `o2o_category` WHERE  `status` <> -1  AND `parent_id` = 0 ORDER BY `listorder`  desc,`id`  desc [ RunTime:0.001483s ]

---------------------------------------------------------------
[ 2018-04-13T08:40:07+08:00 ] ::1 ::1 POST /imooc_o2o/public/index.php/bis/register/regist.html
[ log ] localhost:8080/imooc_o2o/public/index.php/bis/register/regist.html [运行时间：0.065480s][吞吐率：15.27req/s] [内存消耗：2,269.18kb] [文件加载：38]
[ info ] [ LANG ] G:\php\Apache24\htdocs\imooc_o2o\thinkphp\lang\zh-cn.php
[ info ] [ ROUTE ] array (
  'type' => 'module',
  'module' => 
  array (
    0 => 'bis',
    1 => 'register',
    2 => 'regist',
  ),
)
[ info ] [ HEADER ] array (
  'host' => 'localhost:8080',
  'user-agent' => 'Mozilla/5.0 (Windows NT 10.0; WOW64; rv:59.0) Gecko/20100101 Firefox/59.0',
  'accept' => 'text/html,application/xhtml+xml,application/xml;q=0.9,*/*;q=0.8',
  'accept-language' => 'zh-CN,zh;q=0.8,zh-TW;q=0.7,zh-HK;q=0.5,en-US;q=0.3,en;q=0.2',
  'accept-encoding' => 'gzip, deflate',
  'referer' => 'http://localhost:8080/imooc_o2o/public/index.php/bis/register/index.html',
  'content-type' => 'application/x-www-form-urlencoded',
  'content-length' => '174',
  'cookie' => 'PHPSESSID=8kvjmrl1dqotue3h4mumj5dg41',
  'connection' => 'keep-alive',
  'upgrade-insecure-requests' => '1',
)
[ info ] [ PARAM ] array (
  'name' => '',
  'city_id' => '0',
  'se_city_id' => '0',
  'logo' => '',
  'licence_logo' => '',
  'bank_info' => '',
  'bank_name' => '',
  'bank_user' => '',
  'faren' => '',
  'faren_tel' => '',
  'email' => '',
  'tel' => '',
  'contact' => '',
  'category_id' => '0',
  'address' => '',
  'open_time' => '',
  'username' => '',
  'password' => '',
)
[ info ] [ RUN ] app\bis\controller\Register->regist[ G:\php\Apache24\htdocs\imooc_o2o\application\bis\controller\Register.php ]
[ info ] [ VIEW ] G:\php\Apache24\htdocs\imooc_o2o\thinkphp\tpl\dispatch_jump.tpl [ array (
  0 => 'code',
  1 => 'msg',
  2 => 'data',
  3 => 'url',
  4 => 'wait',
) ]
[ info ] [ LOG ] INIT File

---------------------------------------------------------------
[ 2018-04-13T08:40:17+08:00 ] ::1 ::1 POST /imooc_o2o/public/index.php/bis/register/regist.html
[ log ] localhost:8080/imooc_o2o/public/index.php/bis/register/regist.html [运行时间：0.068337s][吞吐率：14.63req/s] [内存消耗：2,269.37kb] [文件加载：38]
[ info ] [ LANG ] G:\php\Apache24\htdocs\imooc_o2o\thinkphp\lang\zh-cn.php
[ info ] [ ROUTE ] array (
  'type' => 'module',
  'module' => 
  array (
    0 => 'bis',
    1 => 'register',
    2 => 'regist',
  ),
)
[ info ] [ HEADER ] array (
  'host' => 'localhost:8080',
  'user-agent' => 'Mozilla/5.0 (Windows NT 10.0; WOW64; rv:59.0) Gecko/20100101 Firefox/59.0',
  'accept' => 'text/html,application/xhtml+xml,application/xml;q=0.9,*/*;q=0.8',
  'accept-language' => 'zh-CN,zh;q=0.8,zh-TW;q=0.7,zh-HK;q=0.5,en-US;q=0.3,en;q=0.2',
  'accept-encoding' => 'gzip, deflate',
  'referer' => 'http://localhost:8080/imooc_o2o/public/index.php/bis/register/index.html',
  'content-type' => 'application/x-www-form-urlencoded',
  'content-length' => '177',
  'cookie' => 'PHPSESSID=8kvjmrl1dqotue3h4mumj5dg41',
  'connection' => 'keep-alive',
  'upgrade-insecure-requests' => '1',
)
[ info ] [ PARAM ] array (
  'name' => 'saa',
  'city_id' => '0',
  'se_city_id' => '0',
  'logo' => '',
  'licence_logo' => '',
  'bank_info' => '',
  'bank_name' => '',
  'bank_user' => '',
  'faren' => '',
  'faren_tel' => '',
  'email' => '',
  'tel' => '',
  'contact' => '',
  'category_id' => '0',
  'address' => '',
  'open_time' => '',
  'username' => '',
  'password' => '',
)
[ info ] [ RUN ] app\bis\controller\Register->regist[ G:\php\Apache24\htdocs\imooc_o2o\application\bis\controller\Register.php ]
[ info ] [ VIEW ] G:\php\Apache24\htdocs\imooc_o2o\thinkphp\tpl\dispatch_jump.tpl [ array (
  0 => 'code',
  1 => 'msg',
  2 => 'data',
  3 => 'url',
  4 => 'wait',
) ]
[ info ] [ LOG ] INIT File

---------------------------------------------------------------
[ 2018-04-13T08:40:28+08:00 ] ::1 ::1 POST /imooc_o2o/public/index.php/bis/register/regist.html
[ log ] localhost:8080/imooc_o2o/public/index.php/bis/register/regist.html [运行时间：0.142904s][吞吐率：7.00req/s] [内存消耗：2,269.28kb] [文件加载：38]
[ info ] [ LANG ] G:\php\Apache24\htdocs\imooc_o2o\thinkphp\lang\zh-cn.php
[ info ] [ ROUTE ] array (
  'type' => 'module',
  'module' => 
  array (
    0 => 'bis',
    1 => 'register',
    2 => 'regist',
  ),
)
[ info ] [ HEADER ] array (
  'host' => 'localhost:8080',
  'user-agent' => 'Mozilla/5.0 (Windows NT 10.0; WOW64; rv:59.0) Gecko/20100101 Firefox/59.0',
  'accept' => 'text/html,application/xhtml+xml,application/xml;q=0.9,*/*;q=0.8',
  'accept-language' => 'zh-CN,zh;q=0.8,zh-TW;q=0.7,zh-HK;q=0.5,en-US;q=0.3,en;q=0.2',
  'accept-encoding' => 'gzip, deflate',
  'referer' => 'http://localhost:8080/imooc_o2o/public/index.php/bis/register/index.html',
  'content-type' => 'application/x-www-form-urlencoded',
  'content-length' => '181',
  'cookie' => 'PHPSESSID=8kvjmrl1dqotue3h4mumj5dg41',
  'connection' => 'keep-alive',
  'upgrade-insecure-requests' => '1',
)
[ info ] [ PARAM ] array (
  'name' => 'saa',
  'city_id' => '0',
  'se_city_id' => '0',
  'logo' => '',
  'licence_logo' => '',
  'bank_info' => '',
  'bank_name' => '',
  'bank_user' => '',
  'faren' => '',
  'faren_tel' => '',
  'email' => '',
  'tel' => '',
  'contact' => '',
  'category_id' => '0',
  'address' => '',
  'open_time' => '',
  'username' => 'sasa',
  'password' => '',
)
[ info ] [ RUN ] app\bis\controller\Register->regist[ G:\php\Apache24\htdocs\imooc_o2o\application\bis\controller\Register.php ]
[ info ] [ VIEW ] G:\php\Apache24\htdocs\imooc_o2o\thinkphp\tpl\dispatch_jump.tpl [ array (
  0 => 'code',
  1 => 'msg',
  2 => 'data',
  3 => 'url',
  4 => 'wait',
) ]
[ info ] [ LOG ] INIT File

---------------------------------------------------------------
[ 2018-04-13T08:40:35+08:00 ] ::1 ::1 POST /imooc_o2o/public/index.php/bis/register/regist.html
[ log ] localhost:8080/imooc_o2o/public/index.php/bis/register/regist.html [运行时间：0.193011s][吞吐率：5.18req/s] [内存消耗：3,855.98kb] [文件加载：48]
[ info ] [ LANG ] G:\php\Apache24\htdocs\imooc_o2o\thinkphp\lang\zh-cn.php
[ info ] [ ROUTE ] array (
  'type' => 'module',
  'module' => 
  array (
    0 => 'bis',
    1 => 'register',
    2 => 'regist',
  ),
)
[ info ] [ HEADER ] array (
  'host' => 'localhost:8080',
  'user-agent' => 'Mozilla/5.0 (Windows NT 10.0; WOW64; rv:59.0) Gecko/20100101 Firefox/59.0',
  'accept' => 'text/html,application/xhtml+xml,application/xml;q=0.9,*/*;q=0.8',
  'accept-language' => 'zh-CN,zh;q=0.8,zh-TW;q=0.7,zh-HK;q=0.5,en-US;q=0.3,en;q=0.2',
  'accept-encoding' => 'gzip, deflate',
  'referer' => 'http://localhost:8080/imooc_o2o/public/index.php/bis/register/index.html',
  'content-type' => 'application/x-www-form-urlencoded',
  'content-length' => '185',
  'cookie' => 'PHPSESSID=8kvjmrl1dqotue3h4mumj5dg41',
  'connection' => 'keep-alive',
  'upgrade-insecure-requests' => '1',
)
[ info ] [ PARAM ] array (
  'name' => 'saa',
  'city_id' => '0',
  'se_city_id' => '0',
  'logo' => '',
  'licence_logo' => '',
  'bank_info' => '',
  'bank_name' => '',
  'bank_user' => '',
  'faren' => '',
  'faren_tel' => '',
  'email' => '',
  'tel' => '',
  'contact' => '',
  'category_id' => '0',
  'address' => '',
  'open_time' => '',
  'username' => 'sasa',
  'password' => 'sasa',
)
[ info ] [ RUN ] app\bis\controller\Register->regist[ G:\php\Apache24\htdocs\imooc_o2o\application\bis\controller\Register.php ]
[ info ] [ DB ] INIT mysql
[ info ] [ VIEW ] G:\php\Apache24\htdocs\imooc_o2o\thinkphp\tpl\dispatch_jump.tpl [ array (
  0 => 'code',
  1 => 'msg',
  2 => 'data',
  3 => 'url',
  4 => 'wait',
) ]
[ info ] [ LOG ] INIT File
[ sql ] [ DB ] CONNECT:[ UseTime:0.001499s ] mysql:dbname=imooc_o2o;host=127.0.0.1;port=3306;charset=utf8
[ sql ] [ SQL ] SHOW COLUMNS FROM `o2o_bis_account` [ RunTime:0.054695s ]
[ sql ] [ SQL ] SELECT * FROM `o2o_bis_account` WHERE  `username` = 'sasa' LIMIT 1 [ RunTime:0.004886s ]

---------------------------------------------------------------
[ 2018-04-13T08:40:50+08:00 ] ::1 ::1 POST /imooc_o2o/public/index.php/bis/register/regist.html
[ log ] localhost:8080/imooc_o2o/public/index.php/bis/register/regist.html [运行时间：0.261354s][吞吐率：3.83req/s] [内存消耗：3,855.94kb] [文件加载：48]
[ info ] [ LANG ] G:\php\Apache24\htdocs\imooc_o2o\thinkphp\lang\zh-cn.php
[ info ] [ ROUTE ] array (
  'type' => 'module',
  'module' => 
  array (
    0 => 'bis',
    1 => 'register',
    2 => 'regist',
  ),
)
[ info ] [ HEADER ] array (
  'host' => 'localhost:8080',
  'user-agent' => 'Mozilla/5.0 (Windows NT 10.0; WOW64; rv:59.0) Gecko/20100101 Firefox/59.0',
  'accept' => 'text/html,application/xhtml+xml,application/xml;q=0.9,*/*;q=0.8',
  'accept-language' => 'zh-CN,zh;q=0.8,zh-TW;q=0.7,zh-HK;q=0.5,en-US;q=0.3,en;q=0.2',
  'accept-encoding' => 'gzip, deflate',
  'referer' => 'http://localhost:8080/imooc_o2o/public/index.php/bis/register/index.html',
  'content-type' => 'application/x-www-form-urlencoded',
  'content-length' => '187',
  'cookie' => 'PHPSESSID=8kvjmrl1dqotue3h4mumj5dg41',
  'connection' => 'keep-alive',
  'upgrade-insecure-requests' => '1',
)
[ info ] [ PARAM ] array (
  'name' => 'saa',
  'city_id' => '0',
  'se_city_id' => '0',
  'logo' => '',
  'licence_logo' => '',
  'bank_info' => '',
  'bank_name' => '',
  'bank_user' => '',
  'faren' => '',
  'faren_tel' => '',
  'email' => 'sas',
  'tel' => '',
  'contact' => '',
  'category_id' => '0',
  'address' => '',
  'open_time' => '',
  'username' => 'sasa',
  'password' => 'sas',
)
[ info ] [ RUN ] app\bis\controller\Register->regist[ G:\php\Apache24\htdocs\imooc_o2o\application\bis\controller\Register.php ]
[ info ] [ DB ] INIT mysql
[ info ] [ VIEW ] G:\php\Apache24\htdocs\imooc_o2o\thinkphp\tpl\dispatch_jump.tpl [ array (
  0 => 'code',
  1 => 'msg',
  2 => 'data',
  3 => 'url',
  4 => 'wait',
) ]
[ info ] [ LOG ] INIT File
[ sql ] [ DB ] CONNECT:[ UseTime:0.001429s ] mysql:dbname=imooc_o2o;host=127.0.0.1;port=3306;charset=utf8
[ sql ] [ SQL ] SHOW COLUMNS FROM `o2o_bis_account` [ RunTime:0.024373s ]
[ sql ] [ SQL ] SELECT * FROM `o2o_bis_account` WHERE  `username` = 'sasa' LIMIT 1 [ RunTime:0.001132s ]

---------------------------------------------------------------
[ 2018-04-13T08:41:13+08:00 ] ::1 ::1 POST /imooc_o2o/public/index.php/bis/register/regist.html
[ log ] localhost:8080/imooc_o2o/public/index.php/bis/register/regist.html [运行时间：0.176734s][吞吐率：5.66req/s] [内存消耗：3,855.94kb] [文件加载：48]
[ info ] [ LANG ] G:\php\Apache24\htdocs\imooc_o2o\thinkphp\lang\zh-cn.php
[ info ] [ ROUTE ] array (
  'type' => 'module',
  'module' => 
  array (
    0 => 'bis',
    1 => 'register',
    2 => 'regist',
  ),
)
[ info ] [ HEADER ] array (
  'host' => 'localhost:8080',
  'user-agent' => 'Mozilla/5.0 (Windows NT 10.0; WOW64; rv:59.0) Gecko/20100101 Firefox/59.0',
  'accept' => 'text/html,application/xhtml+xml,application/xml;q=0.9,*/*;q=0.8',
  'accept-language' => 'zh-CN,zh;q=0.8,zh-TW;q=0.7,zh-HK;q=0.5,en-US;q=0.3,en;q=0.2',
  'accept-encoding' => 'gzip, deflate',
  'referer' => 'http://localhost:8080/imooc_o2o/public/index.php/bis/register/index.html',
  'content-type' => 'application/x-www-form-urlencoded',
  'content-length' => '187',
  'cookie' => 'PHPSESSID=8kvjmrl1dqotue3h4mumj5dg41',
  'connection' => 'keep-alive',
  'upgrade-insecure-requests' => '1',
)
[ info ] [ PARAM ] array (
  'name' => 'saa',
  'city_id' => '0',
  'se_city_id' => '0',
  'logo' => '',
  'licence_logo' => '',
  'bank_info' => '',
  'bank_name' => '',
  'bank_user' => '',
  'faren' => '',
  'faren_tel' => '',
  'email' => 'sas',
  'tel' => '',
  'contact' => '',
  'category_id' => '0',
  'address' => '',
  'open_time' => '',
  'username' => 'sasa',
  'password' => 'sas',
)
[ info ] [ RUN ] app\bis\controller\Register->regist[ G:\php\Apache24\htdocs\imooc_o2o\application\bis\controller\Register.php ]
[ info ] [ DB ] INIT mysql
[ info ] [ VIEW ] G:\php\Apache24\htdocs\imooc_o2o\thinkphp\tpl\dispatch_jump.tpl [ array (
  0 => 'code',
  1 => 'msg',
  2 => 'data',
  3 => 'url',
  4 => 'wait',
) ]
[ info ] [ LOG ] INIT File
[ sql ] [ DB ] CONNECT:[ UseTime:0.001246s ] mysql:dbname=imooc_o2o;host=127.0.0.1;port=3306;charset=utf8
[ sql ] [ SQL ] SHOW COLUMNS FROM `o2o_bis_account` [ RunTime:0.009351s ]
[ sql ] [ SQL ] SELECT * FROM `o2o_bis_account` WHERE  `username` = 'sasa' LIMIT 1 [ RunTime:0.001115s ]

---------------------------------------------------------------
[ 2018-04-13T08:41:26+08:00 ] ::1 ::1 POST /imooc_o2o/public/index.php/bis/register/regist.html
[ log ] localhost:8080/imooc_o2o/public/index.php/bis/register/regist.html [运行时间：0.149891s][吞吐率：6.67req/s] [内存消耗：3,855.94kb] [文件加载：48]
[ info ] [ LANG ] G:\php\Apache24\htdocs\imooc_o2o\thinkphp\lang\zh-cn.php
[ info ] [ ROUTE ] array (
  'type' => 'module',
  'module' => 
  array (
    0 => 'bis',
    1 => 'register',
    2 => 'regist',
  ),
)
[ info ] [ HEADER ] array (
  'host' => 'localhost:8080',
  'user-agent' => 'Mozilla/5.0 (Windows NT 10.0; WOW64; rv:59.0) Gecko/20100101 Firefox/59.0',
  'accept' => 'text/html,application/xhtml+xml,application/xml;q=0.9,*/*;q=0.8',
  'accept-language' => 'zh-CN,zh;q=0.8,zh-TW;q=0.7,zh-HK;q=0.5,en-US;q=0.3,en;q=0.2',
  'accept-encoding' => 'gzip, deflate',
  'referer' => 'http://localhost:8080/imooc_o2o/public/index.php/bis/register/index.html',
  'content-type' => 'application/x-www-form-urlencoded',
  'content-length' => '187',
  'cookie' => 'PHPSESSID=8kvjmrl1dqotue3h4mumj5dg41',
  'connection' => 'keep-alive',
  'upgrade-insecure-requests' => '1',
)
[ info ] [ PARAM ] array (
  'name' => 'saa',
  'city_id' => '0',
  'se_city_id' => '0',
  'logo' => '',
  'licence_logo' => '',
  'bank_info' => '',
  'bank_name' => '',
  'bank_user' => '',
  'faren' => '',
  'faren_tel' => '',
  'email' => 'sas',
  'tel' => '',
  'contact' => '',
  'category_id' => '0',
  'address' => '',
  'open_time' => '',
  'username' => 'sasa',
  'password' => 'sas',
)
[ info ] [ RUN ] app\bis\controller\Register->regist[ G:\php\Apache24\htdocs\imooc_o2o\application\bis\controller\Register.php ]
[ info ] [ DB ] INIT mysql
[ info ] [ VIEW ] G:\php\Apache24\htdocs\imooc_o2o\thinkphp\tpl\dispatch_jump.tpl [ array (
  0 => 'code',
  1 => 'msg',
  2 => 'data',
  3 => 'url',
  4 => 'wait',
) ]
[ info ] [ LOG ] INIT File
[ sql ] [ DB ] CONNECT:[ UseTime:0.000976s ] mysql:dbname=imooc_o2o;host=127.0.0.1;port=3306;charset=utf8
[ sql ] [ SQL ] SHOW COLUMNS FROM `o2o_bis_account` [ RunTime:0.008582s ]
[ sql ] [ SQL ] SELECT * FROM `o2o_bis_account` WHERE  `username` = 'sasa' LIMIT 1 [ RunTime:0.001221s ]

---------------------------------------------------------------
[ 2018-04-13T08:43:01+08:00 ] ::1 ::1 POST /imooc_o2o/public/index.php/bis/register/regist.html
[ log ] localhost:8080/imooc_o2o/public/index.php/bis/register/regist.html [运行时间：0.234779s][吞吐率：4.26req/s] [内存消耗：3,856.74kb] [文件加载：48]
[ info ] [ LANG ] G:\php\Apache24\htdocs\imooc_o2o\thinkphp\lang\zh-cn.php
[ info ] [ ROUTE ] array (
  'type' => 'module',
  'module' => 
  array (
    0 => 'bis',
    1 => 'register',
    2 => 'regist',
  ),
)
[ info ] [ HEADER ] array (
  'host' => 'localhost:8080',
  'user-agent' => 'Mozilla/5.0 (Windows NT 10.0; WOW64; rv:59.0) Gecko/20100101 Firefox/59.0',
  'accept' => 'text/html,application/xhtml+xml,application/xml;q=0.9,*/*;q=0.8',
  'accept-language' => 'zh-CN,zh;q=0.8,zh-TW;q=0.7,zh-HK;q=0.5,en-US;q=0.3,en;q=0.2',
  'accept-encoding' => 'gzip, deflate',
  'referer' => 'http://localhost:8080/imooc_o2o/public/index.php/bis/register/index.html',
  'content-type' => 'application/x-www-form-urlencoded',
  'content-length' => '577',
  'cookie' => 'PHPSESSID=8kvjmrl1dqotue3h4mumj5dg41',
  'connection' => 'keep-alive',
  'upgrade-insecure-requests' => '1',
)
[ info ] [ PARAM ] array (
  'name' => 'saa',
  'city_id' => '0',
  'se_city_id' => '0',
  'logo' => '',
  'licence_logo' => '',
  'bank_info' => '1231231321',
  'bank_name' => '离火神很高',
  'bank_user' => '颠三倒四',
  'faren' => '倒萨倒萨',
  'faren_tel' => '1231545',
  'email' => 'sas',
  'tel' => '1231321',
  'contact' => '当时的发生地方',
  'category_id' => '',
  'address' => '多洒大地',
  'open_time' => '大苏打',
  'username' => 'sasa',
  'password' => '大苏打',
  'description' => '<p>dsda<br/></p>',
  'content' => '<p>萨达<br/></p>',
)
[ info ] [ RUN ] app\bis\controller\Register->regist[ G:\php\Apache24\htdocs\imooc_o2o\application\bis\controller\Register.php ]
[ info ] [ DB ] INIT mysql
[ info ] [ VIEW ] G:\php\Apache24\htdocs\imooc_o2o\thinkphp\tpl\dispatch_jump.tpl [ array (
  0 => 'code',
  1 => 'msg',
  2 => 'data',
  3 => 'url',
  4 => 'wait',
) ]
[ info ] [ LOG ] INIT File
[ sql ] [ DB ] CONNECT:[ UseTime:0.010139s ] mysql:dbname=imooc_o2o;host=127.0.0.1;port=3306;charset=utf8
[ sql ] [ SQL ] SHOW COLUMNS FROM `o2o_bis_account` [ RunTime:0.010269s ]
[ sql ] [ SQL ] SELECT * FROM `o2o_bis_account` WHERE  `username` = 'sasa' LIMIT 1 [ RunTime:0.001436s ]

---------------------------------------------------------------
[ 2018-04-13T08:52:01+08:00 ] ::1 ::1 GET /imooc_o2o/public/index.php/bis/register/index.html
[ log ] localhost:8080/imooc_o2o/public/index.php/bis/register/index.html [运行时间：0.286516s][吞吐率：3.49req/s] [内存消耗：4,090.11kb] [文件加载：52]
[ info ] [ LANG ] G:\php\Apache24\htdocs\imooc_o2o\thinkphp\lang\zh-cn.php
[ info ] [ ROUTE ] array (
  'type' => 'module',
  'module' => 
  array (
    0 => 'bis',
    1 => 'register',
    2 => 'index',
  ),
)
[ info ] [ HEADER ] array (
  'host' => 'localhost:8080',
  'user-agent' => 'Mozilla/5.0 (Windows NT 10.0; WOW64; rv:59.0) Gecko/20100101 Firefox/59.0',
  'accept' => 'text/html,application/xhtml+xml,application/xml;q=0.9,*/*;q=0.8',
  'accept-language' => 'zh-CN,zh;q=0.8,zh-TW;q=0.7,zh-HK;q=0.5,en-US;q=0.3,en;q=0.2',
  'accept-encoding' => 'gzip, deflate',
  'cookie' => 'PHPSESSID=8kvjmrl1dqotue3h4mumj5dg41',
  'connection' => 'keep-alive',
  'upgrade-insecure-requests' => '1',
)
[ info ] [ PARAM ] array (
)
[ info ] [ RUN ] app\bis\controller\Register->index[ G:\php\Apache24\htdocs\imooc_o2o\application\bis\controller\Register.php ]
[ info ] [ DB ] INIT mysql
[ info ] [ VIEW ] G:\php\Apache24\htdocs\imooc_o2o\public/../application/bis\view\register\index.html [ array (
  0 => 'city',
  1 => 'category',
) ]
[ info ] [ LOG ] INIT File
[ sql ] [ DB ] CONNECT:[ UseTime:0.002125s ] mysql:dbname=imooc_o2o;host=127.0.0.1;port=3306;charset=utf8
[ sql ] [ SQL ] SHOW COLUMNS FROM `o2o_city` [ RunTime:0.010830s ]
[ sql ] [ SQL ] SELECT * FROM `o2o_city` WHERE  `status` <> -1  AND `parent_id` = 0 ORDER BY `id`  asc [ RunTime:0.002861s ]
[ sql ] [ SQL ] SHOW COLUMNS FROM `o2o_category` [ RunTime:0.025775s ]
[ sql ] [ SQL ] SELECT * FROM `o2o_category` WHERE  `status` <> -1  AND `parent_id` = 0 ORDER BY `listorder`  desc,`id`  desc [ RunTime:0.002046s ]
[ error ] [8]未定义变量: categories[G:\php\Apache24\htdocs\imooc_o2o\runtime\temp\7a3a06f474c8048d5242c5292ada54d2.php:142]

---------------------------------------------------------------
[ 2018-04-13T08:52:05+08:00 ] ::1 ::1 GET /imooc_o2o/public/index.php/bis/register/index.html
[ log ] localhost:8080/imooc_o2o/public/index.php/bis/register/index.html [运行时间：0.225528s][吞吐率：4.43req/s] [内存消耗：3,857.18kb] [文件加载：50]
[ info ] [ LANG ] G:\php\Apache24\htdocs\imooc_o2o\thinkphp\lang\zh-cn.php
[ info ] [ ROUTE ] array (
  'type' => 'module',
  'module' => 
  array (
    0 => 'bis',
    1 => 'register',
    2 => 'index',
  ),
)
[ info ] [ HEADER ] array (
  'host' => 'localhost:8080',
  'user-agent' => 'Mozilla/5.0 (Windows NT 10.0; WOW64; rv:59.0) Gecko/20100101 Firefox/59.0',
  'accept' => 'text/html,application/xhtml+xml,application/xml;q=0.9,*/*;q=0.8',
  'accept-language' => 'zh-CN,zh;q=0.8,zh-TW;q=0.7,zh-HK;q=0.5,en-US;q=0.3,en;q=0.2',
  'accept-encoding' => 'gzip, deflate',
  'cookie' => 'PHPSESSID=8kvjmrl1dqotue3h4mumj5dg41',
  'connection' => 'keep-alive',
  'upgrade-insecure-requests' => '1',
)
[ info ] [ PARAM ] array (
)
[ info ] [ RUN ] app\bis\controller\Register->index[ G:\php\Apache24\htdocs\imooc_o2o\application\bis\controller\Register.php ]
[ info ] [ DB ] INIT mysql
[ info ] [ VIEW ] G:\php\Apache24\htdocs\imooc_o2o\public/../application/bis\view\register\index.html [ array (
  0 => 'city',
  1 => 'category',
) ]
[ info ] [ LOG ] INIT File
[ sql ] [ DB ] CONNECT:[ UseTime:0.013711s ] mysql:dbname=imooc_o2o;host=127.0.0.1;port=3306;charset=utf8
[ sql ] [ SQL ] SHOW COLUMNS FROM `o2o_city` [ RunTime:0.014698s ]
[ sql ] [ SQL ] SELECT * FROM `o2o_city` WHERE  `status` <> -1  AND `parent_id` = 0 ORDER BY `id`  asc [ RunTime:0.001596s ]
[ sql ] [ SQL ] SHOW COLUMNS FROM `o2o_category` [ RunTime:0.009353s ]
[ sql ] [ SQL ] SELECT * FROM `o2o_category` WHERE  `status` <> -1  AND `parent_id` = 0 ORDER BY `listorder`  desc,`id`  desc [ RunTime:0.001619s ]
[ error ] [8]未定义变量: categories[G:\php\Apache24\htdocs\imooc_o2o\runtime\temp\7a3a06f474c8048d5242c5292ada54d2.php:142]

---------------------------------------------------------------
[ 2018-04-13T08:55:14+08:00 ] ::1 ::1 GET /imooc_o2o/public/index.php/bis/register/index.html
[ log ] localhost:8080/imooc_o2o/public/index.php/bis/register/index.html [运行时间：0.177885s][吞吐率：5.62req/s] [内存消耗：3,970.39kb] [文件加载：48]
[ info ] [ LANG ] G:\php\Apache24\htdocs\imooc_o2o\thinkphp\lang\zh-cn.php
[ info ] [ ROUTE ] array (
  'type' => 'module',
  'module' => 
  array (
    0 => 'bis',
    1 => 'register',
    2 => 'index',
  ),
)
[ info ] [ HEADER ] array (
  'host' => 'localhost:8080',
  'user-agent' => 'Mozilla/5.0 (Windows NT 10.0; WOW64; rv:59.0) Gecko/20100101 Firefox/59.0',
  'accept' => 'text/html,application/xhtml+xml,application/xml;q=0.9,*/*;q=0.8',
  'accept-language' => 'zh-CN,zh;q=0.8,zh-TW;q=0.7,zh-HK;q=0.5,en-US;q=0.3,en;q=0.2',
  'accept-encoding' => 'gzip, deflate',
  'cookie' => 'PHPSESSID=8kvjmrl1dqotue3h4mumj5dg41',
  'connection' => 'keep-alive',
  'upgrade-insecure-requests' => '1',
)
[ info ] [ PARAM ] array (
)
[ info ] [ RUN ] app\bis\controller\Register->index[ G:\php\Apache24\htdocs\imooc_o2o\application\bis\controller\Register.php ]
[ info ] [ DB ] INIT mysql
[ info ] [ VIEW ] G:\php\Apache24\htdocs\imooc_o2o\public/../application/bis\view\register\index.html [ array (
  0 => 'city',
  1 => 'category',
) ]
[ info ] [ LOG ] INIT File
[ sql ] [ DB ] CONNECT:[ UseTime:0.001365s ] mysql:dbname=imooc_o2o;host=127.0.0.1;port=3306;charset=utf8
[ sql ] [ SQL ] SHOW COLUMNS FROM `o2o_city` [ RunTime:0.010044s ]
[ sql ] [ SQL ] SELECT * FROM `o2o_city` WHERE  `status` <> -1  AND `parent_id` = 0 ORDER BY `id`  asc [ RunTime:0.002417s ]
[ sql ] [ SQL ] SHOW COLUMNS FROM `o2o_category` [ RunTime:0.009130s ]
[ sql ] [ SQL ] SELECT * FROM `o2o_category` WHERE  `status` <> -1  AND `parent_id` = 0 ORDER BY `listorder`  desc,`id`  desc [ RunTime:0.008587s ]

---------------------------------------------------------------
[ 2018-04-13T09:01:40+08:00 ] ::1 ::1 GET /imooc_o2o/public/index.php/bis/register/index.html
[ log ] localhost:8080/imooc_o2o/public/index.php/bis/register/index.html [运行时间：0.187267s][吞吐率：5.34req/s] [内存消耗：3,970.77kb] [文件加载：48]
[ info ] [ LANG ] G:\php\Apache24\htdocs\imooc_o2o\thinkphp\lang\zh-cn.php
[ info ] [ ROUTE ] array (
  'type' => 'module',
  'module' => 
  array (
    0 => 'bis',
    1 => 'register',
    2 => 'index',
  ),
)
[ info ] [ HEADER ] array (
  'host' => 'localhost:8080',
  'user-agent' => 'Mozilla/5.0 (Windows NT 10.0; WOW64; rv:59.0) Gecko/20100101 Firefox/59.0',
  'accept' => 'text/html,application/xhtml+xml,application/xml;q=0.9,*/*;q=0.8',
  'accept-language' => 'zh-CN,zh;q=0.8,zh-TW;q=0.7,zh-HK;q=0.5,en-US;q=0.3,en;q=0.2',
  'accept-encoding' => 'gzip, deflate',
  'cookie' => 'PHPSESSID=8kvjmrl1dqotue3h4mumj5dg41',
  'connection' => 'keep-alive',
  'upgrade-insecure-requests' => '1',
)
[ info ] [ PARAM ] array (
)
[ info ] [ RUN ] app\bis\controller\Register->index[ G:\php\Apache24\htdocs\imooc_o2o\application\bis\controller\Register.php ]
[ info ] [ DB ] INIT mysql
[ info ] [ VIEW ] G:\php\Apache24\htdocs\imooc_o2o\public/../application/bis\view\register\index.html [ array (
  0 => 'city',
  1 => 'category',
) ]
[ info ] [ LOG ] INIT File
[ sql ] [ DB ] CONNECT:[ UseTime:0.001467s ] mysql:dbname=imooc_o2o;host=127.0.0.1;port=3306;charset=utf8
[ sql ] [ SQL ] SHOW COLUMNS FROM `o2o_city` [ RunTime:0.020969s ]
[ sql ] [ SQL ] SELECT * FROM `o2o_city` WHERE  `status` <> -1  AND `parent_id` = 0 ORDER BY `id`  asc [ RunTime:0.001417s ]
[ sql ] [ SQL ] SHOW COLUMNS FROM `o2o_category` [ RunTime:0.011037s ]
[ sql ] [ SQL ] SELECT * FROM `o2o_category` WHERE  `status` <> -1  AND `parent_id` = 0 ORDER BY `listorder`  desc,`id`  desc [ RunTime:0.002005s ]

---------------------------------------------------------------
[ 2018-04-13T09:01:42+08:00 ] ::1 ::1 POST /imooc_o2o/public/index.php/bis/register/getregister.html
[ log ] localhost:8080/imooc_o2o/public/index.php/bis/register/getregister.html [运行时间：0.066707s][吞吐率：14.99req/s] [内存消耗：2,050.32kb] [文件加载：37]
[ info ] [ LANG ] G:\php\Apache24\htdocs\imooc_o2o\thinkphp\lang\zh-cn.php
[ info ] [ ROUTE ] array (
  'type' => 'module',
  'module' => 
  array (
    0 => 'bis',
    1 => 'register',
    2 => 'getregister',
  ),
)
[ info ] [ HEADER ] array (
  'host' => 'localhost:8080',
  'user-agent' => 'Mozilla/5.0 (Windows NT 10.0; WOW64; rv:59.0) Gecko/20100101 Firefox/59.0',
  'accept' => 'application/json, text/javascript, */*; q=0.01',
  'accept-language' => 'zh-CN,zh;q=0.8,zh-TW;q=0.7,zh-HK;q=0.5,en-US;q=0.3,en;q=0.2',
  'accept-encoding' => 'gzip, deflate',
  'referer' => 'http://localhost:8080/imooc_o2o/public/index.php/bis/register/index.html',
  'content-type' => 'application/x-www-form-urlencoded; charset=UTF-8',
  'x-requested-with' => 'XMLHttpRequest',
  'content-length' => '4',
  'cookie' => 'PHPSESSID=8kvjmrl1dqotue3h4mumj5dg41',
  'connection' => 'keep-alive',
)
[ info ] [ PARAM ] array (
  'id' => '1',
)
[ info ] [ LOG ] INIT File

---------------------------------------------------------------
[ 2018-04-13T09:01:49+08:00 ] ::1 ::1 POST /imooc_o2o/public/index.php/bis/register/getregister.html
[ log ] localhost:8080/imooc_o2o/public/index.php/bis/register/getregister.html [运行时间：0.047818s][吞吐率：20.91req/s] [内存消耗：2,050.32kb] [文件加载：37]
[ info ] [ LANG ] G:\php\Apache24\htdocs\imooc_o2o\thinkphp\lang\zh-cn.php
[ info ] [ ROUTE ] array (
  'type' => 'module',
  'module' => 
  array (
    0 => 'bis',
    1 => 'register',
    2 => 'getregister',
  ),
)
[ info ] [ HEADER ] array (
  'host' => 'localhost:8080',
  'user-agent' => 'Mozilla/5.0 (Windows NT 10.0; WOW64; rv:59.0) Gecko/20100101 Firefox/59.0',
  'accept' => 'application/json, text/javascript, */*; q=0.01',
  'accept-language' => 'zh-CN,zh;q=0.8,zh-TW;q=0.7,zh-HK;q=0.5,en-US;q=0.3,en;q=0.2',
  'accept-encoding' => 'gzip, deflate',
  'referer' => 'http://localhost:8080/imooc_o2o/public/index.php/bis/register/index.html',
  'content-type' => 'application/x-www-form-urlencoded; charset=UTF-8',
  'x-requested-with' => 'XMLHttpRequest',
  'content-length' => '4',
  'cookie' => 'PHPSESSID=8kvjmrl1dqotue3h4mumj5dg41',
  'connection' => 'keep-alive',
)
[ info ] [ PARAM ] array (
  'id' => '3',
)
[ info ] [ LOG ] INIT File

---------------------------------------------------------------
[ 2018-04-13T09:04:24+08:00 ] ::1 ::1 GET /imooc_o2o/public/index.php/bis/register/index.html
[ log ] localhost:8080/imooc_o2o/public/index.php/bis/register/index.html [运行时间：0.256432s][吞吐率：3.90req/s] [内存消耗：3,737.94kb] [文件加载：46]
[ info ] [ LANG ] G:\php\Apache24\htdocs\imooc_o2o\thinkphp\lang\zh-cn.php
[ info ] [ ROUTE ] array (
  'type' => 'module',
  'module' => 
  array (
    0 => 'bis',
    1 => 'register',
    2 => 'index',
  ),
)
[ info ] [ HEADER ] array (
  'host' => 'localhost:8080',
  'user-agent' => 'Mozilla/5.0 (Windows NT 10.0; WOW64; rv:59.0) Gecko/20100101 Firefox/59.0',
  'accept' => 'text/html,application/xhtml+xml,application/xml;q=0.9,*/*;q=0.8',
  'accept-language' => 'zh-CN,zh;q=0.8,zh-TW;q=0.7,zh-HK;q=0.5,en-US;q=0.3,en;q=0.2',
  'accept-encoding' => 'gzip, deflate',
  'cookie' => 'PHPSESSID=8kvjmrl1dqotue3h4mumj5dg41',
  'connection' => 'keep-alive',
  'upgrade-insecure-requests' => '1',
)
[ info ] [ PARAM ] array (
)
[ info ] [ RUN ] app\bis\controller\Register->index[ G:\php\Apache24\htdocs\imooc_o2o\application\bis\controller\Register.php ]
[ info ] [ DB ] INIT mysql
[ info ] [ VIEW ] G:\php\Apache24\htdocs\imooc_o2o\public/../application/bis\view\register\index.html [ array (
  0 => 'city',
  1 => 'category',
) ]
[ info ] [ LOG ] INIT File
[ sql ] [ DB ] CONNECT:[ UseTime:0.002736s ] mysql:dbname=imooc_o2o;host=127.0.0.1;port=3306;charset=utf8
[ sql ] [ SQL ] SHOW COLUMNS FROM `o2o_city` [ RunTime:0.016127s ]
[ sql ] [ SQL ] SELECT * FROM `o2o_city` WHERE  `status` <> -1  AND `parent_id` = 0 ORDER BY `id`  asc [ RunTime:0.001930s ]
[ sql ] [ SQL ] SHOW COLUMNS FROM `o2o_category` [ RunTime:0.009248s ]
[ sql ] [ SQL ] SELECT * FROM `o2o_category` WHERE  `status` <> -1  AND `parent_id` = 0 ORDER BY `listorder`  desc,`id`  desc [ RunTime:0.001495s ]

---------------------------------------------------------------
[ 2018-04-13T09:04:26+08:00 ] ::1 ::1 POST /imooc_o2o/public/index.php/bis/register/getregister.html
[ log ] localhost:8080/imooc_o2o/public/index.php/bis/register/getregister.html [运行时间：0.121823s][吞吐率：8.21req/s] [内存消耗：2,050.32kb] [文件加载：37]
[ info ] [ LANG ] G:\php\Apache24\htdocs\imooc_o2o\thinkphp\lang\zh-cn.php
[ info ] [ ROUTE ] array (
  'type' => 'module',
  'module' => 
  array (
    0 => 'bis',
    1 => 'register',
    2 => 'getregister',
  ),
)
[ info ] [ HEADER ] array (
  'host' => 'localhost:8080',
  'user-agent' => 'Mozilla/5.0 (Windows NT 10.0; WOW64; rv:59.0) Gecko/20100101 Firefox/59.0',
  'accept' => 'application/json, text/javascript, */*; q=0.01',
  'accept-language' => 'zh-CN,zh;q=0.8,zh-TW;q=0.7,zh-HK;q=0.5,en-US;q=0.3,en;q=0.2',
  'accept-encoding' => 'gzip, deflate',
  'referer' => 'http://localhost:8080/imooc_o2o/public/index.php/bis/register/index.html',
  'content-type' => 'application/x-www-form-urlencoded; charset=UTF-8',
  'x-requested-with' => 'XMLHttpRequest',
  'content-length' => '4',
  'cookie' => 'PHPSESSID=8kvjmrl1dqotue3h4mumj5dg41',
  'connection' => 'keep-alive',
)
[ info ] [ PARAM ] array (
  'id' => '1',
)
[ info ] [ LOG ] INIT File

---------------------------------------------------------------
[ 2018-04-13T09:04:34+08:00 ] ::1 ::1 POST /imooc_o2o/public/index.php/bis/register/getcategories.html
[ log ] localhost:8080/imooc_o2o/public/index.php/bis/register/getcategories.html [运行时间：0.100055s][吞吐率：9.99req/s] [内存消耗：3,560.41kb] [文件加载：45]
[ info ] [ LANG ] G:\php\Apache24\htdocs\imooc_o2o\thinkphp\lang\zh-cn.php
[ info ] [ ROUTE ] array (
  'type' => 'module',
  'module' => 
  array (
    0 => 'bis',
    1 => 'register',
    2 => 'getcategories',
  ),
)
[ info ] [ HEADER ] array (
  'host' => 'localhost:8080',
  'user-agent' => 'Mozilla/5.0 (Windows NT 10.0; WOW64; rv:59.0) Gecko/20100101 Firefox/59.0',
  'accept' => 'application/json, text/javascript, */*; q=0.01',
  'accept-language' => 'zh-CN,zh;q=0.8,zh-TW;q=0.7,zh-HK;q=0.5,en-US;q=0.3,en;q=0.2',
  'accept-encoding' => 'gzip, deflate',
  'referer' => 'http://localhost:8080/imooc_o2o/public/index.php/bis/register/index.html',
  'content-type' => 'application/x-www-form-urlencoded; charset=UTF-8',
  'x-requested-with' => 'XMLHttpRequest',
  'content-length' => '5',
  'cookie' => 'PHPSESSID=8kvjmrl1dqotue3h4mumj5dg41',
  'connection' => 'keep-alive',
)
[ info ] [ PARAM ] array (
  'id' => '16',
)
[ info ] [ RUN ] app\bis\controller\Register->getCategories[ G:\php\Apache24\htdocs\imooc_o2o\application\bis\controller\Register.php ]
[ info ] [ DB ] INIT mysql
[ info ] [ LOG ] INIT File
[ sql ] [ DB ] CONNECT:[ UseTime:0.000990s ] mysql:dbname=imooc_o2o;host=127.0.0.1;port=3306;charset=utf8
[ sql ] [ SQL ] SHOW COLUMNS FROM `o2o_category` [ RunTime:0.008180s ]
[ sql ] [ SQL ] SELECT * FROM `o2o_category` WHERE  `status` <> -1  AND `parent_id` = 16 ORDER BY `listorder`  desc,`id`  desc [ RunTime:0.001315s ]

---------------------------------------------------------------
[ 2018-04-13T09:04:37+08:00 ] ::1 ::1 POST /imooc_o2o/public/index.php/bis/register/getcategories.html
[ log ] localhost:8080/imooc_o2o/public/index.php/bis/register/getcategories.html [运行时间：0.075283s][吞吐率：13.28req/s] [内存消耗：3,560.95kb] [文件加载：45]
[ info ] [ LANG ] G:\php\Apache24\htdocs\imooc_o2o\thinkphp\lang\zh-cn.php
[ info ] [ ROUTE ] array (
  'type' => 'module',
  'module' => 
  array (
    0 => 'bis',
    1 => 'register',
    2 => 'getcategories',
  ),
)
[ info ] [ HEADER ] array (
  'host' => 'localhost:8080',
  'user-agent' => 'Mozilla/5.0 (Windows NT 10.0; WOW64; rv:59.0) Gecko/20100101 Firefox/59.0',
  'accept' => 'application/json, text/javascript, */*; q=0.01',
  'accept-language' => 'zh-CN,zh;q=0.8,zh-TW;q=0.7,zh-HK;q=0.5,en-US;q=0.3,en;q=0.2',
  'accept-encoding' => 'gzip, deflate',
  'referer' => 'http://localhost:8080/imooc_o2o/public/index.php/bis/register/index.html',
  'content-type' => 'application/x-www-form-urlencoded; charset=UTF-8',
  'x-requested-with' => 'XMLHttpRequest',
  'content-length' => '4',
  'cookie' => 'PHPSESSID=8kvjmrl1dqotue3h4mumj5dg41',
  'connection' => 'keep-alive',
)
[ info ] [ PARAM ] array (
  'id' => '2',
)
[ info ] [ RUN ] app\bis\controller\Register->getCategories[ G:\php\Apache24\htdocs\imooc_o2o\application\bis\controller\Register.php ]
[ info ] [ DB ] INIT mysql
[ info ] [ LOG ] INIT File
[ sql ] [ DB ] CONNECT:[ UseTime:0.000976s ] mysql:dbname=imooc_o2o;host=127.0.0.1;port=3306;charset=utf8
[ sql ] [ SQL ] SHOW COLUMNS FROM `o2o_category` [ RunTime:0.008458s ]
[ sql ] [ SQL ] SELECT * FROM `o2o_category` WHERE  `status` <> -1  AND `parent_id` = 2 ORDER BY `listorder`  desc,`id`  desc [ RunTime:0.001401s ]

---------------------------------------------------------------
[ 2018-04-13T09:04:57+08:00 ] ::1 ::1 GET /imooc_o2o/public/index.php/bis/register/index.html
[ log ] localhost:8080/imooc_o2o/public/index.php/bis/register/index.html [运行时间：0.370069s][吞吐率：2.70req/s] [内存消耗：3,970.26kb] [文件加载：48]
[ info ] [ LANG ] G:\php\Apache24\htdocs\imooc_o2o\thinkphp\lang\zh-cn.php
[ info ] [ ROUTE ] array (
  'type' => 'module',
  'module' => 
  array (
    0 => 'bis',
    1 => 'register',
    2 => 'index',
  ),
)
[ info ] [ HEADER ] array (
  'host' => 'localhost:8080',
  'user-agent' => 'Mozilla/5.0 (Windows NT 10.0; WOW64; rv:59.0) Gecko/20100101 Firefox/59.0',
  'accept' => 'text/html,application/xhtml+xml,application/xml;q=0.9,*/*;q=0.8',
  'accept-language' => 'zh-CN,zh;q=0.8,zh-TW;q=0.7,zh-HK;q=0.5,en-US;q=0.3,en;q=0.2',
  'accept-encoding' => 'gzip, deflate',
  'cookie' => 'PHPSESSID=8kvjmrl1dqotue3h4mumj5dg41',
  'connection' => 'keep-alive',
  'upgrade-insecure-requests' => '1',
)
[ info ] [ PARAM ] array (
)
[ info ] [ RUN ] app\bis\controller\Register->index[ G:\php\Apache24\htdocs\imooc_o2o\application\bis\controller\Register.php ]
[ info ] [ DB ] INIT mysql
[ info ] [ VIEW ] G:\php\Apache24\htdocs\imooc_o2o\public/../application/bis\view\register\index.html [ array (
  0 => 'city',
  1 => 'category',
) ]
[ info ] [ LOG ] INIT File
[ sql ] [ DB ] CONNECT:[ UseTime:0.151806s ] mysql:dbname=imooc_o2o;host=127.0.0.1;port=3306;charset=utf8
[ sql ] [ SQL ] SHOW COLUMNS FROM `o2o_city` [ RunTime:0.011185s ]
[ sql ] [ SQL ] SELECT * FROM `o2o_city` WHERE  `status` <> -1  AND `parent_id` = 0 ORDER BY `id`  asc [ RunTime:0.001644s ]
[ sql ] [ SQL ] SHOW COLUMNS FROM `o2o_category` [ RunTime:0.015760s ]
[ sql ] [ SQL ] SELECT * FROM `o2o_category` WHERE  `status` <> -1  AND `parent_id` = 0 ORDER BY `listorder`  desc,`id`  desc [ RunTime:0.001213s ]

---------------------------------------------------------------
[ 2018-04-13T09:04:59+08:00 ] ::1 ::1 GET /imooc_o2o/public/index.php/bis/register/index.html
[ log ] localhost:8080/imooc_o2o/public/index.php/bis/register/index.html [运行时间：0.127186s][吞吐率：7.86req/s] [内存消耗：3,737.92kb] [文件加载：46]
[ info ] [ LANG ] G:\php\Apache24\htdocs\imooc_o2o\thinkphp\lang\zh-cn.php
[ info ] [ ROUTE ] array (
  'type' => 'module',
  'module' => 
  array (
    0 => 'bis',
    1 => 'register',
    2 => 'index',
  ),
)
[ info ] [ HEADER ] array (
  'host' => 'localhost:8080',
  'user-agent' => 'Mozilla/5.0 (Windows NT 10.0; WOW64; rv:59.0) Gecko/20100101 Firefox/59.0',
  'accept' => 'text/html,application/xhtml+xml,application/xml;q=0.9,*/*;q=0.8',
  'accept-language' => 'zh-CN,zh;q=0.8,zh-TW;q=0.7,zh-HK;q=0.5,en-US;q=0.3,en;q=0.2',
  'accept-encoding' => 'gzip, deflate',
  'cookie' => 'PHPSESSID=8kvjmrl1dqotue3h4mumj5dg41',
  'connection' => 'keep-alive',
  'upgrade-insecure-requests' => '1',
)
[ info ] [ PARAM ] array (
)
[ info ] [ RUN ] app\bis\controller\Register->index[ G:\php\Apache24\htdocs\imooc_o2o\application\bis\controller\Register.php ]
[ info ] [ DB ] INIT mysql
[ info ] [ VIEW ] G:\php\Apache24\htdocs\imooc_o2o\public/../application/bis\view\register\index.html [ array (
  0 => 'city',
  1 => 'category',
) ]
[ info ] [ LOG ] INIT File
[ sql ] [ DB ] CONNECT:[ UseTime:0.001606s ] mysql:dbname=imooc_o2o;host=127.0.0.1;port=3306;charset=utf8
[ sql ] [ SQL ] SHOW COLUMNS FROM `o2o_city` [ RunTime:0.009079s ]
[ sql ] [ SQL ] SELECT * FROM `o2o_city` WHERE  `status` <> -1  AND `parent_id` = 0 ORDER BY `id`  asc [ RunTime:0.001239s ]
[ sql ] [ SQL ] SHOW COLUMNS FROM `o2o_category` [ RunTime:0.007906s ]
[ sql ] [ SQL ] SELECT * FROM `o2o_category` WHERE  `status` <> -1  AND `parent_id` = 0 ORDER BY `listorder`  desc,`id`  desc [ RunTime:0.002540s ]

---------------------------------------------------------------
[ 2018-04-13T09:06:54+08:00 ] ::1 ::1 GET /imooc_o2o/public/index.php/bis/register/index.html
[ log ] localhost:8080/imooc_o2o/public/index.php/bis/register/index.html [运行时间：0.128532s][吞吐率：7.78req/s] [内存消耗：3,970.70kb] [文件加载：48]
[ info ] [ LANG ] G:\php\Apache24\htdocs\imooc_o2o\thinkphp\lang\zh-cn.php
[ info ] [ ROUTE ] array (
  'type' => 'module',
  'module' => 
  array (
    0 => 'bis',
    1 => 'register',
    2 => 'index',
  ),
)
[ info ] [ HEADER ] array (
  'host' => 'localhost:8080',
  'user-agent' => 'Mozilla/5.0 (Windows NT 10.0; WOW64; rv:59.0) Gecko/20100101 Firefox/59.0',
  'accept' => 'text/html,application/xhtml+xml,application/xml;q=0.9,*/*;q=0.8',
  'accept-language' => 'zh-CN,zh;q=0.8,zh-TW;q=0.7,zh-HK;q=0.5,en-US;q=0.3,en;q=0.2',
  'accept-encoding' => 'gzip, deflate',
  'cookie' => 'PHPSESSID=8kvjmrl1dqotue3h4mumj5dg41',
  'connection' => 'keep-alive',
  'upgrade-insecure-requests' => '1',
)
[ info ] [ PARAM ] array (
)
[ info ] [ RUN ] app\bis\controller\Register->index[ G:\php\Apache24\htdocs\imooc_o2o\application\bis\controller\Register.php ]
[ info ] [ DB ] INIT mysql
[ info ] [ VIEW ] G:\php\Apache24\htdocs\imooc_o2o\public/../application/bis\view\register\index.html [ array (
  0 => 'city',
  1 => 'category',
) ]
[ info ] [ LOG ] INIT File
[ sql ] [ DB ] CONNECT:[ UseTime:0.001164s ] mysql:dbname=imooc_o2o;host=127.0.0.1;port=3306;charset=utf8
[ sql ] [ SQL ] SHOW COLUMNS FROM `o2o_city` [ RunTime:0.008263s ]
[ sql ] [ SQL ] SELECT * FROM `o2o_city` WHERE  `status` <> -1  AND `parent_id` = 0 ORDER BY `id`  asc [ RunTime:0.001384s ]
[ sql ] [ SQL ] SHOW COLUMNS FROM `o2o_category` [ RunTime:0.008482s ]
[ sql ] [ SQL ] SELECT * FROM `o2o_category` WHERE  `status` <> -1  AND `parent_id` = 0 ORDER BY `listorder`  desc,`id`  desc [ RunTime:0.001140s ]

---------------------------------------------------------------
[ 2018-04-13T09:06:56+08:00 ] ::1 ::1 GET /imooc_o2o/public/index.php/bis/register/index.html
[ log ] localhost:8080/imooc_o2o/public/index.php/bis/register/index.html [运行时间：0.221036s][吞吐率：4.52req/s] [内存消耗：3,737.90kb] [文件加载：46]
[ info ] [ LANG ] G:\php\Apache24\htdocs\imooc_o2o\thinkphp\lang\zh-cn.php
[ info ] [ ROUTE ] array (
  'type' => 'module',
  'module' => 
  array (
    0 => 'bis',
    1 => 'register',
    2 => 'index',
  ),
)
[ info ] [ HEADER ] array (
  'host' => 'localhost:8080',
  'user-agent' => 'Mozilla/5.0 (Windows NT 10.0; WOW64; rv:59.0) Gecko/20100101 Firefox/59.0',
  'accept' => 'text/html,application/xhtml+xml,application/xml;q=0.9,*/*;q=0.8',
  'accept-language' => 'zh-CN,zh;q=0.8,zh-TW;q=0.7,zh-HK;q=0.5,en-US;q=0.3,en;q=0.2',
  'accept-encoding' => 'gzip, deflate',
  'cookie' => 'PHPSESSID=8kvjmrl1dqotue3h4mumj5dg41',
  'connection' => 'keep-alive',
  'upgrade-insecure-requests' => '1',
)
[ info ] [ PARAM ] array (
)
[ info ] [ RUN ] app\bis\controller\Register->index[ G:\php\Apache24\htdocs\imooc_o2o\application\bis\controller\Register.php ]
[ info ] [ DB ] INIT mysql
[ info ] [ VIEW ] G:\php\Apache24\htdocs\imooc_o2o\public/../application/bis\view\register\index.html [ array (
  0 => 'city',
  1 => 'category',
) ]
[ info ] [ LOG ] INIT File
[ sql ] [ DB ] CONNECT:[ UseTime:0.008533s ] mysql:dbname=imooc_o2o;host=127.0.0.1;port=3306;charset=utf8
[ sql ] [ SQL ] SHOW COLUMNS FROM `o2o_city` [ RunTime:0.034701s ]
[ sql ] [ SQL ] SELECT * FROM `o2o_city` WHERE  `status` <> -1  AND `parent_id` = 0 ORDER BY `id`  asc [ RunTime:0.001319s ]
[ sql ] [ SQL ] SHOW COLUMNS FROM `o2o_category` [ RunTime:0.012094s ]
[ sql ] [ SQL ] SELECT * FROM `o2o_category` WHERE  `status` <> -1  AND `parent_id` = 0 ORDER BY `listorder`  desc,`id`  desc [ RunTime:0.001554s ]

---------------------------------------------------------------
[ 2018-04-13T09:06:58+08:00 ] ::1 ::1 POST /imooc_o2o/public/index.php/bis/register/getcategory.html
[ log ] localhost:8080/imooc_o2o/public/index.php/bis/register/getcategory.html [运行时间：0.087761s][吞吐率：11.39req/s] [内存消耗：3,562.21kb] [文件加载：45]
[ info ] [ LANG ] G:\php\Apache24\htdocs\imooc_o2o\thinkphp\lang\zh-cn.php
[ info ] [ ROUTE ] array (
  'type' => 'module',
  'module' => 
  array (
    0 => 'bis',
    1 => 'register',
    2 => 'getcategory',
  ),
)
[ info ] [ HEADER ] array (
  'host' => 'localhost:8080',
  'user-agent' => 'Mozilla/5.0 (Windows NT 10.0; WOW64; rv:59.0) Gecko/20100101 Firefox/59.0',
  'accept' => 'application/json, text/javascript, */*; q=0.01',
  'accept-language' => 'zh-CN,zh;q=0.8,zh-TW;q=0.7,zh-HK;q=0.5,en-US;q=0.3,en;q=0.2',
  'accept-encoding' => 'gzip, deflate',
  'referer' => 'http://localhost:8080/imooc_o2o/public/index.php/bis/register/index.html',
  'content-type' => 'application/x-www-form-urlencoded; charset=UTF-8',
  'x-requested-with' => 'XMLHttpRequest',
  'content-length' => '4',
  'cookie' => 'PHPSESSID=8kvjmrl1dqotue3h4mumj5dg41',
  'connection' => 'keep-alive',
)
[ info ] [ PARAM ] array (
  'id' => '1',
)
[ info ] [ RUN ] app\bis\controller\Register->getCategory[ G:\php\Apache24\htdocs\imooc_o2o\application\bis\controller\Register.php ]
[ info ] [ DB ] INIT mysql
[ info ] [ LOG ] INIT File
[ sql ] [ DB ] CONNECT:[ UseTime:0.000993s ] mysql:dbname=imooc_o2o;host=127.0.0.1;port=3306;charset=utf8
[ sql ] [ SQL ] SHOW COLUMNS FROM `o2o_city` [ RunTime:0.009976s ]
[ sql ] [ SQL ] SELECT * FROM `o2o_city` WHERE  `status` <> -1  AND `parent_id` = 1 ORDER BY `id`  asc [ RunTime:0.006615s ]

---------------------------------------------------------------
[ 2018-04-13T09:07:00+08:00 ] ::1 ::1 POST /imooc_o2o/public/index.php/bis/register/getcategory.html
[ log ] localhost:8080/imooc_o2o/public/index.php/bis/register/getcategory.html [运行时间：0.082643s][吞吐率：12.10req/s] [内存消耗：3,562.21kb] [文件加载：45]
[ info ] [ LANG ] G:\php\Apache24\htdocs\imooc_o2o\thinkphp\lang\zh-cn.php
[ info ] [ ROUTE ] array (
  'type' => 'module',
  'module' => 
  array (
    0 => 'bis',
    1 => 'register',
    2 => 'getcategory',
  ),
)
[ info ] [ HEADER ] array (
  'host' => 'localhost:8080',
  'user-agent' => 'Mozilla/5.0 (Windows NT 10.0; WOW64; rv:59.0) Gecko/20100101 Firefox/59.0',
  'accept' => 'application/json, text/javascript, */*; q=0.01',
  'accept-language' => 'zh-CN,zh;q=0.8,zh-TW;q=0.7,zh-HK;q=0.5,en-US;q=0.3,en;q=0.2',
  'accept-encoding' => 'gzip, deflate',
  'referer' => 'http://localhost:8080/imooc_o2o/public/index.php/bis/register/index.html',
  'content-type' => 'application/x-www-form-urlencoded; charset=UTF-8',
  'x-requested-with' => 'XMLHttpRequest',
  'content-length' => '4',
  'cookie' => 'PHPSESSID=8kvjmrl1dqotue3h4mumj5dg41',
  'connection' => 'keep-alive',
)
[ info ] [ PARAM ] array (
  'id' => '8',
)
[ info ] [ RUN ] app\bis\controller\Register->getCategory[ G:\php\Apache24\htdocs\imooc_o2o\application\bis\controller\Register.php ]
[ info ] [ DB ] INIT mysql
[ info ] [ LOG ] INIT File
[ sql ] [ DB ] CONNECT:[ UseTime:0.001040s ] mysql:dbname=imooc_o2o;host=127.0.0.1;port=3306;charset=utf8
[ sql ] [ SQL ] SHOW COLUMNS FROM `o2o_city` [ RunTime:0.008223s ]
[ sql ] [ SQL ] SELECT * FROM `o2o_city` WHERE  `status` <> -1  AND `parent_id` = 8 ORDER BY `id`  asc [ RunTime:0.001417s ]

---------------------------------------------------------------
[ 2018-04-13T09:07:02+08:00 ] ::1 ::1 POST /imooc_o2o/public/index.php/bis/register/getcategory.html
[ log ] localhost:8080/imooc_o2o/public/index.php/bis/register/getcategory.html [运行时间：0.080424s][吞吐率：12.43req/s] [内存消耗：3,563.90kb] [文件加载：45]
[ info ] [ LANG ] G:\php\Apache24\htdocs\imooc_o2o\thinkphp\lang\zh-cn.php
[ info ] [ ROUTE ] array (
  'type' => 'module',
  'module' => 
  array (
    0 => 'bis',
    1 => 'register',
    2 => 'getcategory',
  ),
)
[ info ] [ HEADER ] array (
  'host' => 'localhost:8080',
  'user-agent' => 'Mozilla/5.0 (Windows NT 10.0; WOW64; rv:59.0) Gecko/20100101 Firefox/59.0',
  'accept' => 'application/json, text/javascript, */*; q=0.01',
  'accept-language' => 'zh-CN,zh;q=0.8,zh-TW;q=0.7,zh-HK;q=0.5,en-US;q=0.3,en;q=0.2',
  'accept-encoding' => 'gzip, deflate',
  'referer' => 'http://localhost:8080/imooc_o2o/public/index.php/bis/register/index.html',
  'content-type' => 'application/x-www-form-urlencoded; charset=UTF-8',
  'x-requested-with' => 'XMLHttpRequest',
  'content-length' => '4',
  'cookie' => 'PHPSESSID=8kvjmrl1dqotue3h4mumj5dg41',
  'connection' => 'keep-alive',
)
[ info ] [ PARAM ] array (
  'id' => '3',
)
[ info ] [ RUN ] app\bis\controller\Register->getCategory[ G:\php\Apache24\htdocs\imooc_o2o\application\bis\controller\Register.php ]
[ info ] [ DB ] INIT mysql
[ info ] [ LOG ] INIT File
[ sql ] [ DB ] CONNECT:[ UseTime:0.001357s ] mysql:dbname=imooc_o2o;host=127.0.0.1;port=3306;charset=utf8
[ sql ] [ SQL ] SHOW COLUMNS FROM `o2o_city` [ RunTime:0.008864s ]
[ sql ] [ SQL ] SELECT * FROM `o2o_city` WHERE  `status` <> -1  AND `parent_id` = 3 ORDER BY `id`  asc [ RunTime:0.001313s ]

---------------------------------------------------------------
[ 2018-04-13T09:07:06+08:00 ] ::1 ::1 POST /imooc_o2o/public/index.php/bis/register/getcategories.html
[ log ] localhost:8080/imooc_o2o/public/index.php/bis/register/getcategories.html [运行时间：0.104348s][吞吐率：9.58req/s] [内存消耗：3,558.91kb] [文件加载：45]
[ info ] [ LANG ] G:\php\Apache24\htdocs\imooc_o2o\thinkphp\lang\zh-cn.php
[ info ] [ ROUTE ] array (
  'type' => 'module',
  'module' => 
  array (
    0 => 'bis',
    1 => 'register',
    2 => 'getcategories',
  ),
)
[ info ] [ HEADER ] array (
  'host' => 'localhost:8080',
  'user-agent' => 'Mozilla/5.0 (Windows NT 10.0; WOW64; rv:59.0) Gecko/20100101 Firefox/59.0',
  'accept' => 'application/json, text/javascript, */*; q=0.01',
  'accept-language' => 'zh-CN,zh;q=0.8,zh-TW;q=0.7,zh-HK;q=0.5,en-US;q=0.3,en;q=0.2',
  'accept-encoding' => 'gzip, deflate',
  'referer' => 'http://localhost:8080/imooc_o2o/public/index.php/bis/register/index.html',
  'content-type' => 'application/x-www-form-urlencoded; charset=UTF-8',
  'x-requested-with' => 'XMLHttpRequest',
  'content-length' => '5',
  'cookie' => 'PHPSESSID=8kvjmrl1dqotue3h4mumj5dg41',
  'connection' => 'keep-alive',
)
[ info ] [ PARAM ] array (
  'id' => '21',
)
[ info ] [ RUN ] app\bis\controller\Register->getCategories[ G:\php\Apache24\htdocs\imooc_o2o\application\bis\controller\Register.php ]
[ info ] [ DB ] INIT mysql
[ info ] [ LOG ] INIT File
[ sql ] [ DB ] CONNECT:[ UseTime:0.005861s ] mysql:dbname=imooc_o2o;host=127.0.0.1;port=3306;charset=utf8
[ sql ] [ SQL ] SHOW COLUMNS FROM `o2o_category` [ RunTime:0.007796s ]
[ sql ] [ SQL ] SELECT * FROM `o2o_category` WHERE  `status` <> -1  AND `parent_id` = 21 ORDER BY `listorder`  desc,`id`  desc [ RunTime:0.001679s ]

---------------------------------------------------------------
[ 2018-04-13T09:07:08+08:00 ] ::1 ::1 POST /imooc_o2o/public/index.php/bis/register/getcategories.html
[ log ] localhost:8080/imooc_o2o/public/index.php/bis/register/getcategories.html [运行时间：0.075173s][吞吐率：13.30req/s] [内存消耗：3,562.61kb] [文件加载：45]
[ info ] [ LANG ] G:\php\Apache24\htdocs\imooc_o2o\thinkphp\lang\zh-cn.php
[ info ] [ ROUTE ] array (
  'type' => 'module',
  'module' => 
  array (
    0 => 'bis',
    1 => 'register',
    2 => 'getcategories',
  ),
)
[ info ] [ HEADER ] array (
  'host' => 'localhost:8080',
  'user-agent' => 'Mozilla/5.0 (Windows NT 10.0; WOW64; rv:59.0) Gecko/20100101 Firefox/59.0',
  'accept' => 'application/json, text/javascript, */*; q=0.01',
  'accept-language' => 'zh-CN,zh;q=0.8,zh-TW;q=0.7,zh-HK;q=0.5,en-US;q=0.3,en;q=0.2',
  'accept-encoding' => 'gzip, deflate',
  'referer' => 'http://localhost:8080/imooc_o2o/public/index.php/bis/register/index.html',
  'content-type' => 'application/x-www-form-urlencoded; charset=UTF-8',
  'x-requested-with' => 'XMLHttpRequest',
  'content-length' => '4',
  'cookie' => 'PHPSESSID=8kvjmrl1dqotue3h4mumj5dg41',
  'connection' => 'keep-alive',
)
[ info ] [ PARAM ] array (
  'id' => '9',
)
[ info ] [ RUN ] app\bis\controller\Register->getCategories[ G:\php\Apache24\htdocs\imooc_o2o\application\bis\controller\Register.php ]
[ info ] [ DB ] INIT mysql
[ info ] [ LOG ] INIT File
[ sql ] [ DB ] CONNECT:[ UseTime:0.000977s ] mysql:dbname=imooc_o2o;host=127.0.0.1;port=3306;charset=utf8
[ sql ] [ SQL ] SHOW COLUMNS FROM `o2o_category` [ RunTime:0.007685s ]
[ sql ] [ SQL ] SELECT * FROM `o2o_category` WHERE  `status` <> -1  AND `parent_id` = 9 ORDER BY `listorder`  desc,`id`  desc [ RunTime:0.001363s ]

---------------------------------------------------------------
[ 2018-04-13T09:07:10+08:00 ] ::1 ::1 POST /imooc_o2o/public/index.php/bis/register/getcategories.html
[ log ] localhost:8080/imooc_o2o/public/index.php/bis/register/getcategories.html [运行时间：0.076833s][吞吐率：13.02req/s] [内存消耗：3,560.41kb] [文件加载：45]
[ info ] [ LANG ] G:\php\Apache24\htdocs\imooc_o2o\thinkphp\lang\zh-cn.php
[ info ] [ ROUTE ] array (
  'type' => 'module',
  'module' => 
  array (
    0 => 'bis',
    1 => 'register',
    2 => 'getcategories',
  ),
)
[ info ] [ HEADER ] array (
  'host' => 'localhost:8080',
  'user-agent' => 'Mozilla/5.0 (Windows NT 10.0; WOW64; rv:59.0) Gecko/20100101 Firefox/59.0',
  'accept' => 'application/json, text/javascript, */*; q=0.01',
  'accept-language' => 'zh-CN,zh;q=0.8,zh-TW;q=0.7,zh-HK;q=0.5,en-US;q=0.3,en;q=0.2',
  'accept-encoding' => 'gzip, deflate',
  'referer' => 'http://localhost:8080/imooc_o2o/public/index.php/bis/register/index.html',
  'content-type' => 'application/x-www-form-urlencoded; charset=UTF-8',
  'x-requested-with' => 'XMLHttpRequest',
  'content-length' => '5',
  'cookie' => 'PHPSESSID=8kvjmrl1dqotue3h4mumj5dg41',
  'connection' => 'keep-alive',
)
[ info ] [ PARAM ] array (
  'id' => '16',
)
[ info ] [ RUN ] app\bis\controller\Register->getCategories[ G:\php\Apache24\htdocs\imooc_o2o\application\bis\controller\Register.php ]
[ info ] [ DB ] INIT mysql
[ info ] [ LOG ] INIT File
[ sql ] [ DB ] CONNECT:[ UseTime:0.001001s ] mysql:dbname=imooc_o2o;host=127.0.0.1;port=3306;charset=utf8
[ sql ] [ SQL ] SHOW COLUMNS FROM `o2o_category` [ RunTime:0.007836s ]
[ sql ] [ SQL ] SELECT * FROM `o2o_category` WHERE  `status` <> -1  AND `parent_id` = 16 ORDER BY `listorder`  desc,`id`  desc [ RunTime:0.001155s ]

---------------------------------------------------------------
[ 2018-04-13T09:07:12+08:00 ] ::1 ::1 POST /imooc_o2o/public/index.php/bis/register/getcategories.html
[ log ] localhost:8080/imooc_o2o/public/index.php/bis/register/getcategories.html [运行时间：0.090746s][吞吐率：11.02req/s] [内存消耗：3,562.61kb] [文件加载：45]
[ info ] [ LANG ] G:\php\Apache24\htdocs\imooc_o2o\thinkphp\lang\zh-cn.php
[ info ] [ ROUTE ] array (
  'type' => 'module',
  'module' => 
  array (
    0 => 'bis',
    1 => 'register',
    2 => 'getcategories',
  ),
)
[ info ] [ HEADER ] array (
  'host' => 'localhost:8080',
  'user-agent' => 'Mozilla/5.0 (Windows NT 10.0; WOW64; rv:59.0) Gecko/20100101 Firefox/59.0',
  'accept' => 'application/json, text/javascript, */*; q=0.01',
  'accept-language' => 'zh-CN,zh;q=0.8,zh-TW;q=0.7,zh-HK;q=0.5,en-US;q=0.3,en;q=0.2',
  'accept-encoding' => 'gzip, deflate',
  'referer' => 'http://localhost:8080/imooc_o2o/public/index.php/bis/register/index.html',
  'content-type' => 'application/x-www-form-urlencoded; charset=UTF-8',
  'x-requested-with' => 'XMLHttpRequest',
  'content-length' => '4',
  'cookie' => 'PHPSESSID=8kvjmrl1dqotue3h4mumj5dg41',
  'connection' => 'keep-alive',
)
[ info ] [ PARAM ] array (
  'id' => '9',
)
[ info ] [ RUN ] app\bis\controller\Register->getCategories[ G:\php\Apache24\htdocs\imooc_o2o\application\bis\controller\Register.php ]
[ info ] [ DB ] INIT mysql
[ info ] [ LOG ] INIT File
[ sql ] [ DB ] CONNECT:[ UseTime:0.000986s ] mysql:dbname=imooc_o2o;host=127.0.0.1;port=3306;charset=utf8
[ sql ] [ SQL ] SHOW COLUMNS FROM `o2o_category` [ RunTime:0.014026s ]
[ sql ] [ SQL ] SELECT * FROM `o2o_category` WHERE  `status` <> -1  AND `parent_id` = 9 ORDER BY `listorder`  desc,`id`  desc [ RunTime:0.001625s ]

---------------------------------------------------------------
[ 2018-04-13T09:07:13+08:00 ] ::1 ::1 POST /imooc_o2o/public/index.php/bis/register/getcategories.html
[ log ] localhost:8080/imooc_o2o/public/index.php/bis/register/getcategories.html [运行时间：0.093319s][吞吐率：10.72req/s] [内存消耗：3,562.25kb] [文件加载：45]
[ info ] [ LANG ] G:\php\Apache24\htdocs\imooc_o2o\thinkphp\lang\zh-cn.php
[ info ] [ ROUTE ] array (
  'type' => 'module',
  'module' => 
  array (
    0 => 'bis',
    1 => 'register',
    2 => 'getcategories',
  ),
)
[ info ] [ HEADER ] array (
  'host' => 'localhost:8080',
  'user-agent' => 'Mozilla/5.0 (Windows NT 10.0; WOW64; rv:59.0) Gecko/20100101 Firefox/59.0',
  'accept' => 'application/json, text/javascript, */*; q=0.01',
  'accept-language' => 'zh-CN,zh;q=0.8,zh-TW;q=0.7,zh-HK;q=0.5,en-US;q=0.3,en;q=0.2',
  'accept-encoding' => 'gzip, deflate',
  'referer' => 'http://localhost:8080/imooc_o2o/public/index.php/bis/register/index.html',
  'content-type' => 'application/x-www-form-urlencoded; charset=UTF-8',
  'x-requested-with' => 'XMLHttpRequest',
  'content-length' => '4',
  'cookie' => 'PHPSESSID=8kvjmrl1dqotue3h4mumj5dg41',
  'connection' => 'keep-alive',
)
[ info ] [ PARAM ] array (
  'id' => '1',
)
[ info ] [ RUN ] app\bis\controller\Register->getCategories[ G:\php\Apache24\htdocs\imooc_o2o\application\bis\controller\Register.php ]
[ info ] [ DB ] INIT mysql
[ info ] [ LOG ] INIT File
[ sql ] [ DB ] CONNECT:[ UseTime:0.001304s ] mysql:dbname=imooc_o2o;host=127.0.0.1;port=3306;charset=utf8
[ sql ] [ SQL ] SHOW COLUMNS FROM `o2o_category` [ RunTime:0.010523s ]
[ sql ] [ SQL ] SELECT * FROM `o2o_category` WHERE  `status` <> -1  AND `parent_id` = 1 ORDER BY `listorder`  desc,`id`  desc [ RunTime:0.002370s ]

---------------------------------------------------------------
[ 2018-04-13T09:07:16+08:00 ] ::1 ::1 POST /imooc_o2o/public/index.php/bis/register/getcategories.html
[ log ] localhost:8080/imooc_o2o/public/index.php/bis/register/getcategories.html [运行时间：0.081649s][吞吐率：12.25req/s] [内存消耗：3,558.91kb] [文件加载：45]
[ info ] [ LANG ] G:\php\Apache24\htdocs\imooc_o2o\thinkphp\lang\zh-cn.php
[ info ] [ ROUTE ] array (
  'type' => 'module',
  'module' => 
  array (
    0 => 'bis',
    1 => 'register',
    2 => 'getcategories',
  ),
)
[ info ] [ HEADER ] array (
  'host' => 'localhost:8080',
  'user-agent' => 'Mozilla/5.0 (Windows NT 10.0; WOW64; rv:59.0) Gecko/20100101 Firefox/59.0',
  'accept' => 'application/json, text/javascript, */*; q=0.01',
  'accept-language' => 'zh-CN,zh;q=0.8,zh-TW;q=0.7,zh-HK;q=0.5,en-US;q=0.3,en;q=0.2',
  'accept-encoding' => 'gzip, deflate',
  'referer' => 'http://localhost:8080/imooc_o2o/public/index.php/bis/register/index.html',
  'content-type' => 'application/x-www-form-urlencoded; charset=UTF-8',
  'x-requested-with' => 'XMLHttpRequest',
  'content-length' => '5',
  'cookie' => 'PHPSESSID=8kvjmrl1dqotue3h4mumj5dg41',
  'connection' => 'keep-alive',
)
[ info ] [ PARAM ] array (
  'id' => '24',
)
[ info ] [ RUN ] app\bis\controller\Register->getCategories[ G:\php\Apache24\htdocs\imooc_o2o\application\bis\controller\Register.php ]
[ info ] [ DB ] INIT mysql
[ info ] [ LOG ] INIT File
[ sql ] [ DB ] CONNECT:[ UseTime:0.000992s ] mysql:dbname=imooc_o2o;host=127.0.0.1;port=3306;charset=utf8
[ sql ] [ SQL ] SHOW COLUMNS FROM `o2o_category` [ RunTime:0.007798s ]
[ sql ] [ SQL ] SELECT * FROM `o2o_category` WHERE  `status` <> -1  AND `parent_id` = 24 ORDER BY `listorder`  desc,`id`  desc [ RunTime:0.001369s ]

---------------------------------------------------------------
[ 2018-04-13T09:07:19+08:00 ] ::1 ::1 POST /imooc_o2o/public/index.php/bis/register/getcategories.html
[ log ] localhost:8080/imooc_o2o/public/index.php/bis/register/getcategories.html [运行时间：0.078472s][吞吐率：12.74req/s] [内存消耗：3,560.95kb] [文件加载：45]
[ info ] [ LANG ] G:\php\Apache24\htdocs\imooc_o2o\thinkphp\lang\zh-cn.php
[ info ] [ ROUTE ] array (
  'type' => 'module',
  'module' => 
  array (
    0 => 'bis',
    1 => 'register',
    2 => 'getcategories',
  ),
)
[ info ] [ HEADER ] array (
  'host' => 'localhost:8080',
  'user-agent' => 'Mozilla/5.0 (Windows NT 10.0; WOW64; rv:59.0) Gecko/20100101 Firefox/59.0',
  'accept' => 'application/json, text/javascript, */*; q=0.01',
  'accept-language' => 'zh-CN,zh;q=0.8,zh-TW;q=0.7,zh-HK;q=0.5,en-US;q=0.3,en;q=0.2',
  'accept-encoding' => 'gzip, deflate',
  'referer' => 'http://localhost:8080/imooc_o2o/public/index.php/bis/register/index.html',
  'content-type' => 'application/x-www-form-urlencoded; charset=UTF-8',
  'x-requested-with' => 'XMLHttpRequest',
  'content-length' => '4',
  'cookie' => 'PHPSESSID=8kvjmrl1dqotue3h4mumj5dg41',
  'connection' => 'keep-alive',
)
[ info ] [ PARAM ] array (
  'id' => '2',
)
[ info ] [ RUN ] app\bis\controller\Register->getCategories[ G:\php\Apache24\htdocs\imooc_o2o\application\bis\controller\Register.php ]
[ info ] [ DB ] INIT mysql
[ info ] [ LOG ] INIT File
[ sql ] [ DB ] CONNECT:[ UseTime:0.000977s ] mysql:dbname=imooc_o2o;host=127.0.0.1;port=3306;charset=utf8
[ sql ] [ SQL ] SHOW COLUMNS FROM `o2o_category` [ RunTime:0.008286s ]
[ sql ] [ SQL ] SELECT * FROM `o2o_category` WHERE  `status` <> -1  AND `parent_id` = 2 ORDER BY `listorder`  desc,`id`  desc [ RunTime:0.001640s ]

---------------------------------------------------------------
[ 2018-04-13T09:08:27+08:00 ] ::1 ::1 GET /imooc_o2o/public/index.php/bis/register/index.html
[ log ] localhost:8080/imooc_o2o/public/index.php/bis/register/index.html [运行时间：0.178556s][吞吐率：5.60req/s] [内存消耗：3,737.90kb] [文件加载：46]
[ info ] [ LANG ] G:\php\Apache24\htdocs\imooc_o2o\thinkphp\lang\zh-cn.php
[ info ] [ ROUTE ] array (
  'type' => 'module',
  'module' => 
  array (
    0 => 'bis',
    1 => 'register',
    2 => 'index',
  ),
)
[ info ] [ HEADER ] array (
  'host' => 'localhost:8080',
  'user-agent' => 'Mozilla/5.0 (Windows NT 10.0; WOW64; rv:59.0) Gecko/20100101 Firefox/59.0',
  'accept' => 'text/html,application/xhtml+xml,application/xml;q=0.9,*/*;q=0.8',
  'accept-language' => 'zh-CN,zh;q=0.8,zh-TW;q=0.7,zh-HK;q=0.5,en-US;q=0.3,en;q=0.2',
  'accept-encoding' => 'gzip, deflate',
  'cookie' => 'PHPSESSID=8kvjmrl1dqotue3h4mumj5dg41',
  'connection' => 'keep-alive',
  'upgrade-insecure-requests' => '1',
)
[ info ] [ PARAM ] array (
)
[ info ] [ RUN ] app\bis\controller\Register->index[ G:\php\Apache24\htdocs\imooc_o2o\application\bis\controller\Register.php ]
[ info ] [ DB ] INIT mysql
[ info ] [ VIEW ] G:\php\Apache24\htdocs\imooc_o2o\public/../application/bis\view\register\index.html [ array (
  0 => 'city',
  1 => 'category',
) ]
[ info ] [ LOG ] INIT File
[ sql ] [ DB ] CONNECT:[ UseTime:0.001115s ] mysql:dbname=imooc_o2o;host=127.0.0.1;port=3306;charset=utf8
[ sql ] [ SQL ] SHOW COLUMNS FROM `o2o_city` [ RunTime:0.008824s ]
[ sql ] [ SQL ] SELECT * FROM `o2o_city` WHERE  `status` <> -1  AND `parent_id` = 0 ORDER BY `id`  asc [ RunTime:0.003164s ]
[ sql ] [ SQL ] SHOW COLUMNS FROM `o2o_category` [ RunTime:0.007180s ]
[ sql ] [ SQL ] SELECT * FROM `o2o_category` WHERE  `status` <> -1  AND `parent_id` = 0 ORDER BY `listorder`  desc,`id`  desc [ RunTime:0.001163s ]

---------------------------------------------------------------
[ 2018-04-13T09:10:43+08:00 ] ::1 ::1 GET /imooc_o2o/public/index.php/bis/register/index.html
[ log ] localhost:8080/imooc_o2o/public/index.php/bis/register/index.html [运行时间：0.115035s][吞吐率：8.69req/s] [内存消耗：3,737.90kb] [文件加载：46]
[ info ] [ LANG ] G:\php\Apache24\htdocs\imooc_o2o\thinkphp\lang\zh-cn.php
[ info ] [ ROUTE ] array (
  'type' => 'module',
  'module' => 
  array (
    0 => 'bis',
    1 => 'register',
    2 => 'index',
  ),
)
[ info ] [ HEADER ] array (
  'host' => 'localhost:8080',
  'user-agent' => 'Mozilla/5.0 (Windows NT 10.0; WOW64; rv:59.0) Gecko/20100101 Firefox/59.0',
  'accept' => 'text/html,application/xhtml+xml,application/xml;q=0.9,*/*;q=0.8',
  'accept-language' => 'zh-CN,zh;q=0.8,zh-TW;q=0.7,zh-HK;q=0.5,en-US;q=0.3,en;q=0.2',
  'accept-encoding' => 'gzip, deflate',
  'cookie' => 'PHPSESSID=8kvjmrl1dqotue3h4mumj5dg41',
  'connection' => 'keep-alive',
  'upgrade-insecure-requests' => '1',
)
[ info ] [ PARAM ] array (
)
[ info ] [ RUN ] app\bis\controller\Register->index[ G:\php\Apache24\htdocs\imooc_o2o\application\bis\controller\Register.php ]
[ info ] [ DB ] INIT mysql
[ info ] [ VIEW ] G:\php\Apache24\htdocs\imooc_o2o\public/../application/bis\view\register\index.html [ array (
  0 => 'city',
  1 => 'category',
) ]
[ info ] [ LOG ] INIT File
[ sql ] [ DB ] CONNECT:[ UseTime:0.001782s ] mysql:dbname=imooc_o2o;host=127.0.0.1;port=3306;charset=utf8
[ sql ] [ SQL ] SHOW COLUMNS FROM `o2o_city` [ RunTime:0.012187s ]
[ sql ] [ SQL ] SELECT * FROM `o2o_city` WHERE  `status` <> -1  AND `parent_id` = 0 ORDER BY `id`  asc [ RunTime:0.001410s ]
[ sql ] [ SQL ] SHOW COLUMNS FROM `o2o_category` [ RunTime:0.009683s ]
[ sql ] [ SQL ] SELECT * FROM `o2o_category` WHERE  `status` <> -1  AND `parent_id` = 0 ORDER BY `listorder`  desc,`id`  desc [ RunTime:0.001142s ]

---------------------------------------------------------------
[ 2018-04-13T09:10:45+08:00 ] ::1 ::1 POST /imooc_o2o/public/index.php/bis/register/getcategory.html
[ log ] localhost:8080/imooc_o2o/public/index.php/bis/register/getcategory.html [运行时间：0.090523s][吞吐率：11.05req/s] [内存消耗：3,562.21kb] [文件加载：45]
[ info ] [ LANG ] G:\php\Apache24\htdocs\imooc_o2o\thinkphp\lang\zh-cn.php
[ info ] [ ROUTE ] array (
  'type' => 'module',
  'module' => 
  array (
    0 => 'bis',
    1 => 'register',
    2 => 'getcategory',
  ),
)
[ info ] [ HEADER ] array (
  'host' => 'localhost:8080',
  'user-agent' => 'Mozilla/5.0 (Windows NT 10.0; WOW64; rv:59.0) Gecko/20100101 Firefox/59.0',
  'accept' => 'application/json, text/javascript, */*; q=0.01',
  'accept-language' => 'zh-CN,zh;q=0.8,zh-TW;q=0.7,zh-HK;q=0.5,en-US;q=0.3,en;q=0.2',
  'accept-encoding' => 'gzip, deflate',
  'referer' => 'http://localhost:8080/imooc_o2o/public/index.php/bis/register/index.html',
  'content-type' => 'application/x-www-form-urlencoded; charset=UTF-8',
  'x-requested-with' => 'XMLHttpRequest',
  'content-length' => '4',
  'cookie' => 'PHPSESSID=8kvjmrl1dqotue3h4mumj5dg41',
  'connection' => 'keep-alive',
)
[ info ] [ PARAM ] array (
  'id' => '1',
)
[ info ] [ RUN ] app\bis\controller\Register->getCategory[ G:\php\Apache24\htdocs\imooc_o2o\application\bis\controller\Register.php ]
[ info ] [ DB ] INIT mysql
[ info ] [ LOG ] INIT File
[ sql ] [ DB ] CONNECT:[ UseTime:0.000988s ] mysql:dbname=imooc_o2o;host=127.0.0.1;port=3306;charset=utf8
[ sql ] [ SQL ] SHOW COLUMNS FROM `o2o_city` [ RunTime:0.013771s ]
[ sql ] [ SQL ] SELECT * FROM `o2o_city` WHERE  `status` <> -1  AND `parent_id` = 1 ORDER BY `id`  asc [ RunTime:0.001507s ]

---------------------------------------------------------------
[ 2018-04-13T09:10:55+08:00 ] ::1 ::1 POST /imooc_o2o/public/index.php/bis/register/regist.html
[ log ] localhost:8080/imooc_o2o/public/index.php/bis/register/regist.html [运行时间：0.136106s][吞吐率：7.35req/s] [内存消耗：3,856.00kb] [文件加载：48]
[ info ] [ LANG ] G:\php\Apache24\htdocs\imooc_o2o\thinkphp\lang\zh-cn.php
[ info ] [ ROUTE ] array (
  'type' => 'module',
  'module' => 
  array (
    0 => 'bis',
    1 => 'register',
    2 => 'regist',
  ),
)
[ info ] [ HEADER ] array (
  'host' => 'localhost:8080',
  'user-agent' => 'Mozilla/5.0 (Windows NT 10.0; WOW64; rv:59.0) Gecko/20100101 Firefox/59.0',
  'accept' => 'text/html,application/xhtml+xml,application/xml;q=0.9,*/*;q=0.8',
  'accept-language' => 'zh-CN,zh;q=0.8,zh-TW;q=0.7,zh-HK;q=0.5,en-US;q=0.3,en;q=0.2',
  'accept-encoding' => 'gzip, deflate',
  'referer' => 'http://localhost:8080/imooc_o2o/public/index.php/bis/register/index.html',
  'content-type' => 'application/x-www-form-urlencoded',
  'content-length' => '209',
  'cookie' => 'PHPSESSID=8kvjmrl1dqotue3h4mumj5dg41',
  'connection' => 'keep-alive',
  'upgrade-insecure-requests' => '1',
)
[ info ] [ PARAM ] array (
  'name' => '啊啊啊',
  'city_id' => '1',
  'se_city_id' => '2',
  'logo' => '',
  'licence_logo' => '',
  'bank_info' => '',
  'bank_name' => '',
  'bank_user' => '',
  'faren' => '',
  'faren_tel' => '',
  'email' => '',
  'tel' => '',
  'contact' => '',
  'category_id' => '0',
  'address' => '',
  'open_time' => '',
  'username' => 'sdsd',
  'password' => 'adad',
)
[ info ] [ RUN ] app\bis\controller\Register->regist[ G:\php\Apache24\htdocs\imooc_o2o\application\bis\controller\Register.php ]
[ info ] [ DB ] INIT mysql
[ info ] [ VIEW ] G:\php\Apache24\htdocs\imooc_o2o\thinkphp\tpl\dispatch_jump.tpl [ array (
  0 => 'code',
  1 => 'msg',
  2 => 'data',
  3 => 'url',
  4 => 'wait',
) ]
[ info ] [ LOG ] INIT File
[ sql ] [ DB ] CONNECT:[ UseTime:0.001258s ] mysql:dbname=imooc_o2o;host=127.0.0.1;port=3306;charset=utf8
[ sql ] [ SQL ] SHOW COLUMNS FROM `o2o_bis_account` [ RunTime:0.012446s ]
[ sql ] [ SQL ] SELECT * FROM `o2o_bis_account` WHERE  `username` = 'sdsd' LIMIT 1 [ RunTime:0.001714s ]

---------------------------------------------------------------
[ 2018-04-13T09:11:05+08:00 ] ::1 ::1 POST /imooc_o2o/public/index.php/bis/register/regist.html
[ log ] localhost:8080/imooc_o2o/public/index.php/bis/register/regist.html [运行时间：0.147200s][吞吐率：6.79req/s] [内存消耗：3,855.88kb] [文件加载：48]
[ info ] [ LANG ] G:\php\Apache24\htdocs\imooc_o2o\thinkphp\lang\zh-cn.php
[ info ] [ ROUTE ] array (
  'type' => 'module',
  'module' => 
  array (
    0 => 'bis',
    1 => 'register',
    2 => 'regist',
  ),
)
[ info ] [ HEADER ] array (
  'host' => 'localhost:8080',
  'user-agent' => 'Mozilla/5.0 (Windows NT 10.0; WOW64; rv:59.0) Gecko/20100101 Firefox/59.0',
  'accept' => 'text/html,application/xhtml+xml,application/xml;q=0.9,*/*;q=0.8',
  'accept-language' => 'zh-CN,zh;q=0.8,zh-TW;q=0.7,zh-HK;q=0.5,en-US;q=0.3,en;q=0.2',
  'accept-encoding' => 'gzip, deflate',
  'referer' => 'http://localhost:8080/imooc_o2o/public/index.php/bis/register/index.html',
  'content-type' => 'application/x-www-form-urlencoded',
  'content-length' => '214',
  'cookie' => 'PHPSESSID=8kvjmrl1dqotue3h4mumj5dg41',
  'connection' => 'keep-alive',
  'upgrade-insecure-requests' => '1',
)
[ info ] [ PARAM ] array (
  'name' => '啊啊啊',
  'city_id' => '1',
  'se_city_id' => '0',
  'logo' => '',
  'licence_logo' => '',
  'bank_info' => '',
  'bank_name' => '',
  'bank_user' => '',
  'faren' => '',
  'faren_tel' => '',
  'email' => 'dsada',
  'tel' => '',
  'contact' => '',
  'category_id' => '0',
  'address' => '',
  'open_time' => '',
  'username' => 'sdsd',
  'password' => 'dsad',
)
[ info ] [ RUN ] app\bis\controller\Register->regist[ G:\php\Apache24\htdocs\imooc_o2o\application\bis\controller\Register.php ]
[ info ] [ DB ] INIT mysql
[ info ] [ VIEW ] G:\php\Apache24\htdocs\imooc_o2o\thinkphp\tpl\dispatch_jump.tpl [ array (
  0 => 'code',
  1 => 'msg',
  2 => 'data',
  3 => 'url',
  4 => 'wait',
) ]
[ info ] [ LOG ] INIT File
[ sql ] [ DB ] CONNECT:[ UseTime:0.001625s ] mysql:dbname=imooc_o2o;host=127.0.0.1;port=3306;charset=utf8
[ sql ] [ SQL ] SHOW COLUMNS FROM `o2o_bis_account` [ RunTime:0.011676s ]
[ sql ] [ SQL ] SELECT * FROM `o2o_bis_account` WHERE  `username` = 'sdsd' LIMIT 1 [ RunTime:0.001133s ]

---------------------------------------------------------------
[ 2018-04-13T09:11:26+08:00 ] ::1 ::1 POST /imooc_o2o/public/index.php/bis/register/regist.html
[ log ] localhost:8080/imooc_o2o/public/index.php/bis/register/regist.html [运行时间：0.176318s][吞吐率：5.67req/s] [内存消耗：3,855.88kb] [文件加载：48]
[ info ] [ LANG ] G:\php\Apache24\htdocs\imooc_o2o\thinkphp\lang\zh-cn.php
[ info ] [ ROUTE ] array (
  'type' => 'module',
  'module' => 
  array (
    0 => 'bis',
    1 => 'register',
    2 => 'regist',
  ),
)
[ info ] [ HEADER ] array (
  'host' => 'localhost:8080',
  'user-agent' => 'Mozilla/5.0 (Windows NT 10.0; WOW64; rv:59.0) Gecko/20100101 Firefox/59.0',
  'accept' => 'text/html,application/xhtml+xml,application/xml;q=0.9,*/*;q=0.8',
  'accept-language' => 'zh-CN,zh;q=0.8,zh-TW;q=0.7,zh-HK;q=0.5,en-US;q=0.3,en;q=0.2',
  'accept-encoding' => 'gzip, deflate',
  'referer' => 'http://localhost:8080/imooc_o2o/public/index.php/bis/register/index.html',
  'content-type' => 'application/x-www-form-urlencoded',
  'content-length' => '215',
  'cookie' => 'PHPSESSID=8kvjmrl1dqotue3h4mumj5dg41',
  'connection' => 'keep-alive',
  'upgrade-insecure-requests' => '1',
)
[ info ] [ PARAM ] array (
  'name' => '啊啊啊',
  'city_id' => '1',
  'se_city_id' => '0',
  'logo' => '',
  'licence_logo' => '',
  'bank_info' => '',
  'bank_name' => '',
  'bank_user' => '',
  'faren' => '',
  'faren_tel' => '',
  'email' => 'dsada',
  'tel' => '',
  'contact' => '',
  'category_id' => '0',
  'address' => '',
  'open_time' => '',
  'username' => 'sdsd',
  'password' => 'dsada',
)
[ info ] [ RUN ] app\bis\controller\Register->regist[ G:\php\Apache24\htdocs\imooc_o2o\application\bis\controller\Register.php ]
[ info ] [ DB ] INIT mysql
[ info ] [ VIEW ] G:\php\Apache24\htdocs\imooc_o2o\thinkphp\tpl\dispatch_jump.tpl [ array (
  0 => 'code',
  1 => 'msg',
  2 => 'data',
  3 => 'url',
  4 => 'wait',
) ]
[ info ] [ LOG ] INIT File
[ sql ] [ DB ] CONNECT:[ UseTime:0.001568s ] mysql:dbname=imooc_o2o;host=127.0.0.1;port=3306;charset=utf8
[ sql ] [ SQL ] SHOW COLUMNS FROM `o2o_bis_account` [ RunTime:0.011209s ]
[ sql ] [ SQL ] SELECT * FROM `o2o_bis_account` WHERE  `username` = 'sdsd' LIMIT 1 [ RunTime:0.001465s ]

---------------------------------------------------------------
