[ 2018-04-19T08:44:32+08:00 ] 127.0.0.1 127.0.0.1 GET /imooc_o2o/public/index.php/bis/index/index.html
[ log ] localhost:8080/imooc_o2o/public/index.php/bis/index/index.html [运行时间：0.358665s][吞吐率：2.79req/s] [内存消耗：2,729.08kb] [文件加载：41]
[ info ] [ LANG ] G:\php\Apache24\htdocs\imooc_o2o\thinkphp\lang\zh-cn.php
[ info ] [ ROUTE ] array (
  'type' => 'module',
  'module' => 
  array (
    0 => 'bis',
    1 => 'index',
    2 => 'index',
  ),
)
[ info ] [ HEADER ] array (
  'host' => 'localhost:8080',
  'user-agent' => 'Mozilla/5.0 (Windows NT 10.0; WOW64; rv:59.0) Gecko/20100101 Firefox/59.0',
  'accept' => 'text/html,application/xhtml+xml,application/xml;q=0.9,*/*;q=0.8',
  'accept-language' => 'zh-CN,zh;q=0.8,zh-TW;q=0.7,zh-HK;q=0.5,en-US;q=0.3,en;q=0.2',
  'accept-encoding' => 'gzip, deflate',
  'cookie' => 'Phpstorm-412f56be=3074bb5d-31ac-4ec9-8a21-a4a32a2682a8; PHPSESSID=dg7g4oh923bhatbhmuvhpbho15',
  'connection' => 'close',
  'upgrade-insecure-requests' => '1',
)
[ info ] [ PARAM ] array (
)
[ info ] [ SESSION ] INIT array (
  'id' => '',
  'var_session_id' => '',
  'prefix' => 'think',
  'type' => '',
  'auto_start' => true,
)
[ info ] [ RUN ] app\bis\controller\Index->index[ G:\php\Apache24\htdocs\imooc_o2o\application\bis\controller\Index.php ]
[ info ] [ VIEW ] G:\php\Apache24\htdocs\imooc_o2o\public/../application/bis\view\index\index.html [ array (
) ]
[ info ] [ LOG ] INIT File

---------------------------------------------------------------
[ 2018-04-19T08:45:10+08:00 ] 127.0.0.1 127.0.0.1 GET /imooc_o2o/public/index.php/extend/my/test
[ log ] localhost:8080/imooc_o2o/public/index.php/extend/my/test [运行时间：0.136254s][吞吐率：7.34req/s] [内存消耗：1,587.17kb] [文件加载：30]
[ info ] [ LANG ] G:\php\Apache24\htdocs\imooc_o2o\thinkphp\lang\zh-cn.php
[ info ] [ ROUTE ] array (
  'type' => 'module',
  'module' => 
  array (
    0 => 'extend',
    1 => 'my',
    2 => 'test',
  ),
)
[ info ] [ HEADER ] array (
  'host' => 'localhost:8080',
  'user-agent' => 'Mozilla/5.0 (Windows NT 10.0; WOW64; rv:59.0) Gecko/20100101 Firefox/59.0',
  'accept' => 'text/html,application/xhtml+xml,application/xml;q=0.9,*/*;q=0.8',
  'accept-language' => 'zh-CN,zh;q=0.8,zh-TW;q=0.7,zh-HK;q=0.5,en-US;q=0.3,en;q=0.2',
  'accept-encoding' => 'gzip, deflate',
  'cookie' => 'Phpstorm-412f56be=3074bb5d-31ac-4ec9-8a21-a4a32a2682a8; PHPSESSID=dg7g4oh923bhatbhmuvhpbho15',
  'connection' => 'close',
  'upgrade-insecure-requests' => '1',
)
[ info ] [ PARAM ] array (
)
[ info ] [ LOG ] INIT File

---------------------------------------------------------------
[ 2018-04-19T08:46:09+08:00 ] 127.0.0.1 127.0.0.1 GET /imooc_o2o/public/index.php
[ log ] localhost:8080/imooc_o2o/public/index.php [运行时间：0.108418s][吞吐率：9.22req/s] [内存消耗：2,462.86kb] [文件加载：38]
[ info ] [ LANG ] G:\php\Apache24\htdocs\imooc_o2o\thinkphp\lang\zh-cn.php
[ info ] [ ROUTE ] array (
  'type' => 'module',
  'module' => 
  array (
    0 => '',
    1 => NULL,
    2 => NULL,
  ),
)
[ info ] [ HEADER ] array (
  'host' => 'localhost:8080',
  'user-agent' => 'Mozilla/5.0 (Windows NT 10.0; WOW64; rv:59.0) Gecko/20100101 Firefox/59.0',
  'accept' => 'text/html,application/xhtml+xml,application/xml;q=0.9,*/*;q=0.8',
  'accept-language' => 'zh-CN,zh;q=0.8,zh-TW;q=0.7,zh-HK;q=0.5,en-US;q=0.3,en;q=0.2',
  'accept-encoding' => 'gzip, deflate',
  'cookie' => 'Phpstorm-412f56be=3074bb5d-31ac-4ec9-8a21-a4a32a2682a8; PHPSESSID=dg7g4oh923bhatbhmuvhpbho15',
  'connection' => 'close',
  'upgrade-insecure-requests' => '1',
)
[ info ] [ PARAM ] array (
)
[ info ] [ RUN ] app\index\controller\Index->index[ G:\php\Apache24\htdocs\imooc_o2o\application\index\controller\Index.php ]
[ info ] [ VIEW ] G:\php\Apache24\htdocs\imooc_o2o\public/../application/index\view\index\index.html [ array (
) ]
[ info ] [ LOG ] INIT File

---------------------------------------------------------------
[ 2018-04-19T08:47:05+08:00 ] 127.0.0.1 127.0.0.1 GET /imooc_o2o/public/index.php/my/test/sayhello
[ log ] localhost:8080/imooc_o2o/public/index.php/my/test/sayhello [运行时间：0.052734s][吞吐率：18.96req/s] [内存消耗：1,587.25kb] [文件加载：30]
[ info ] [ LANG ] G:\php\Apache24\htdocs\imooc_o2o\thinkphp\lang\zh-cn.php
[ info ] [ ROUTE ] array (
  'type' => 'module',
  'module' => 
  array (
    0 => 'my',
    1 => 'test',
    2 => 'sayhello',
  ),
)
[ info ] [ HEADER ] array (
  'host' => 'localhost:8080',
  'user-agent' => 'Mozilla/5.0 (Windows NT 10.0; WOW64; rv:59.0) Gecko/20100101 Firefox/59.0',
  'accept' => 'text/html,application/xhtml+xml,application/xml;q=0.9,*/*;q=0.8',
  'accept-language' => 'zh-CN,zh;q=0.8,zh-TW;q=0.7,zh-HK;q=0.5,en-US;q=0.3,en;q=0.2',
  'accept-encoding' => 'gzip, deflate',
  'cookie' => 'Phpstorm-412f56be=3074bb5d-31ac-4ec9-8a21-a4a32a2682a8; PHPSESSID=dg7g4oh923bhatbhmuvhpbho15',
  'connection' => 'close',
  'upgrade-insecure-requests' => '1',
)
[ info ] [ PARAM ] array (
)
[ info ] [ LOG ] INIT File

---------------------------------------------------------------
[ 2018-04-19T08:52:09+08:00 ] 127.0.0.1 127.0.0.1 GET /imooc_o2o/public/index.php/admin/index/test
[ log ] localhost:8080/imooc_o2o/public/index.php/admin/index/test [运行时间：0.173519s][吞吐率：5.76req/s] [内存消耗：2,048.85kb] [文件加载：40]
[ info ] [ LANG ] G:\php\Apache24\htdocs\imooc_o2o\thinkphp\lang\zh-cn.php
[ info ] [ ROUTE ] array (
  'type' => 'module',
  'module' => 
  array (
    0 => 'admin',
    1 => 'index',
    2 => 'test',
  ),
)
[ info ] [ HEADER ] array (
  'host' => 'localhost:8080',
  'user-agent' => 'Mozilla/5.0 (Windows NT 10.0; WOW64; rv:59.0) Gecko/20100101 Firefox/59.0',
  'accept' => 'text/html,application/xhtml+xml,application/xml;q=0.9,*/*;q=0.8',
  'accept-language' => 'zh-CN,zh;q=0.8,zh-TW;q=0.7,zh-HK;q=0.5,en-US;q=0.3,en;q=0.2',
  'accept-encoding' => 'gzip, deflate',
  'cookie' => 'Phpstorm-412f56be=3074bb5d-31ac-4ec9-8a21-a4a32a2682a8; PHPSESSID=dg7g4oh923bhatbhmuvhpbho15',
  'connection' => 'close',
  'upgrade-insecure-requests' => '1',
)
[ info ] [ PARAM ] array (
)
[ info ] [ RUN ] app\admin\controller\Index->test[ G:\php\Apache24\htdocs\imooc_o2o\application\admin\controller\Index.php ]
[ info ] [ LOG ] INIT File
[ error ] [1]Call to undefined method app\admin\controller\Index::sayHello()[G:\php\Apache24\htdocs\imooc_o2o\application\admin\controller\Index.php:14]

---------------------------------------------------------------
[ 2018-04-19T08:53:11+08:00 ] 127.0.0.1 127.0.0.1 GET /imooc_o2o/public/index.php/admin/index/test
[ log ] localhost:8080/imooc_o2o/public/index.php/admin/index/test [运行时间：0.147747s][吞吐率：6.77req/s] [内存消耗：2,036.98kb] [文件加载：41]
[ info ] [ LANG ] G:\php\Apache24\htdocs\imooc_o2o\thinkphp\lang\zh-cn.php
[ info ] [ ROUTE ] array (
  'type' => 'module',
  'module' => 
  array (
    0 => 'admin',
    1 => 'index',
    2 => 'test',
  ),
)
[ info ] [ HEADER ] array (
  'host' => 'localhost:8080',
  'user-agent' => 'Mozilla/5.0 (Windows NT 10.0; WOW64; rv:59.0) Gecko/20100101 Firefox/59.0',
  'accept' => 'text/html,application/xhtml+xml,application/xml;q=0.9,*/*;q=0.8',
  'accept-language' => 'zh-CN,zh;q=0.8,zh-TW;q=0.7,zh-HK;q=0.5,en-US;q=0.3,en;q=0.2',
  'accept-encoding' => 'gzip, deflate',
  'cookie' => 'Phpstorm-412f56be=3074bb5d-31ac-4ec9-8a21-a4a32a2682a8; PHPSESSID=dg7g4oh923bhatbhmuvhpbho15',
  'connection' => 'close',
  'upgrade-insecure-requests' => '1',
)
[ info ] [ PARAM ] array (
)
[ info ] [ RUN ] app\admin\controller\Index->test[ G:\php\Apache24\htdocs\imooc_o2o\application\admin\controller\Index.php ]
[ info ] [ LOG ] INIT File
[ error ] [4096]Object of class my\Test could not be converted to string[G:\php\Apache24\htdocs\imooc_o2o\application\admin\controller\Index.php:15]

---------------------------------------------------------------
[ 2018-04-19T08:56:42+08:00 ] 127.0.0.1 127.0.0.1 GET /imooc_o2o/public/index.php/admin/index/test
[ log ] localhost:8080/imooc_o2o/public/index.php/admin/index/test [运行时间：0.107200s][吞吐率：9.33req/s] [内存消耗：2,037.41kb] [文件加载：41]
[ info ] [ LANG ] G:\php\Apache24\htdocs\imooc_o2o\thinkphp\lang\zh-cn.php
[ info ] [ ROUTE ] array (
  'type' => 'module',
  'module' => 
  array (
    0 => 'admin',
    1 => 'index',
    2 => 'test',
  ),
)
[ info ] [ HEADER ] array (
  'host' => 'localhost:8080',
  'user-agent' => 'Mozilla/5.0 (Windows NT 10.0; WOW64; rv:59.0) Gecko/20100101 Firefox/59.0',
  'accept' => 'text/html,application/xhtml+xml,application/xml;q=0.9,*/*;q=0.8',
  'accept-language' => 'zh-CN,zh;q=0.8,zh-TW;q=0.7,zh-HK;q=0.5,en-US;q=0.3,en;q=0.2',
  'accept-encoding' => 'gzip, deflate',
  'cookie' => 'Phpstorm-412f56be=3074bb5d-31ac-4ec9-8a21-a4a32a2682a8; PHPSESSID=dg7g4oh923bhatbhmuvhpbho15',
  'connection' => 'close',
  'upgrade-insecure-requests' => '1',
)
[ info ] [ PARAM ] array (
)
[ info ] [ RUN ] app\admin\controller\Index->test[ G:\php\Apache24\htdocs\imooc_o2o\application\admin\controller\Index.php ]
[ info ] [ LOG ] INIT File
[ error ] [8192]Non-static method my\Test::sayHello() should not be called statically, assuming $this from incompatible context[G:\php\Apache24\htdocs\imooc_o2o\application\admin\controller\Index.php:15]

---------------------------------------------------------------
[ 2018-04-19T08:57:31+08:00 ] 127.0.0.1 127.0.0.1 GET /imooc_o2o/public/index.php/admin/index/test
[ log ] localhost:8080/imooc_o2o/public/index.php/admin/index/test [运行时间：0.097051s][吞吐率：10.30req/s] [内存消耗：2,037.36kb] [文件加载：41]
[ info ] [ LANG ] G:\php\Apache24\htdocs\imooc_o2o\thinkphp\lang\zh-cn.php
[ info ] [ ROUTE ] array (
  'type' => 'module',
  'module' => 
  array (
    0 => 'admin',
    1 => 'index',
    2 => 'test',
  ),
)
[ info ] [ HEADER ] array (
  'host' => 'localhost:8080',
  'user-agent' => 'Mozilla/5.0 (Windows NT 10.0; WOW64; rv:59.0) Gecko/20100101 Firefox/59.0',
  'accept' => 'text/html,application/xhtml+xml,application/xml;q=0.9,*/*;q=0.8',
  'accept-language' => 'zh-CN,zh;q=0.8,zh-TW;q=0.7,zh-HK;q=0.5,en-US;q=0.3,en;q=0.2',
  'accept-encoding' => 'gzip, deflate',
  'cookie' => 'Phpstorm-412f56be=3074bb5d-31ac-4ec9-8a21-a4a32a2682a8; PHPSESSID=dg7g4oh923bhatbhmuvhpbho15',
  'connection' => 'close',
  'upgrade-insecure-requests' => '1',
)
[ info ] [ PARAM ] array (
)
[ info ] [ RUN ] app\admin\controller\Index->test[ G:\php\Apache24\htdocs\imooc_o2o\application\admin\controller\Index.php ]
[ info ] [ LOG ] INIT File
[ error ] [4096]Object of class my\Test could not be converted to string[G:\php\Apache24\htdocs\imooc_o2o\application\admin\controller\Index.php:16]

---------------------------------------------------------------
[ 2018-04-19T08:58:02+08:00 ] 127.0.0.1 127.0.0.1 GET /imooc_o2o/public/index.php/admin/index/test
[ log ] localhost:8080/imooc_o2o/public/index.php/admin/index/test [运行时间：0.143560s][吞吐率：6.97req/s] [内存消耗：2,009.02kb] [文件加载：38]
[ info ] [ LANG ] G:\php\Apache24\htdocs\imooc_o2o\thinkphp\lang\zh-cn.php
[ info ] [ ROUTE ] array (
  'type' => 'module',
  'module' => 
  array (
    0 => 'admin',
    1 => 'index',
    2 => 'test',
  ),
)
[ info ] [ HEADER ] array (
  'host' => 'localhost:8080',
  'user-agent' => 'Mozilla/5.0 (Windows NT 10.0; WOW64; rv:59.0) Gecko/20100101 Firefox/59.0',
  'accept' => 'text/html,application/xhtml+xml,application/xml;q=0.9,*/*;q=0.8',
  'accept-language' => 'zh-CN,zh;q=0.8,zh-TW;q=0.7,zh-HK;q=0.5,en-US;q=0.3,en;q=0.2',
  'accept-encoding' => 'gzip, deflate',
  'cookie' => 'Phpstorm-412f56be=3074bb5d-31ac-4ec9-8a21-a4a32a2682a8; PHPSESSID=dg7g4oh923bhatbhmuvhpbho15',
  'connection' => 'close',
  'upgrade-insecure-requests' => '1',
)
[ info ] [ PARAM ] array (
)
[ info ] [ RUN ] app\admin\controller\Index->test[ G:\php\Apache24\htdocs\imooc_o2o\application\admin\controller\Index.php ]
[ info ] [ LOG ] INIT File

---------------------------------------------------------------
[ 2018-04-19T08:58:03+08:00 ] 127.0.0.1 127.0.0.1 GET /imooc_o2o/public/index.php/admin/index/test
[ log ] localhost:8080/imooc_o2o/public/index.php/admin/index/test [运行时间：0.086140s][吞吐率：11.61req/s] [内存消耗：2,009.02kb] [文件加载：38]
[ info ] [ LANG ] G:\php\Apache24\htdocs\imooc_o2o\thinkphp\lang\zh-cn.php
[ info ] [ ROUTE ] array (
  'type' => 'module',
  'module' => 
  array (
    0 => 'admin',
    1 => 'index',
    2 => 'test',
  ),
)
[ info ] [ HEADER ] array (
  'host' => 'localhost:8080',
  'user-agent' => 'Mozilla/5.0 (Windows NT 10.0; WOW64; rv:59.0) Gecko/20100101 Firefox/59.0',
  'accept' => 'text/html,application/xhtml+xml,application/xml;q=0.9,*/*;q=0.8',
  'accept-language' => 'zh-CN,zh;q=0.8,zh-TW;q=0.7,zh-HK;q=0.5,en-US;q=0.3,en;q=0.2',
  'accept-encoding' => 'gzip, deflate',
  'cookie' => 'Phpstorm-412f56be=3074bb5d-31ac-4ec9-8a21-a4a32a2682a8; PHPSESSID=dg7g4oh923bhatbhmuvhpbho15',
  'connection' => 'close',
  'upgrade-insecure-requests' => '1',
)
[ info ] [ PARAM ] array (
)
[ info ] [ RUN ] app\admin\controller\Index->test[ G:\php\Apache24\htdocs\imooc_o2o\application\admin\controller\Index.php ]
[ info ] [ LOG ] INIT File

---------------------------------------------------------------
[ 2018-04-19T08:59:24+08:00 ] 127.0.0.1 127.0.0.1 GET /imooc_o2o/public/index.php/admin/index/test
[ log ] localhost:8080/imooc_o2o/public/index.php/admin/index/test [运行时间：0.095651s][吞吐率：10.45req/s] [内存消耗：2,009.30kb] [文件加载：38]
[ info ] [ LANG ] G:\php\Apache24\htdocs\imooc_o2o\thinkphp\lang\zh-cn.php
[ info ] [ ROUTE ] array (
  'type' => 'module',
  'module' => 
  array (
    0 => 'admin',
    1 => 'index',
    2 => 'test',
  ),
)
[ info ] [ HEADER ] array (
  'host' => 'localhost:8080',
  'user-agent' => 'Mozilla/5.0 (Windows NT 10.0; WOW64; rv:59.0) Gecko/20100101 Firefox/59.0',
  'accept' => 'text/html,application/xhtml+xml,application/xml;q=0.9,*/*;q=0.8',
  'accept-language' => 'zh-CN,zh;q=0.8,zh-TW;q=0.7,zh-HK;q=0.5,en-US;q=0.3,en;q=0.2',
  'accept-encoding' => 'gzip, deflate',
  'cookie' => 'Phpstorm-412f56be=3074bb5d-31ac-4ec9-8a21-a4a32a2682a8; PHPSESSID=dg7g4oh923bhatbhmuvhpbho15',
  'connection' => 'close',
  'upgrade-insecure-requests' => '1',
)
[ info ] [ PARAM ] array (
)
[ info ] [ RUN ] app\admin\controller\Index->test[ G:\php\Apache24\htdocs\imooc_o2o\application\admin\controller\Index.php ]
[ info ] [ LOG ] INIT File

---------------------------------------------------------------
[ 2018-04-19T08:59:26+08:00 ] 127.0.0.1 127.0.0.1 GET /imooc_o2o/public/index.php/admin/index/test
[ log ] localhost:8080/imooc_o2o/public/index.php/admin/index/test [运行时间：0.092143s][吞吐率：10.85req/s] [内存消耗：2,009.30kb] [文件加载：38]
[ info ] [ LANG ] G:\php\Apache24\htdocs\imooc_o2o\thinkphp\lang\zh-cn.php
[ info ] [ ROUTE ] array (
  'type' => 'module',
  'module' => 
  array (
    0 => 'admin',
    1 => 'index',
    2 => 'test',
  ),
)
[ info ] [ HEADER ] array (
  'host' => 'localhost:8080',
  'user-agent' => 'Mozilla/5.0 (Windows NT 10.0; WOW64; rv:59.0) Gecko/20100101 Firefox/59.0',
  'accept' => 'text/html,application/xhtml+xml,application/xml;q=0.9,*/*;q=0.8',
  'accept-language' => 'zh-CN,zh;q=0.8,zh-TW;q=0.7,zh-HK;q=0.5,en-US;q=0.3,en;q=0.2',
  'accept-encoding' => 'gzip, deflate',
  'cookie' => 'Phpstorm-412f56be=3074bb5d-31ac-4ec9-8a21-a4a32a2682a8; PHPSESSID=dg7g4oh923bhatbhmuvhpbho15',
  'connection' => 'close',
  'upgrade-insecure-requests' => '1',
)
[ info ] [ PARAM ] array (
)
[ info ] [ RUN ] app\admin\controller\Index->test[ G:\php\Apache24\htdocs\imooc_o2o\application\admin\controller\Index.php ]
[ info ] [ LOG ] INIT File

---------------------------------------------------------------
[ 2018-04-19T09:00:17+08:00 ] 127.0.0.1 127.0.0.1 GET /imooc_o2o/public/index.php/admin/index/test
[ log ] localhost:8080/imooc_o2o/public/index.php/admin/index/test [运行时间：0.113443s][吞吐率：8.81req/s] [内存消耗：2,009.05kb] [文件加载：38]
[ info ] [ LANG ] G:\php\Apache24\htdocs\imooc_o2o\thinkphp\lang\zh-cn.php
[ info ] [ ROUTE ] array (
  'type' => 'module',
  'module' => 
  array (
    0 => 'admin',
    1 => 'index',
    2 => 'test',
  ),
)
[ info ] [ HEADER ] array (
  'host' => 'localhost:8080',
  'user-agent' => 'Mozilla/5.0 (Windows NT 10.0; WOW64; rv:59.0) Gecko/20100101 Firefox/59.0',
  'accept' => 'text/html,application/xhtml+xml,application/xml;q=0.9,*/*;q=0.8',
  'accept-language' => 'zh-CN,zh;q=0.8,zh-TW;q=0.7,zh-HK;q=0.5,en-US;q=0.3,en;q=0.2',
  'accept-encoding' => 'gzip, deflate',
  'cookie' => 'Phpstorm-412f56be=3074bb5d-31ac-4ec9-8a21-a4a32a2682a8; PHPSESSID=dg7g4oh923bhatbhmuvhpbho15',
  'connection' => 'close',
  'upgrade-insecure-requests' => '1',
)
[ info ] [ PARAM ] array (
)
[ info ] [ RUN ] app\admin\controller\Index->test[ G:\php\Apache24\htdocs\imooc_o2o\application\admin\controller\Index.php ]
[ info ] [ LOG ] INIT File

---------------------------------------------------------------
[ 2018-04-19T09:00:18+08:00 ] 127.0.0.1 127.0.0.1 GET /imooc_o2o/public/index.php/admin/index/test
[ log ] localhost:8080/imooc_o2o/public/index.php/admin/index/test [运行时间：0.082970s][吞吐率：12.05req/s] [内存消耗：2,009.05kb] [文件加载：38]
[ info ] [ LANG ] G:\php\Apache24\htdocs\imooc_o2o\thinkphp\lang\zh-cn.php
[ info ] [ ROUTE ] array (
  'type' => 'module',
  'module' => 
  array (
    0 => 'admin',
    1 => 'index',
    2 => 'test',
  ),
)
[ info ] [ HEADER ] array (
  'host' => 'localhost:8080',
  'user-agent' => 'Mozilla/5.0 (Windows NT 10.0; WOW64; rv:59.0) Gecko/20100101 Firefox/59.0',
  'accept' => 'text/html,application/xhtml+xml,application/xml;q=0.9,*/*;q=0.8',
  'accept-language' => 'zh-CN,zh;q=0.8,zh-TW;q=0.7,zh-HK;q=0.5,en-US;q=0.3,en;q=0.2',
  'accept-encoding' => 'gzip, deflate',
  'cookie' => 'Phpstorm-412f56be=3074bb5d-31ac-4ec9-8a21-a4a32a2682a8; PHPSESSID=dg7g4oh923bhatbhmuvhpbho15',
  'connection' => 'close',
  'upgrade-insecure-requests' => '1',
)
[ info ] [ PARAM ] array (
)
[ info ] [ RUN ] app\admin\controller\Index->test[ G:\php\Apache24\htdocs\imooc_o2o\application\admin\controller\Index.php ]
[ info ] [ LOG ] INIT File

---------------------------------------------------------------
[ 2018-04-19T09:00:30+08:00 ] 127.0.0.1 127.0.0.1 GET /imooc_o2o/public/index.php/admin/index/test
[ log ] localhost:8080/imooc_o2o/public/index.php/admin/index/test [运行时间：0.062736s][吞吐率：15.94req/s] [内存消耗：1,960.41kb] [文件加载：37]
[ info ] [ LANG ] G:\php\Apache24\htdocs\imooc_o2o\thinkphp\lang\zh-cn.php
[ info ] [ ROUTE ] array (
  'type' => 'module',
  'module' => 
  array (
    0 => 'admin',
    1 => 'index',
    2 => 'test',
  ),
)
[ info ] [ HEADER ] array (
  'host' => 'localhost:8080',
  'user-agent' => 'Mozilla/5.0 (Windows NT 10.0; WOW64; rv:59.0) Gecko/20100101 Firefox/59.0',
  'accept' => 'text/html,application/xhtml+xml,application/xml;q=0.9,*/*;q=0.8',
  'accept-language' => 'zh-CN,zh;q=0.8,zh-TW;q=0.7,zh-HK;q=0.5,en-US;q=0.3,en;q=0.2',
  'accept-encoding' => 'gzip, deflate',
  'cookie' => 'Phpstorm-412f56be=3074bb5d-31ac-4ec9-8a21-a4a32a2682a8; PHPSESSID=dg7g4oh923bhatbhmuvhpbho15',
  'connection' => 'close',
  'upgrade-insecure-requests' => '1',
)
[ info ] [ PARAM ] array (
)
[ info ] [ RUN ] app\admin\controller\Index->test[ G:\php\Apache24\htdocs\imooc_o2o\application\admin\controller\Index.php ]
[ info ] [ LOG ] INIT File

---------------------------------------------------------------
[ 2018-04-19T11:56:39+08:00 ] 127.0.0.1 127.0.0.1 GET /imooc_o2o/public/index.php/admin/index/test
[ log ] localhost:8080/imooc_o2o/public/index.php/admin/index/test [运行时间：0.080008s][吞吐率：12.50req/s] [内存消耗：1,960.41kb] [文件加载：37]
[ info ] [ LANG ] G:\php\Apache24\htdocs\imooc_o2o\thinkphp\lang\zh-cn.php
[ info ] [ ROUTE ] array (
  'type' => 'module',
  'module' => 
  array (
    0 => 'admin',
    1 => 'index',
    2 => 'test',
  ),
)
[ info ] [ HEADER ] array (
  'host' => 'localhost:8080',
  'user-agent' => 'Mozilla/5.0 (Windows NT 10.0; WOW64; rv:59.0) Gecko/20100101 Firefox/59.0',
  'accept' => 'text/html,application/xhtml+xml,application/xml;q=0.9,*/*;q=0.8',
  'accept-language' => 'zh-CN,zh;q=0.8,zh-TW;q=0.7,zh-HK;q=0.5,en-US;q=0.3,en;q=0.2',
  'accept-encoding' => 'gzip, deflate',
  'cookie' => 'Phpstorm-412f56be=3074bb5d-31ac-4ec9-8a21-a4a32a2682a8; PHPSESSID=dg7g4oh923bhatbhmuvhpbho15',
  'connection' => 'close',
  'upgrade-insecure-requests' => '1',
)
[ info ] [ PARAM ] array (
)
[ info ] [ RUN ] app\admin\controller\Index->test[ G:\php\Apache24\htdocs\imooc_o2o\application\admin\controller\Index.php ]
[ info ] [ LOG ] INIT File

---------------------------------------------------------------
[ 2018-04-19T12:09:17+08:00 ] 127.0.0.1 127.0.0.1 GET /imooc_o2o/public/index.php/admin/index/test
[ log ] localhost:8080/imooc_o2o/public/index.php/admin/index/test [运行时间：0.075020s][吞吐率：13.33req/s] [内存消耗：1,960.41kb] [文件加载：37]
[ info ] [ LANG ] G:\php\Apache24\htdocs\imooc_o2o\thinkphp\lang\zh-cn.php
[ info ] [ ROUTE ] array (
  'type' => 'module',
  'module' => 
  array (
    0 => 'admin',
    1 => 'index',
    2 => 'test',
  ),
)
[ info ] [ HEADER ] array (
  'host' => 'localhost:8080',
  'user-agent' => 'Mozilla/5.0 (Windows NT 10.0; WOW64; rv:59.0) Gecko/20100101 Firefox/59.0',
  'accept' => 'text/html,application/xhtml+xml,application/xml;q=0.9,*/*;q=0.8',
  'accept-language' => 'zh-CN,zh;q=0.8,zh-TW;q=0.7,zh-HK;q=0.5,en-US;q=0.3,en;q=0.2',
  'accept-encoding' => 'gzip, deflate',
  'cookie' => 'Phpstorm-412f56be=3074bb5d-31ac-4ec9-8a21-a4a32a2682a8; PHPSESSID=dg7g4oh923bhatbhmuvhpbho15',
  'connection' => 'close',
  'upgrade-insecure-requests' => '1',
)
[ info ] [ PARAM ] array (
)
[ info ] [ RUN ] app\admin\controller\Index->test[ G:\php\Apache24\htdocs\imooc_o2o\application\admin\controller\Index.php ]
[ info ] [ LOG ] INIT File

---------------------------------------------------------------
[ 2018-04-19T17:40:24+08:00 ] 127.0.0.1 127.0.0.1 GET /imooc_o2o/public/index.php/bis/index/index.html
[ log ] localhost:8080/imooc_o2o/public/index.php/bis/index/index.html [运行时间：0.471603s][吞吐率：2.12req/s] [内存消耗：2,098.96kb] [文件加载：39]
[ info ] [ LANG ] G:\php\Apache24\htdocs\imooc_o2o\thinkphp\lang\zh-cn.php
[ info ] [ ROUTE ] array (
  'type' => 'module',
  'module' => 
  array (
    0 => 'bis',
    1 => 'index',
    2 => 'index',
  ),
)
[ info ] [ HEADER ] array (
  'host' => 'localhost:8080',
  'user-agent' => 'Mozilla/5.0 (Windows NT 10.0; WOW64; rv:59.0) Gecko/20100101 Firefox/59.0',
  'accept' => 'text/html,application/xhtml+xml,application/xml;q=0.9,*/*;q=0.8',
  'accept-language' => 'zh-CN,zh;q=0.8,zh-TW;q=0.7,zh-HK;q=0.5,en-US;q=0.3,en;q=0.2',
  'accept-encoding' => 'gzip, deflate',
  'cookie' => 'PHPSESSID=6d4071qknqicqsri4s7eci2m56',
  'connection' => 'close',
  'upgrade-insecure-requests' => '1',
)
[ info ] [ PARAM ] array (
)
[ info ] [ SESSION ] INIT array (
  'id' => '',
  'var_session_id' => '',
  'prefix' => 'think',
  'type' => '',
  'auto_start' => true,
)
[ info ] [ LOG ] INIT File

---------------------------------------------------------------
[ 2018-04-19T17:40:24+08:00 ] 127.0.0.1 127.0.0.1 GET /imooc_o2o/public/index.php/bis/login/index.html
[ log ] localhost:8080/imooc_o2o/public/index.php/bis/login/index.html [运行时间：0.169292s][吞吐率：5.91req/s] [内存消耗：2,287.63kb] [文件加载：39]
[ info ] [ LANG ] G:\php\Apache24\htdocs\imooc_o2o\thinkphp\lang\zh-cn.php
[ info ] [ ROUTE ] array (
  'type' => 'module',
  'module' => 
  array (
    0 => 'bis',
    1 => 'login',
    2 => 'index',
  ),
)
[ info ] [ HEADER ] array (
  'host' => 'localhost:8080',
  'user-agent' => 'Mozilla/5.0 (Windows NT 10.0; WOW64; rv:59.0) Gecko/20100101 Firefox/59.0',
  'accept' => 'text/html,application/xhtml+xml,application/xml;q=0.9,*/*;q=0.8',
  'accept-language' => 'zh-CN,zh;q=0.8,zh-TW;q=0.7,zh-HK;q=0.5,en-US;q=0.3,en;q=0.2',
  'accept-encoding' => 'gzip, deflate',
  'cookie' => 'PHPSESSID=6d4071qknqicqsri4s7eci2m56',
  'connection' => 'close',
  'upgrade-insecure-requests' => '1',
)
[ info ] [ PARAM ] array (
)
[ info ] [ RUN ] app\bis\controller\Login->index[ G:\php\Apache24\htdocs\imooc_o2o\application\bis\controller\Login.php ]
[ info ] [ SESSION ] INIT array (
  'id' => '',
  'var_session_id' => '',
  'prefix' => 'think',
  'type' => '',
  'auto_start' => true,
)
[ info ] [ VIEW ] G:\php\Apache24\htdocs\imooc_o2o\public/../application/bis\view\login\index.html [ array (
) ]
[ info ] [ LOG ] INIT File

---------------------------------------------------------------
[ 2018-04-19T18:03:20+08:00 ] 127.0.0.1 127.0.0.1 GET /imooc_o2o/public/index.php/bis/Register/index
[ log ] localhost:8080/imooc_o2o/public/index.php/bis/Register/index [运行时间：0.589477s][吞吐率：1.70req/s] [内存消耗：3,973.17kb] [文件加载：49]
[ info ] [ LANG ] G:\php\Apache24\htdocs\imooc_o2o\thinkphp\lang\zh-cn.php
[ info ] [ ROUTE ] array (
  'type' => 'module',
  'module' => 
  array (
    0 => 'bis',
    1 => 'Register',
    2 => 'index',
  ),
)
[ info ] [ HEADER ] array (
  'host' => 'localhost:8080',
  'user-agent' => 'Mozilla/5.0 (Windows NT 10.0; WOW64; rv:59.0) Gecko/20100101 Firefox/59.0',
  'accept' => 'text/html,application/xhtml+xml,application/xml;q=0.9,*/*;q=0.8',
  'accept-language' => 'zh-CN,zh;q=0.8,zh-TW;q=0.7,zh-HK;q=0.5,en-US;q=0.3,en;q=0.2',
  'accept-encoding' => 'gzip, deflate',
  'cookie' => 'PHPSESSID=6d4071qknqicqsri4s7eci2m56',
  'connection' => 'close',
  'upgrade-insecure-requests' => '1',
)
[ info ] [ PARAM ] array (
)
[ info ] [ RUN ] app\bis\controller\Register->index[ G:\php\Apache24\htdocs\imooc_o2o\application\bis\controller\Register.php ]
[ info ] [ DB ] INIT mysql
[ info ] [ VIEW ] G:\php\Apache24\htdocs\imooc_o2o\public/../application/bis\view\register\index.html [ array (
  0 => 'city',
  1 => 'category',
) ]
[ info ] [ LOG ] INIT File
[ sql ] [ DB ] CONNECT:[ UseTime:0.003708s ] mysql:dbname=imooc_o2o;host=127.0.0.1;port=3306;charset=utf8
[ sql ] [ SQL ] SHOW COLUMNS FROM `o2o_city` [ RunTime:0.160418s ]
[ sql ] [ SQL ] SELECT * FROM `o2o_city` WHERE  `status` <> -1  AND `parent_id` = 0 ORDER BY `id`  asc [ RunTime:0.002480s ]
[ sql ] [ SQL ] SHOW COLUMNS FROM `o2o_category` [ RunTime:0.088072s ]
[ sql ] [ SQL ] SELECT * FROM `o2o_category` WHERE  `status` <> -1  AND `parent_id` = 0 ORDER BY `listorder`  desc,`id`  desc [ RunTime:0.002322s ]

---------------------------------------------------------------
[ 2018-04-19T18:04:18+08:00 ] 127.0.0.1 127.0.0.1 GET /imooc_o2o/public/index.php/admin/category/index
[ log ] localhost:8080/imooc_o2o/public/index.php/admin/category/index [运行时间：0.261039s][吞吐率：3.83req/s] [内存消耗：4,058.35kb] [文件加载：53]
[ info ] [ LANG ] G:\php\Apache24\htdocs\imooc_o2o\thinkphp\lang\zh-cn.php
[ info ] [ ROUTE ] array (
  'type' => 'module',
  'module' => 
  array (
    0 => 'admin',
    1 => 'category',
    2 => 'index',
  ),
)
[ info ] [ HEADER ] array (
  'host' => 'localhost:8080',
  'user-agent' => 'Mozilla/5.0 (Windows NT 10.0; WOW64; rv:59.0) Gecko/20100101 Firefox/59.0',
  'accept' => 'text/html,application/xhtml+xml,application/xml;q=0.9,*/*;q=0.8',
  'accept-language' => 'zh-CN,zh;q=0.8,zh-TW;q=0.7,zh-HK;q=0.5,en-US;q=0.3,en;q=0.2',
  'accept-encoding' => 'gzip, deflate',
  'cookie' => 'PHPSESSID=6d4071qknqicqsri4s7eci2m56',
  'connection' => 'close',
  'upgrade-insecure-requests' => '1',
)
[ info ] [ PARAM ] array (
)
[ info ] [ DB ] INIT mysql
[ info ] [ RUN ] app\admin\controller\Category->index[ G:\php\Apache24\htdocs\imooc_o2o\application\admin\controller\Category.php ]
[ info ] [ VIEW ] G:\php\Apache24\htdocs\imooc_o2o\public/../application/admin\view\category\index.html [ array (
  0 => 'categories',
) ]
[ info ] [ LOG ] INIT File
[ sql ] [ DB ] CONNECT:[ UseTime:0.001722s ] mysql:dbname=imooc_o2o;host=127.0.0.1;port=3306;charset=utf8
[ sql ] [ SQL ] SHOW COLUMNS FROM `o2o_category` [ RunTime:0.011694s ]
[ sql ] [ SQL ] SELECT COUNT(*) AS tp_count FROM `o2o_category` WHERE  `status` <> -1  AND `parent_id` = 0 LIMIT 1 [ RunTime:0.002273s ]
[ sql ] [ SQL ] SELECT * FROM `o2o_category` WHERE  `status` <> -1  AND `parent_id` = 0 ORDER BY `listorder`  desc,`id`  desc LIMIT 0,5 [ RunTime:0.001388s ]

---------------------------------------------------------------
[ 2018-04-19T18:04:18+08:00 ] 127.0.0.1 127.0.0.1 GET /imooc_o2o/public/index.php/admin/index/map.html
[ log ] localhost:8080/imooc_o2o/public/index.php/admin/index/map.html [运行时间：0.248269s][吞吐率：4.03req/s] [内存消耗：2,061.65kb] [文件加载：42]
[ info ] [ LANG ] G:\php\Apache24\htdocs\imooc_o2o\thinkphp\lang\zh-cn.php
[ info ] [ ROUTE ] array (
  'type' => 'module',
  'module' => 
  array (
    0 => 'admin',
    1 => 'index',
    2 => 'map',
  ),
)
[ info ] [ HEADER ] array (
  'host' => 'localhost:8080',
  'user-agent' => 'Mozilla/5.0 (Windows NT 10.0; WOW64; rv:59.0) Gecko/20100101 Firefox/59.0',
  'accept' => '*/*',
  'accept-language' => 'zh-CN,zh;q=0.8,zh-TW;q=0.7,zh-HK;q=0.5,en-US;q=0.3,en;q=0.2',
  'accept-encoding' => 'gzip, deflate',
  'referer' => 'http://localhost:8080/imooc_o2o/public/index.php/admin/category/index',
  'cookie' => 'PHPSESSID=6d4071qknqicqsri4s7eci2m56',
  'connection' => 'close',
)
[ info ] [ PARAM ] array (
)
[ info ] [ RUN ] app\admin\controller\Index->map[ G:\php\Apache24\htdocs\imooc_o2o\application\admin\controller\Index.php ]
[ info ] [ LOG ] INIT File
[ error ] [1]Call to undefined function doCurl()[G:\php\Apache24\htdocs\imooc_o2o\extend\Map.php:73]

---------------------------------------------------------------
[ 2018-04-19T18:04:50+08:00 ] 127.0.0.1 127.0.0.1 GET /imooc_o2o/public/index.php/admin/category/index
[ log ] localhost:8080/imooc_o2o/public/index.php/admin/category/index [运行时间：0.185852s][吞吐率：5.38req/s] [内存消耗：3,830.33kb] [文件加载：51]
[ info ] [ LANG ] G:\php\Apache24\htdocs\imooc_o2o\thinkphp\lang\zh-cn.php
[ info ] [ ROUTE ] array (
  'type' => 'module',
  'module' => 
  array (
    0 => 'admin',
    1 => 'category',
    2 => 'index',
  ),
)
[ info ] [ HEADER ] array (
  'host' => 'localhost:8080',
  'user-agent' => 'Mozilla/5.0 (Windows NT 10.0; WOW64; rv:59.0) Gecko/20100101 Firefox/59.0',
  'accept' => 'text/html,application/xhtml+xml,application/xml;q=0.9,*/*;q=0.8',
  'accept-language' => 'zh-CN,zh;q=0.8,zh-TW;q=0.7,zh-HK;q=0.5,en-US;q=0.3,en;q=0.2',
  'accept-encoding' => 'gzip, deflate',
  'cookie' => 'PHPSESSID=6d4071qknqicqsri4s7eci2m56',
  'connection' => 'close',
  'upgrade-insecure-requests' => '1',
)
[ info ] [ PARAM ] array (
)
[ info ] [ DB ] INIT mysql
[ info ] [ RUN ] app\admin\controller\Category->index[ G:\php\Apache24\htdocs\imooc_o2o\application\admin\controller\Category.php ]
[ info ] [ VIEW ] G:\php\Apache24\htdocs\imooc_o2o\public/../application/admin\view\category\index.html [ array (
  0 => 'categories',
) ]
[ info ] [ LOG ] INIT File
[ sql ] [ DB ] CONNECT:[ UseTime:0.004945s ] mysql:dbname=imooc_o2o;host=127.0.0.1;port=3306;charset=utf8
[ sql ] [ SQL ] SHOW COLUMNS FROM `o2o_category` [ RunTime:0.009816s ]
[ sql ] [ SQL ] SELECT COUNT(*) AS tp_count FROM `o2o_category` WHERE  `status` <> -1  AND `parent_id` = 0 LIMIT 1 [ RunTime:0.003420s ]
[ sql ] [ SQL ] SELECT * FROM `o2o_category` WHERE  `status` <> -1  AND `parent_id` = 0 ORDER BY `listorder`  desc,`id`  desc LIMIT 0,5 [ RunTime:0.001821s ]

---------------------------------------------------------------
[ 2018-04-19T18:04:50+08:00 ] 127.0.0.1 127.0.0.1 GET /imooc_o2o/public/index.php/admin/index/map.html
[ log ] localhost:8080/imooc_o2o/public/index.php/admin/index/map.html [运行时间：0.084974s][吞吐率：11.77req/s] [内存消耗：2,061.52kb] [文件加载：42]
[ info ] [ LANG ] G:\php\Apache24\htdocs\imooc_o2o\thinkphp\lang\zh-cn.php
[ info ] [ ROUTE ] array (
  'type' => 'module',
  'module' => 
  array (
    0 => 'admin',
    1 => 'index',
    2 => 'map',
  ),
)
[ info ] [ HEADER ] array (
  'host' => 'localhost:8080',
  'user-agent' => 'Mozilla/5.0 (Windows NT 10.0; WOW64; rv:59.0) Gecko/20100101 Firefox/59.0',
  'accept' => '*/*',
  'accept-language' => 'zh-CN,zh;q=0.8,zh-TW;q=0.7,zh-HK;q=0.5,en-US;q=0.3,en;q=0.2',
  'accept-encoding' => 'gzip, deflate',
  'referer' => 'http://localhost:8080/imooc_o2o/public/index.php/admin/category/index',
  'cookie' => 'PHPSESSID=6d4071qknqicqsri4s7eci2m56',
  'connection' => 'close',
)
[ info ] [ PARAM ] array (
)
[ info ] [ RUN ] app\admin\controller\Index->map[ G:\php\Apache24\htdocs\imooc_o2o\application\admin\controller\Index.php ]
[ info ] [ LOG ] INIT File
[ error ] [1]Call to undefined function doCurl()[G:\php\Apache24\htdocs\imooc_o2o\extend\Map.php:73]

---------------------------------------------------------------
[ 2018-04-19T18:04:51+08:00 ] 127.0.0.1 127.0.0.1 GET /imooc_o2o/public/index.php/admin/index/map.html
[ log ] localhost:8080/imooc_o2o/public/index.php/admin/index/map.html [运行时间：0.070310s][吞吐率：14.22req/s] [内存消耗：2,061.52kb] [文件加载：42]
[ info ] [ LANG ] G:\php\Apache24\htdocs\imooc_o2o\thinkphp\lang\zh-cn.php
[ info ] [ ROUTE ] array (
  'type' => 'module',
  'module' => 
  array (
    0 => 'admin',
    1 => 'index',
    2 => 'map',
  ),
)
[ info ] [ HEADER ] array (
  'host' => 'localhost:8080',
  'user-agent' => 'Mozilla/5.0 (Windows NT 10.0; WOW64; rv:59.0) Gecko/20100101 Firefox/59.0',
  'accept' => '*/*',
  'accept-language' => 'zh-CN,zh;q=0.8,zh-TW;q=0.7,zh-HK;q=0.5,en-US;q=0.3,en;q=0.2',
  'accept-encoding' => 'gzip, deflate',
  'referer' => 'http://localhost:8080/imooc_o2o/public/index.php/admin/category/index',
  'cookie' => 'PHPSESSID=6d4071qknqicqsri4s7eci2m56',
  'connection' => 'close',
)
[ info ] [ PARAM ] array (
)
[ info ] [ RUN ] app\admin\controller\Index->map[ G:\php\Apache24\htdocs\imooc_o2o\application\admin\controller\Index.php ]
[ info ] [ LOG ] INIT File
[ error ] [1]Call to undefined function doCurl()[G:\php\Apache24\htdocs\imooc_o2o\extend\Map.php:73]

---------------------------------------------------------------
[ 2018-04-19T18:05:46+08:00 ] 127.0.0.1 127.0.0.1 GET /imooc_o2o/public/index.php/admin/category/index
[ log ] localhost:8080/imooc_o2o/public/index.php/admin/category/index [运行时间：0.219145s][吞吐率：4.56req/s] [内存消耗：3,830.33kb] [文件加载：51]
[ info ] [ LANG ] G:\php\Apache24\htdocs\imooc_o2o\thinkphp\lang\zh-cn.php
[ info ] [ ROUTE ] array (
  'type' => 'module',
  'module' => 
  array (
    0 => 'admin',
    1 => 'category',
    2 => 'index',
  ),
)
[ info ] [ HEADER ] array (
  'host' => 'localhost:8080',
  'user-agent' => 'Mozilla/5.0 (Windows NT 10.0; WOW64; rv:59.0) Gecko/20100101 Firefox/59.0',
  'accept' => 'text/html,application/xhtml+xml,application/xml;q=0.9,*/*;q=0.8',
  'accept-language' => 'zh-CN,zh;q=0.8,zh-TW;q=0.7,zh-HK;q=0.5,en-US;q=0.3,en;q=0.2',
  'accept-encoding' => 'gzip, deflate',
  'cookie' => 'PHPSESSID=6d4071qknqicqsri4s7eci2m56',
  'connection' => 'close',
  'upgrade-insecure-requests' => '1',
)
[ info ] [ PARAM ] array (
)
[ info ] [ DB ] INIT mysql
[ info ] [ RUN ] app\admin\controller\Category->index[ G:\php\Apache24\htdocs\imooc_o2o\application\admin\controller\Category.php ]
[ info ] [ VIEW ] G:\php\Apache24\htdocs\imooc_o2o\public/../application/admin\view\category\index.html [ array (
  0 => 'categories',
) ]
[ info ] [ LOG ] INIT File
[ sql ] [ DB ] CONNECT:[ UseTime:0.001583s ] mysql:dbname=imooc_o2o;host=127.0.0.1;port=3306;charset=utf8
[ sql ] [ SQL ] SHOW COLUMNS FROM `o2o_category` [ RunTime:0.013346s ]
[ sql ] [ SQL ] SELECT COUNT(*) AS tp_count FROM `o2o_category` WHERE  `status` <> -1  AND `parent_id` = 0 LIMIT 1 [ RunTime:0.001357s ]
[ sql ] [ SQL ] SELECT * FROM `o2o_category` WHERE  `status` <> -1  AND `parent_id` = 0 ORDER BY `listorder`  desc,`id`  desc LIMIT 0,5 [ RunTime:0.001679s ]

---------------------------------------------------------------
[ 2018-04-19T18:05:46+08:00 ] 127.0.0.1 127.0.0.1 GET /imooc_o2o/public/index.php/admin/index/map.html
[ log ] localhost:8080/imooc_o2o/public/index.php/admin/index/map.html [运行时间：0.151244s][吞吐率：6.61req/s] [内存消耗：2,047.29kb] [文件加载：42]
[ info ] [ LANG ] G:\php\Apache24\htdocs\imooc_o2o\thinkphp\lang\zh-cn.php
[ info ] [ ROUTE ] array (
  'type' => 'module',
  'module' => 
  array (
    0 => 'admin',
    1 => 'index',
    2 => 'map',
  ),
)
[ info ] [ HEADER ] array (
  'host' => 'localhost:8080',
  'user-agent' => 'Mozilla/5.0 (Windows NT 10.0; WOW64; rv:59.0) Gecko/20100101 Firefox/59.0',
  'accept' => '*/*',
  'accept-language' => 'zh-CN,zh;q=0.8,zh-TW;q=0.7,zh-HK;q=0.5,en-US;q=0.3,en;q=0.2',
  'accept-encoding' => 'gzip, deflate',
  'referer' => 'http://localhost:8080/imooc_o2o/public/index.php/admin/category/index',
  'cookie' => 'PHPSESSID=6d4071qknqicqsri4s7eci2m56',
  'connection' => 'close',
)
[ info ] [ PARAM ] array (
)
[ info ] [ RUN ] app\admin\controller\Index->map[ G:\php\Apache24\htdocs\imooc_o2o\application\admin\controller\Index.php ]
[ info ] [ LOG ] INIT File
[ error ] [2]file_get_contents(?markers=%E9%87%8D%E5%BA%86%E5%B8%82%E6%B2%99%E5%9D%AA%E5%9D%9D%E5%A4%A7%E5%AD%A6%E5%9F%8E): failed to open stream: No such file or directory[G:\php\Apache24\htdocs\imooc_o2o\extend\Map.php:75]

---------------------------------------------------------------
[ 2018-04-19T18:05:48+08:00 ] 127.0.0.1 127.0.0.1 GET /imooc_o2o/public/index.php/admin/category/index
[ log ] localhost:8080/imooc_o2o/public/index.php/admin/category/index [运行时间：0.186109s][吞吐率：5.37req/s] [内存消耗：3,830.33kb] [文件加载：51]
[ info ] [ LANG ] G:\php\Apache24\htdocs\imooc_o2o\thinkphp\lang\zh-cn.php
[ info ] [ ROUTE ] array (
  'type' => 'module',
  'module' => 
  array (
    0 => 'admin',
    1 => 'category',
    2 => 'index',
  ),
)
[ info ] [ HEADER ] array (
  'host' => 'localhost:8080',
  'user-agent' => 'Mozilla/5.0 (Windows NT 10.0; WOW64; rv:59.0) Gecko/20100101 Firefox/59.0',
  'accept' => 'text/html,application/xhtml+xml,application/xml;q=0.9,*/*;q=0.8',
  'accept-language' => 'zh-CN,zh;q=0.8,zh-TW;q=0.7,zh-HK;q=0.5,en-US;q=0.3,en;q=0.2',
  'accept-encoding' => 'gzip, deflate',
  'cookie' => 'PHPSESSID=6d4071qknqicqsri4s7eci2m56',
  'connection' => 'close',
  'upgrade-insecure-requests' => '1',
)
[ info ] [ PARAM ] array (
)
[ info ] [ DB ] INIT mysql
[ info ] [ RUN ] app\admin\controller\Category->index[ G:\php\Apache24\htdocs\imooc_o2o\application\admin\controller\Category.php ]
[ info ] [ VIEW ] G:\php\Apache24\htdocs\imooc_o2o\public/../application/admin\view\category\index.html [ array (
  0 => 'categories',
) ]
[ info ] [ LOG ] INIT File
[ sql ] [ DB ] CONNECT:[ UseTime:0.001773s ] mysql:dbname=imooc_o2o;host=127.0.0.1;port=3306;charset=utf8
[ sql ] [ SQL ] SHOW COLUMNS FROM `o2o_category` [ RunTime:0.024135s ]
[ sql ] [ SQL ] SELECT COUNT(*) AS tp_count FROM `o2o_category` WHERE  `status` <> -1  AND `parent_id` = 0 LIMIT 1 [ RunTime:0.001287s ]
[ sql ] [ SQL ] SELECT * FROM `o2o_category` WHERE  `status` <> -1  AND `parent_id` = 0 ORDER BY `listorder`  desc,`id`  desc LIMIT 0,5 [ RunTime:0.001767s ]

---------------------------------------------------------------
[ 2018-04-19T18:05:49+08:00 ] 127.0.0.1 127.0.0.1 GET /imooc_o2o/public/index.php/admin/index/map.html
[ log ] localhost:8080/imooc_o2o/public/index.php/admin/index/map.html [运行时间：0.069071s][吞吐率：14.48req/s] [内存消耗：2,047.29kb] [文件加载：42]
[ info ] [ LANG ] G:\php\Apache24\htdocs\imooc_o2o\thinkphp\lang\zh-cn.php
[ info ] [ ROUTE ] array (
  'type' => 'module',
  'module' => 
  array (
    0 => 'admin',
    1 => 'index',
    2 => 'map',
  ),
)
[ info ] [ HEADER ] array (
  'host' => 'localhost:8080',
  'user-agent' => 'Mozilla/5.0 (Windows NT 10.0; WOW64; rv:59.0) Gecko/20100101 Firefox/59.0',
  'accept' => '*/*',
  'accept-language' => 'zh-CN,zh;q=0.8,zh-TW;q=0.7,zh-HK;q=0.5,en-US;q=0.3,en;q=0.2',
  'accept-encoding' => 'gzip, deflate',
  'referer' => 'http://localhost:8080/imooc_o2o/public/index.php/admin/category/index',
  'cookie' => 'PHPSESSID=6d4071qknqicqsri4s7eci2m56',
  'connection' => 'close',
)
[ info ] [ PARAM ] array (
)
[ info ] [ RUN ] app\admin\controller\Index->map[ G:\php\Apache24\htdocs\imooc_o2o\application\admin\controller\Index.php ]
[ info ] [ LOG ] INIT File
[ error ] [2]file_get_contents(?markers=%E9%87%8D%E5%BA%86%E5%B8%82%E6%B2%99%E5%9D%AA%E5%9D%9D%E5%A4%A7%E5%AD%A6%E5%9F%8E): failed to open stream: No such file or directory[G:\php\Apache24\htdocs\imooc_o2o\extend\Map.php:75]

---------------------------------------------------------------
[ 2018-04-19T18:07:04+08:00 ] 127.0.0.1 127.0.0.1 GET /imooc_o2o/public/index.php/admin/category/index
[ log ] localhost:8080/imooc_o2o/public/index.php/admin/category/index [运行时间：0.231997s][吞吐率：4.31req/s] [内存消耗：4,058.35kb] [文件加载：53]
[ info ] [ LANG ] G:\php\Apache24\htdocs\imooc_o2o\thinkphp\lang\zh-cn.php
[ info ] [ ROUTE ] array (
  'type' => 'module',
  'module' => 
  array (
    0 => 'admin',
    1 => 'category',
    2 => 'index',
  ),
)
[ info ] [ HEADER ] array (
  'host' => 'localhost:8080',
  'user-agent' => 'Mozilla/5.0 (Windows NT 10.0; WOW64; rv:59.0) Gecko/20100101 Firefox/59.0',
  'accept' => 'text/html,application/xhtml+xml,application/xml;q=0.9,*/*;q=0.8',
  'accept-language' => 'zh-CN,zh;q=0.8,zh-TW;q=0.7,zh-HK;q=0.5,en-US;q=0.3,en;q=0.2',
  'accept-encoding' => 'gzip, deflate',
  'cookie' => 'PHPSESSID=6d4071qknqicqsri4s7eci2m56',
  'connection' => 'close',
  'upgrade-insecure-requests' => '1',
)
[ info ] [ PARAM ] array (
)
[ info ] [ DB ] INIT mysql
[ info ] [ RUN ] app\admin\controller\Category->index[ G:\php\Apache24\htdocs\imooc_o2o\application\admin\controller\Category.php ]
[ info ] [ VIEW ] G:\php\Apache24\htdocs\imooc_o2o\public/../application/admin\view\category\index.html [ array (
  0 => 'categories',
) ]
[ info ] [ LOG ] INIT File
[ sql ] [ DB ] CONNECT:[ UseTime:0.001616s ] mysql:dbname=imooc_o2o;host=127.0.0.1;port=3306;charset=utf8
[ sql ] [ SQL ] SHOW COLUMNS FROM `o2o_category` [ RunTime:0.011737s ]
[ sql ] [ SQL ] SELECT COUNT(*) AS tp_count FROM `o2o_category` WHERE  `status` <> -1  AND `parent_id` = 0 LIMIT 1 [ RunTime:0.006846s ]
[ sql ] [ SQL ] SELECT * FROM `o2o_category` WHERE  `status` <> -1  AND `parent_id` = 0 ORDER BY `listorder`  desc,`id`  desc LIMIT 0,5 [ RunTime:0.001296s ]

---------------------------------------------------------------
[ 2018-04-19T18:07:04+08:00 ] 127.0.0.1 127.0.0.1 GET /imooc_o2o/public/index.php/admin/index/map.html
[ log ] localhost:8080/imooc_o2o/public/index.php/admin/index/map.html [运行时间：0.113508s][吞吐率：8.81req/s] [内存消耗：2,047.23kb] [文件加载：42]
[ info ] [ LANG ] G:\php\Apache24\htdocs\imooc_o2o\thinkphp\lang\zh-cn.php
[ info ] [ ROUTE ] array (
  'type' => 'module',
  'module' => 
  array (
    0 => 'admin',
    1 => 'index',
    2 => 'map',
  ),
)
[ info ] [ HEADER ] array (
  'host' => 'localhost:8080',
  'user-agent' => 'Mozilla/5.0 (Windows NT 10.0; WOW64; rv:59.0) Gecko/20100101 Firefox/59.0',
  'accept' => '*/*',
  'accept-language' => 'zh-CN,zh;q=0.8,zh-TW;q=0.7,zh-HK;q=0.5,en-US;q=0.3,en;q=0.2',
  'accept-encoding' => 'gzip, deflate',
  'referer' => 'http://localhost:8080/imooc_o2o/public/index.php/admin/category/index',
  'cookie' => 'PHPSESSID=6d4071qknqicqsri4s7eci2m56',
  'connection' => 'close',
)
[ info ] [ PARAM ] array (
)
[ info ] [ RUN ] app\admin\controller\Index->map[ G:\php\Apache24\htdocs\imooc_o2o\application\admin\controller\Index.php ]
[ info ] [ LOG ] INIT File
[ error ] [2]file_get_contents(?markers=%E9%87%8D%E5%BA%86%E5%B8%82%E6%B2%99%E5%9D%AA%E5%9D%9D%E5%A4%A7%E5%AD%A6%E5%9F%8E): failed to open stream: No such file or directory[G:\php\Apache24\htdocs\imooc_o2o\extend\Map.php:75]

---------------------------------------------------------------
[ 2018-04-19T18:07:06+08:00 ] 127.0.0.1 127.0.0.1 GET /imooc_o2o/public/index.php/admin/index/map.html
[ log ] localhost:8080/imooc_o2o/public/index.php/admin/index/map.html [运行时间：0.086127s][吞吐率：11.61req/s] [内存消耗：2,047.23kb] [文件加载：42]
[ info ] [ LANG ] G:\php\Apache24\htdocs\imooc_o2o\thinkphp\lang\zh-cn.php
[ info ] [ ROUTE ] array (
  'type' => 'module',
  'module' => 
  array (
    0 => 'admin',
    1 => 'index',
    2 => 'map',
  ),
)
[ info ] [ HEADER ] array (
  'host' => 'localhost:8080',
  'user-agent' => 'Mozilla/5.0 (Windows NT 10.0; WOW64; rv:59.0) Gecko/20100101 Firefox/59.0',
  'accept' => '*/*',
  'accept-language' => 'zh-CN,zh;q=0.8,zh-TW;q=0.7,zh-HK;q=0.5,en-US;q=0.3,en;q=0.2',
  'accept-encoding' => 'gzip, deflate',
  'referer' => 'http://localhost:8080/imooc_o2o/public/index.php/admin/category/index',
  'cookie' => 'PHPSESSID=6d4071qknqicqsri4s7eci2m56',
  'connection' => 'close',
)
[ info ] [ PARAM ] array (
)
[ info ] [ RUN ] app\admin\controller\Index->map[ G:\php\Apache24\htdocs\imooc_o2o\application\admin\controller\Index.php ]
[ info ] [ LOG ] INIT File
[ error ] [2]file_get_contents(?markers=%E9%87%8D%E5%BA%86%E5%B8%82%E6%B2%99%E5%9D%AA%E5%9D%9D%E5%A4%A7%E5%AD%A6%E5%9F%8E): failed to open stream: No such file or directory[G:\php\Apache24\htdocs\imooc_o2o\extend\Map.php:75]

---------------------------------------------------------------
[ 2018-04-19T18:09:48+08:00 ] 127.0.0.1 127.0.0.1 GET /imooc_o2o/public/index.php/admin/category/index
[ log ] localhost:8080/imooc_o2o/public/index.php/admin/category/index [运行时间：0.133992s][吞吐率：7.46req/s] [内存消耗：3,830.30kb] [文件加载：51]
[ info ] [ LANG ] G:\php\Apache24\htdocs\imooc_o2o\thinkphp\lang\zh-cn.php
[ info ] [ ROUTE ] array (
  'type' => 'module',
  'module' => 
  array (
    0 => 'admin',
    1 => 'category',
    2 => 'index',
  ),
)
[ info ] [ HEADER ] array (
  'host' => 'localhost:8080',
  'user-agent' => 'Mozilla/5.0 (Windows NT 10.0; WOW64; rv:59.0) Gecko/20100101 Firefox/59.0',
  'accept' => 'text/html,application/xhtml+xml,application/xml;q=0.9,*/*;q=0.8',
  'accept-language' => 'zh-CN,zh;q=0.8,zh-TW;q=0.7,zh-HK;q=0.5,en-US;q=0.3,en;q=0.2',
  'accept-encoding' => 'gzip, deflate',
  'cookie' => 'PHPSESSID=6d4071qknqicqsri4s7eci2m56',
  'connection' => 'close',
  'upgrade-insecure-requests' => '1',
)
[ info ] [ PARAM ] array (
)
[ info ] [ DB ] INIT mysql
[ info ] [ RUN ] app\admin\controller\Category->index[ G:\php\Apache24\htdocs\imooc_o2o\application\admin\controller\Category.php ]
[ info ] [ VIEW ] G:\php\Apache24\htdocs\imooc_o2o\public/../application/admin\view\category\index.html [ array (
  0 => 'categories',
) ]
[ info ] [ LOG ] INIT File
[ sql ] [ DB ] CONNECT:[ UseTime:0.001455s ] mysql:dbname=imooc_o2o;host=127.0.0.1;port=3306;charset=utf8
[ sql ] [ SQL ] SHOW COLUMNS FROM `o2o_category` [ RunTime:0.015265s ]
[ sql ] [ SQL ] SELECT COUNT(*) AS tp_count FROM `o2o_category` WHERE  `status` <> -1  AND `parent_id` = 0 LIMIT 1 [ RunTime:0.001408s ]
[ sql ] [ SQL ] SELECT * FROM `o2o_category` WHERE  `status` <> -1  AND `parent_id` = 0 ORDER BY `listorder`  desc,`id`  desc LIMIT 0,5 [ RunTime:0.001591s ]

---------------------------------------------------------------
[ 2018-04-19T18:09:48+08:00 ] 127.0.0.1 127.0.0.1 GET /imooc_o2o/public/index.php/admin/index/map.html
[ log ] localhost:8080/imooc_o2o/public/index.php/admin/index/map.html [运行时间：0.137738s][吞吐率：7.26req/s] [内存消耗：2,047.20kb] [文件加载：42]
[ info ] [ LANG ] G:\php\Apache24\htdocs\imooc_o2o\thinkphp\lang\zh-cn.php
[ info ] [ ROUTE ] array (
  'type' => 'module',
  'module' => 
  array (
    0 => 'admin',
    1 => 'index',
    2 => 'map',
  ),
)
[ info ] [ HEADER ] array (
  'host' => 'localhost:8080',
  'user-agent' => 'Mozilla/5.0 (Windows NT 10.0; WOW64; rv:59.0) Gecko/20100101 Firefox/59.0',
  'accept' => '*/*',
  'accept-language' => 'zh-CN,zh;q=0.8,zh-TW;q=0.7,zh-HK;q=0.5,en-US;q=0.3,en;q=0.2',
  'accept-encoding' => 'gzip, deflate',
  'referer' => 'http://localhost:8080/imooc_o2o/public/index.php/admin/category/index',
  'cookie' => 'PHPSESSID=6d4071qknqicqsri4s7eci2m56',
  'connection' => 'close',
)
[ info ] [ PARAM ] array (
)
[ info ] [ RUN ] app\admin\controller\Index->map[ G:\php\Apache24\htdocs\imooc_o2o\application\admin\controller\Index.php ]
[ info ] [ LOG ] INIT File
[ error ] [2]file_get_contents(?markers=%E9%87%8D%E5%BA%86%E5%B8%82%E6%B2%99%E5%9D%AA%E5%9D%9D%E5%A4%A7%E5%AD%A6%E5%9F%8E): failed to open stream: No such file or directory[G:\php\Apache24\htdocs\imooc_o2o\extend\Map.php:75]

---------------------------------------------------------------
[ 2018-04-19T18:09:50+08:00 ] 127.0.0.1 127.0.0.1 GET /imooc_o2o/public/index.php/admin/index/map.html
[ log ] localhost:8080/imooc_o2o/public/index.php/admin/index/map.html [运行时间：0.058988s][吞吐率：16.95req/s] [内存消耗：2,047.20kb] [文件加载：42]
[ info ] [ LANG ] G:\php\Apache24\htdocs\imooc_o2o\thinkphp\lang\zh-cn.php
[ info ] [ ROUTE ] array (
  'type' => 'module',
  'module' => 
  array (
    0 => 'admin',
    1 => 'index',
    2 => 'map',
  ),
)
[ info ] [ HEADER ] array (
  'host' => 'localhost:8080',
  'user-agent' => 'Mozilla/5.0 (Windows NT 10.0; WOW64; rv:59.0) Gecko/20100101 Firefox/59.0',
  'accept' => '*/*',
  'accept-language' => 'zh-CN,zh;q=0.8,zh-TW;q=0.7,zh-HK;q=0.5,en-US;q=0.3,en;q=0.2',
  'accept-encoding' => 'gzip, deflate',
  'referer' => 'http://localhost:8080/imooc_o2o/public/index.php/admin/category/index',
  'cookie' => 'PHPSESSID=6d4071qknqicqsri4s7eci2m56',
  'connection' => 'close',
)
[ info ] [ PARAM ] array (
)
[ info ] [ RUN ] app\admin\controller\Index->map[ G:\php\Apache24\htdocs\imooc_o2o\application\admin\controller\Index.php ]
[ info ] [ LOG ] INIT File
[ error ] [2]file_get_contents(?markers=%E9%87%8D%E5%BA%86%E5%B8%82%E6%B2%99%E5%9D%AA%E5%9D%9D%E5%A4%A7%E5%AD%A6%E5%9F%8E): failed to open stream: No such file or directory[G:\php\Apache24\htdocs\imooc_o2o\extend\Map.php:75]

---------------------------------------------------------------
[ 2018-04-19T18:11:54+08:00 ] 127.0.0.1 127.0.0.1 GET /imooc_o2o/public/index.php/admin/category/index
[ log ] localhost:8080/imooc_o2o/public/index.php/admin/category/index [运行时间：0.158409s][吞吐率：6.31req/s] [内存消耗：3,830.30kb] [文件加载：51]
[ info ] [ LANG ] G:\php\Apache24\htdocs\imooc_o2o\thinkphp\lang\zh-cn.php
[ info ] [ ROUTE ] array (
  'type' => 'module',
  'module' => 
  array (
    0 => 'admin',
    1 => 'category',
    2 => 'index',
  ),
)
[ info ] [ HEADER ] array (
  'host' => 'localhost:8080',
  'user-agent' => 'Mozilla/5.0 (Windows NT 10.0; WOW64; rv:59.0) Gecko/20100101 Firefox/59.0',
  'accept' => 'text/html,application/xhtml+xml,application/xml;q=0.9,*/*;q=0.8',
  'accept-language' => 'zh-CN,zh;q=0.8,zh-TW;q=0.7,zh-HK;q=0.5,en-US;q=0.3,en;q=0.2',
  'accept-encoding' => 'gzip, deflate',
  'cookie' => 'PHPSESSID=6d4071qknqicqsri4s7eci2m56',
  'connection' => 'close',
  'upgrade-insecure-requests' => '1',
)
[ info ] [ PARAM ] array (
)
[ info ] [ DB ] INIT mysql
[ info ] [ RUN ] app\admin\controller\Category->index[ G:\php\Apache24\htdocs\imooc_o2o\application\admin\controller\Category.php ]
[ info ] [ VIEW ] G:\php\Apache24\htdocs\imooc_o2o\public/../application/admin\view\category\index.html [ array (
  0 => 'categories',
) ]
[ info ] [ LOG ] INIT File
[ sql ] [ DB ] CONNECT:[ UseTime:0.001689s ] mysql:dbname=imooc_o2o;host=127.0.0.1;port=3306;charset=utf8
[ sql ] [ SQL ] SHOW COLUMNS FROM `o2o_category` [ RunTime:0.011738s ]
[ sql ] [ SQL ] SELECT COUNT(*) AS tp_count FROM `o2o_category` WHERE  `status` <> -1  AND `parent_id` = 0 LIMIT 1 [ RunTime:0.001319s ]
[ sql ] [ SQL ] SELECT * FROM `o2o_category` WHERE  `status` <> -1  AND `parent_id` = 0 ORDER BY `listorder`  desc,`id`  desc LIMIT 0,5 [ RunTime:0.001738s ]

---------------------------------------------------------------
[ 2018-04-19T18:11:55+08:00 ] 127.0.0.1 127.0.0.1 GET /imooc_o2o/public/index.php/admin/index/map.html
[ log ] localhost:8080/imooc_o2o/public/index.php/admin/index/map.html [运行时间：0.113598s][吞吐率：8.80req/s] [内存消耗：2,047.21kb] [文件加载：42]
[ info ] [ LANG ] G:\php\Apache24\htdocs\imooc_o2o\thinkphp\lang\zh-cn.php
[ info ] [ ROUTE ] array (
  'type' => 'module',
  'module' => 
  array (
    0 => 'admin',
    1 => 'index',
    2 => 'map',
  ),
)
[ info ] [ HEADER ] array (
  'host' => 'localhost:8080',
  'user-agent' => 'Mozilla/5.0 (Windows NT 10.0; WOW64; rv:59.0) Gecko/20100101 Firefox/59.0',
  'accept' => '*/*',
  'accept-language' => 'zh-CN,zh;q=0.8,zh-TW;q=0.7,zh-HK;q=0.5,en-US;q=0.3,en;q=0.2',
  'accept-encoding' => 'gzip, deflate',
  'referer' => 'http://localhost:8080/imooc_o2o/public/index.php/admin/category/index',
  'cookie' => 'PHPSESSID=6d4071qknqicqsri4s7eci2m56',
  'connection' => 'close',
)
[ info ] [ PARAM ] array (
)
[ info ] [ RUN ] app\admin\controller\Index->map[ G:\php\Apache24\htdocs\imooc_o2o\application\admin\controller\Index.php ]
[ info ] [ LOG ] INIT File
[ error ] [2]file_get_contents(?center=%E9%87%8D%E5%BA%86%E5%B8%82%E6%B2%99%E5%9D%AA%E5%9D%9D%E5%A4%A7%E5%AD%A6%E5%9F%8E&amp;markers=%E9%87%8D%E5%BA%86%E5%B8%82%E6%B2%99%E5%9D%AA%E5%9D%9D%E5%A4%A7%E5%AD%A6%E5%9F%8E): failed to open stream: No such file or directory[G:\php\Apache24\htdocs\imooc_o2o\extend\Map.php:75]

---------------------------------------------------------------
[ 2018-04-19T18:11:56+08:00 ] 127.0.0.1 127.0.0.1 GET /imooc_o2o/public/index.php/admin/index/map.html
[ log ] localhost:8080/imooc_o2o/public/index.php/admin/index/map.html [运行时间：0.092454s][吞吐率：10.82req/s] [内存消耗：2,047.20kb] [文件加载：42]
[ info ] [ LANG ] G:\php\Apache24\htdocs\imooc_o2o\thinkphp\lang\zh-cn.php
[ info ] [ ROUTE ] array (
  'type' => 'module',
  'module' => 
  array (
    0 => 'admin',
    1 => 'index',
    2 => 'map',
  ),
)
[ info ] [ HEADER ] array (
  'host' => 'localhost:8080',
  'user-agent' => 'Mozilla/5.0 (Windows NT 10.0; WOW64; rv:59.0) Gecko/20100101 Firefox/59.0',
  'accept' => '*/*',
  'accept-language' => 'zh-CN,zh;q=0.8,zh-TW;q=0.7,zh-HK;q=0.5,en-US;q=0.3,en;q=0.2',
  'accept-encoding' => 'gzip, deflate',
  'referer' => 'http://localhost:8080/imooc_o2o/public/index.php/admin/category/index',
  'cookie' => 'PHPSESSID=6d4071qknqicqsri4s7eci2m56',
  'connection' => 'close',
)
[ info ] [ PARAM ] array (
)
[ info ] [ RUN ] app\admin\controller\Index->map[ G:\php\Apache24\htdocs\imooc_o2o\application\admin\controller\Index.php ]
[ info ] [ LOG ] INIT File
[ error ] [2]file_get_contents(?center=%E9%87%8D%E5%BA%86%E5%B8%82%E6%B2%99%E5%9D%AA%E5%9D%9D%E5%A4%A7%E5%AD%A6%E5%9F%8E&amp;markers=%E9%87%8D%E5%BA%86%E5%B8%82%E6%B2%99%E5%9D%AA%E5%9D%9D%E5%A4%A7%E5%AD%A6%E5%9F%8E): failed to open stream: No such file or directory[G:\php\Apache24\htdocs\imooc_o2o\extend\Map.php:75]

---------------------------------------------------------------
[ 2018-04-19T18:11:59+08:00 ] 127.0.0.1 127.0.0.1 GET /imooc_o2o/public/index.php/admin/category/index
[ log ] localhost:8080/imooc_o2o/public/index.php/admin/category/index [运行时间：0.106751s][吞吐率：9.37req/s] [内存消耗：3,830.30kb] [文件加载：51]
[ info ] [ LANG ] G:\php\Apache24\htdocs\imooc_o2o\thinkphp\lang\zh-cn.php
[ info ] [ ROUTE ] array (
  'type' => 'module',
  'module' => 
  array (
    0 => 'admin',
    1 => 'category',
    2 => 'index',
  ),
)
[ info ] [ HEADER ] array (
  'host' => 'localhost:8080',
  'user-agent' => 'Mozilla/5.0 (Windows NT 10.0; WOW64; rv:59.0) Gecko/20100101 Firefox/59.0',
  'accept' => 'text/html,application/xhtml+xml,application/xml;q=0.9,*/*;q=0.8',
  'accept-language' => 'zh-CN,zh;q=0.8,zh-TW;q=0.7,zh-HK;q=0.5,en-US;q=0.3,en;q=0.2',
  'accept-encoding' => 'gzip, deflate',
  'cookie' => 'PHPSESSID=6d4071qknqicqsri4s7eci2m56',
  'connection' => 'close',
  'upgrade-insecure-requests' => '1',
)
[ info ] [ PARAM ] array (
)
[ info ] [ DB ] INIT mysql
[ info ] [ RUN ] app\admin\controller\Category->index[ G:\php\Apache24\htdocs\imooc_o2o\application\admin\controller\Category.php ]
[ info ] [ VIEW ] G:\php\Apache24\htdocs\imooc_o2o\public/../application/admin\view\category\index.html [ array (
  0 => 'categories',
) ]
[ info ] [ LOG ] INIT File
[ sql ] [ DB ] CONNECT:[ UseTime:0.001546s ] mysql:dbname=imooc_o2o;host=127.0.0.1;port=3306;charset=utf8
[ sql ] [ SQL ] SHOW COLUMNS FROM `o2o_category` [ RunTime:0.011910s ]
[ sql ] [ SQL ] SELECT COUNT(*) AS tp_count FROM `o2o_category` WHERE  `status` <> -1  AND `parent_id` = 0 LIMIT 1 [ RunTime:0.001898s ]
[ sql ] [ SQL ] SELECT * FROM `o2o_category` WHERE  `status` <> -1  AND `parent_id` = 0 ORDER BY `listorder`  desc,`id`  desc LIMIT 0,5 [ RunTime:0.003020s ]

---------------------------------------------------------------
[ 2018-04-19T18:11:59+08:00 ] 127.0.0.1 127.0.0.1 GET /imooc_o2o/public/index.php/admin/index/map.html
[ log ] localhost:8080/imooc_o2o/public/index.php/admin/index/map.html [运行时间：0.210488s][吞吐率：4.75req/s] [内存消耗：2,047.20kb] [文件加载：42]
[ info ] [ LANG ] G:\php\Apache24\htdocs\imooc_o2o\thinkphp\lang\zh-cn.php
[ info ] [ ROUTE ] array (
  'type' => 'module',
  'module' => 
  array (
    0 => 'admin',
    1 => 'index',
    2 => 'map',
  ),
)
[ info ] [ HEADER ] array (
  'host' => 'localhost:8080',
  'user-agent' => 'Mozilla/5.0 (Windows NT 10.0; WOW64; rv:59.0) Gecko/20100101 Firefox/59.0',
  'accept' => '*/*',
  'accept-language' => 'zh-CN,zh;q=0.8,zh-TW;q=0.7,zh-HK;q=0.5,en-US;q=0.3,en;q=0.2',
  'accept-encoding' => 'gzip, deflate',
  'referer' => 'http://localhost:8080/imooc_o2o/public/index.php/admin/category/index',
  'cookie' => 'PHPSESSID=6d4071qknqicqsri4s7eci2m56',
  'connection' => 'close',
)
[ info ] [ PARAM ] array (
)
[ info ] [ RUN ] app\admin\controller\Index->map[ G:\php\Apache24\htdocs\imooc_o2o\application\admin\controller\Index.php ]
[ info ] [ LOG ] INIT File
[ error ] [2]file_get_contents(?center=%E9%87%8D%E5%BA%86%E5%B8%82%E6%B2%99%E5%9D%AA%E5%9D%9D%E5%A4%A7%E5%AD%A6%E5%9F%8E&amp;markers=%E9%87%8D%E5%BA%86%E5%B8%82%E6%B2%99%E5%9D%AA%E5%9D%9D%E5%A4%A7%E5%AD%A6%E5%9F%8E): failed to open stream: No such file or directory[G:\php\Apache24\htdocs\imooc_o2o\extend\Map.php:75]

---------------------------------------------------------------
[ 2018-04-19T18:12:00+08:00 ] 127.0.0.1 127.0.0.1 GET /imooc_o2o/public/index.php/admin/index/map.html
[ log ] localhost:8080/imooc_o2o/public/index.php/admin/index/map.html [运行时间：0.117251s][吞吐率：8.53req/s] [内存消耗：2,047.20kb] [文件加载：42]
[ info ] [ LANG ] G:\php\Apache24\htdocs\imooc_o2o\thinkphp\lang\zh-cn.php
[ info ] [ ROUTE ] array (
  'type' => 'module',
  'module' => 
  array (
    0 => 'admin',
    1 => 'index',
    2 => 'map',
  ),
)
[ info ] [ HEADER ] array (
  'host' => 'localhost:8080',
  'user-agent' => 'Mozilla/5.0 (Windows NT 10.0; WOW64; rv:59.0) Gecko/20100101 Firefox/59.0',
  'accept' => '*/*',
  'accept-language' => 'zh-CN,zh;q=0.8,zh-TW;q=0.7,zh-HK;q=0.5,en-US;q=0.3,en;q=0.2',
  'accept-encoding' => 'gzip, deflate',
  'referer' => 'http://localhost:8080/imooc_o2o/public/index.php/admin/category/index',
  'cookie' => 'PHPSESSID=6d4071qknqicqsri4s7eci2m56',
  'connection' => 'close',
)
[ info ] [ PARAM ] array (
)
[ info ] [ RUN ] app\admin\controller\Index->map[ G:\php\Apache24\htdocs\imooc_o2o\application\admin\controller\Index.php ]
[ info ] [ LOG ] INIT File
[ error ] [2]file_get_contents(?center=%E9%87%8D%E5%BA%86%E5%B8%82%E6%B2%99%E5%9D%AA%E5%9D%9D%E5%A4%A7%E5%AD%A6%E5%9F%8E&amp;markers=%E9%87%8D%E5%BA%86%E5%B8%82%E6%B2%99%E5%9D%AA%E5%9D%9D%E5%A4%A7%E5%AD%A6%E5%9F%8E): failed to open stream: No such file or directory[G:\php\Apache24\htdocs\imooc_o2o\extend\Map.php:75]

---------------------------------------------------------------
