[ 2018-04-20T09:27:30+08:00 ] 127.0.0.1 127.0.0.1 GET /imooc_o2o/public/index.php/bis/Register/index
[ log ] localhost:8080/imooc_o2o/public/index.php/bis/Register/index [运行时间：2.011989s][吞吐率：0.50req/s] [内存消耗：3,744.90kb] [文件加载：47]
[ info ] [ LANG ] G:\php\Apache24\htdocs\imooc_o2o\thinkphp\lang\zh-cn.php
[ info ] [ ROUTE ] array (
  'type' => 'module',
  'module' => 
  array (
    0 => 'bis',
    1 => 'Register',
    2 => 'index',
  ),
)
[ info ] [ HEADER ] array (
  'host' => 'localhost:8080',
  'user-agent' => 'Mozilla/5.0 (Windows NT 10.0; WOW64; rv:59.0) Gecko/20100101 Firefox/59.0',
  'accept' => 'text/html,application/xhtml+xml,application/xml;q=0.9,*/*;q=0.8',
  'accept-language' => 'zh-CN,zh;q=0.8,zh-TW;q=0.7,zh-HK;q=0.5,en-US;q=0.3,en;q=0.2',
  'accept-encoding' => 'gzip, deflate',
  'connection' => 'close',
  'upgrade-insecure-requests' => '1',
)
[ info ] [ PARAM ] array (
)
[ info ] [ RUN ] app\bis\controller\Register->index[ G:\php\Apache24\htdocs\imooc_o2o\application\bis\controller\Register.php ]
[ info ] [ DB ] INIT mysql
[ info ] [ VIEW ] G:\php\Apache24\htdocs\imooc_o2o\public/../application/bis\view\register\index.html [ array (
  0 => 'city',
  1 => 'category',
) ]
[ info ] [ LOG ] INIT File
[ sql ] [ DB ] CONNECT:[ UseTime:0.001236s ] mysql:dbname=imooc_o2o;host=127.0.0.1;port=3306;charset=utf8
[ sql ] [ SQL ] SHOW COLUMNS FROM `o2o_city` [ RunTime:0.369784s ]
[ sql ] [ SQL ] SELECT * FROM `o2o_city` WHERE  `status` <> -1  AND `parent_id` = 0 ORDER BY `id`  asc [ RunTime:0.001621s ]
[ sql ] [ SQL ] SHOW COLUMNS FROM `o2o_category` [ RunTime:0.181455s ]
[ sql ] [ SQL ] SELECT * FROM `o2o_category` WHERE  `status` <> -1  AND `parent_id` = 0 ORDER BY `listorder`  desc,`id`  desc [ RunTime:0.001133s ]

---------------------------------------------------------------
[ 2018-04-20T09:27:52+08:00 ] 127.0.0.1 127.0.0.1 GET /imooc_o2o/public/index.php/admin/category/index
[ log ] localhost:8080/imooc_o2o/public/index.php/admin/category/index [运行时间：0.327429s][吞吐率：3.05req/s] [内存消耗：3,834.70kb] [文件加载：51]
[ info ] [ LANG ] G:\php\Apache24\htdocs\imooc_o2o\thinkphp\lang\zh-cn.php
[ info ] [ ROUTE ] array (
  'type' => 'module',
  'module' => 
  array (
    0 => 'admin',
    1 => 'category',
    2 => 'index',
  ),
)
[ info ] [ HEADER ] array (
  'host' => 'localhost:8080',
  'user-agent' => 'Mozilla/5.0 (Windows NT 10.0; WOW64; rv:59.0) Gecko/20100101 Firefox/59.0',
  'accept' => 'text/html,application/xhtml+xml,application/xml;q=0.9,*/*;q=0.8',
  'accept-language' => 'zh-CN,zh;q=0.8,zh-TW;q=0.7,zh-HK;q=0.5,en-US;q=0.3,en;q=0.2',
  'accept-encoding' => 'gzip, deflate',
  'connection' => 'close',
  'upgrade-insecure-requests' => '1',
)
[ info ] [ PARAM ] array (
)
[ info ] [ DB ] INIT mysql
[ info ] [ RUN ] app\admin\controller\Category->index[ G:\php\Apache24\htdocs\imooc_o2o\application\admin\controller\Category.php ]
[ info ] [ VIEW ] G:\php\Apache24\htdocs\imooc_o2o\public/../application/admin\view\category\index.html [ array (
  0 => 'categories',
) ]
[ info ] [ LOG ] INIT File
[ sql ] [ DB ] CONNECT:[ UseTime:0.001657s ] mysql:dbname=imooc_o2o;host=127.0.0.1;port=3306;charset=utf8
[ sql ] [ SQL ] SHOW COLUMNS FROM `o2o_category` [ RunTime:0.015000s ]
[ sql ] [ SQL ] SELECT COUNT(*) AS tp_count FROM `o2o_category` WHERE  `status` <> -1  AND `parent_id` = 0 LIMIT 1 [ RunTime:0.003586s ]
[ sql ] [ SQL ] SELECT * FROM `o2o_category` WHERE  `status` <> -1  AND `parent_id` = 0 ORDER BY `listorder`  desc,`id`  desc LIMIT 0,5 [ RunTime:0.010213s ]

---------------------------------------------------------------
[ 2018-04-20T09:27:52+08:00 ] 127.0.0.1 127.0.0.1 GET /imooc_o2o/public/index.php/admin/index/map.html
[ log ] localhost:8080/imooc_o2o/public/index.php/admin/index/map.html [运行时间：0.049257s][吞吐率：20.30req/s] [内存消耗：1,974.27kb] [文件加载：38]
[ info ] [ LANG ] G:\php\Apache24\htdocs\imooc_o2o\thinkphp\lang\zh-cn.php
[ info ] [ ROUTE ] array (
  'type' => 'module',
  'module' => 
  array (
    0 => 'admin',
    1 => 'index',
    2 => 'map',
  ),
)
[ info ] [ HEADER ] array (
  'host' => 'localhost:8080',
  'user-agent' => 'Mozilla/5.0 (Windows NT 10.0; WOW64; rv:59.0) Gecko/20100101 Firefox/59.0',
  'accept' => '*/*',
  'accept-language' => 'zh-CN,zh;q=0.8,zh-TW;q=0.7,zh-HK;q=0.5,en-US;q=0.3,en;q=0.2',
  'accept-encoding' => 'gzip, deflate',
  'referer' => 'http://localhost:8080/imooc_o2o/public/index.php/admin/category/index',
  'connection' => 'close',
)
[ info ] [ PARAM ] array (
)
[ info ] [ RUN ] app\admin\controller\Index->map[ G:\php\Apache24\htdocs\imooc_o2o\application\admin\controller\Index.php ]
[ info ] [ LOG ] INIT File

---------------------------------------------------------------
[ 2018-04-20T09:27:57+08:00 ] 127.0.0.1 127.0.0.1 GET /imooc_o2o/public/index.php/admin/category/index
[ log ] localhost:8080/imooc_o2o/public/index.php/admin/category/index [运行时间：0.208762s][吞吐率：4.79req/s] [内存消耗：3,834.70kb] [文件加载：51]
[ info ] [ LANG ] G:\php\Apache24\htdocs\imooc_o2o\thinkphp\lang\zh-cn.php
[ info ] [ ROUTE ] array (
  'type' => 'module',
  'module' => 
  array (
    0 => 'admin',
    1 => 'category',
    2 => 'index',
  ),
)
[ info ] [ HEADER ] array (
  'host' => 'localhost:8080',
  'user-agent' => 'Mozilla/5.0 (Windows NT 10.0; WOW64; rv:59.0) Gecko/20100101 Firefox/59.0',
  'accept' => 'text/html,application/xhtml+xml,application/xml;q=0.9,*/*;q=0.8',
  'accept-language' => 'zh-CN,zh;q=0.8,zh-TW;q=0.7,zh-HK;q=0.5,en-US;q=0.3,en;q=0.2',
  'accept-encoding' => 'gzip, deflate',
  'connection' => 'close',
  'upgrade-insecure-requests' => '1',
)
[ info ] [ PARAM ] array (
)
[ info ] [ DB ] INIT mysql
[ info ] [ RUN ] app\admin\controller\Category->index[ G:\php\Apache24\htdocs\imooc_o2o\application\admin\controller\Category.php ]
[ info ] [ VIEW ] G:\php\Apache24\htdocs\imooc_o2o\public/../application/admin\view\category\index.html [ array (
  0 => 'categories',
) ]
[ info ] [ LOG ] INIT File
[ sql ] [ DB ] CONNECT:[ UseTime:0.013707s ] mysql:dbname=imooc_o2o;host=127.0.0.1;port=3306;charset=utf8
[ sql ] [ SQL ] SHOW COLUMNS FROM `o2o_category` [ RunTime:0.021280s ]
[ sql ] [ SQL ] SELECT COUNT(*) AS tp_count FROM `o2o_category` WHERE  `status` <> -1  AND `parent_id` = 0 LIMIT 1 [ RunTime:0.001320s ]
[ sql ] [ SQL ] SELECT * FROM `o2o_category` WHERE  `status` <> -1  AND `parent_id` = 0 ORDER BY `listorder`  desc,`id`  desc LIMIT 0,5 [ RunTime:0.001495s ]

---------------------------------------------------------------
[ 2018-04-20T09:27:57+08:00 ] 127.0.0.1 127.0.0.1 GET /imooc_o2o/public/index.php/admin/index/map.html
[ log ] localhost:8080/imooc_o2o/public/index.php/admin/index/map.html [运行时间：0.063065s][吞吐率：15.86req/s] [内存消耗：1,974.27kb] [文件加载：38]
[ info ] [ LANG ] G:\php\Apache24\htdocs\imooc_o2o\thinkphp\lang\zh-cn.php
[ info ] [ ROUTE ] array (
  'type' => 'module',
  'module' => 
  array (
    0 => 'admin',
    1 => 'index',
    2 => 'map',
  ),
)
[ info ] [ HEADER ] array (
  'host' => 'localhost:8080',
  'user-agent' => 'Mozilla/5.0 (Windows NT 10.0; WOW64; rv:59.0) Gecko/20100101 Firefox/59.0',
  'accept' => '*/*',
  'accept-language' => 'zh-CN,zh;q=0.8,zh-TW;q=0.7,zh-HK;q=0.5,en-US;q=0.3,en;q=0.2',
  'accept-encoding' => 'gzip, deflate',
  'referer' => 'http://localhost:8080/imooc_o2o/public/index.php/admin/category/index',
  'connection' => 'close',
)
[ info ] [ PARAM ] array (
)
[ info ] [ RUN ] app\admin\controller\Index->map[ G:\php\Apache24\htdocs\imooc_o2o\application\admin\controller\Index.php ]
[ info ] [ LOG ] INIT File

---------------------------------------------------------------
[ 2018-04-20T09:29:03+08:00 ] 127.0.0.1 127.0.0.1 GET /imooc_o2o/public/index.php/admin/category/index
[ log ] localhost:8080/imooc_o2o/public/index.php/admin/category/index [运行时间：0.168865s][吞吐率：5.92req/s] [内存消耗：3,834.70kb] [文件加载：51]
[ info ] [ LANG ] G:\php\Apache24\htdocs\imooc_o2o\thinkphp\lang\zh-cn.php
[ info ] [ ROUTE ] array (
  'type' => 'module',
  'module' => 
  array (
    0 => 'admin',
    1 => 'category',
    2 => 'index',
  ),
)
[ info ] [ HEADER ] array (
  'host' => 'localhost:8080',
  'user-agent' => 'Mozilla/5.0 (Windows NT 10.0; WOW64; rv:59.0) Gecko/20100101 Firefox/59.0',
  'accept' => 'text/html,application/xhtml+xml,application/xml;q=0.9,*/*;q=0.8',
  'accept-language' => 'zh-CN,zh;q=0.8,zh-TW;q=0.7,zh-HK;q=0.5,en-US;q=0.3,en;q=0.2',
  'accept-encoding' => 'gzip, deflate',
  'connection' => 'close',
  'upgrade-insecure-requests' => '1',
)
[ info ] [ PARAM ] array (
)
[ info ] [ DB ] INIT mysql
[ info ] [ RUN ] app\admin\controller\Category->index[ G:\php\Apache24\htdocs\imooc_o2o\application\admin\controller\Category.php ]
[ info ] [ VIEW ] G:\php\Apache24\htdocs\imooc_o2o\public/../application/admin\view\category\index.html [ array (
  0 => 'categories',
) ]
[ info ] [ LOG ] INIT File
[ sql ] [ DB ] CONNECT:[ UseTime:0.001620s ] mysql:dbname=imooc_o2o;host=127.0.0.1;port=3306;charset=utf8
[ sql ] [ SQL ] SHOW COLUMNS FROM `o2o_category` [ RunTime:0.011433s ]
[ sql ] [ SQL ] SELECT COUNT(*) AS tp_count FROM `o2o_category` WHERE  `status` <> -1  AND `parent_id` = 0 LIMIT 1 [ RunTime:0.001344s ]
[ sql ] [ SQL ] SELECT * FROM `o2o_category` WHERE  `status` <> -1  AND `parent_id` = 0 ORDER BY `listorder`  desc,`id`  desc LIMIT 0,5 [ RunTime:0.004752s ]

---------------------------------------------------------------
[ 2018-04-20T09:29:04+08:00 ] 127.0.0.1 127.0.0.1 GET /imooc_o2o/public/index.php/admin/index/map.html
[ log ] localhost:8080/imooc_o2o/public/index.php/admin/index/map.html [运行时间：0.042030s][吞吐率：23.79req/s] [内存消耗：1,974.09kb] [文件加载：38]
[ info ] [ LANG ] G:\php\Apache24\htdocs\imooc_o2o\thinkphp\lang\zh-cn.php
[ info ] [ ROUTE ] array (
  'type' => 'module',
  'module' => 
  array (
    0 => 'admin',
    1 => 'index',
    2 => 'map',
  ),
)
[ info ] [ HEADER ] array (
  'host' => 'localhost:8080',
  'user-agent' => 'Mozilla/5.0 (Windows NT 10.0; WOW64; rv:59.0) Gecko/20100101 Firefox/59.0',
  'accept' => '*/*',
  'accept-language' => 'zh-CN,zh;q=0.8,zh-TW;q=0.7,zh-HK;q=0.5,en-US;q=0.3,en;q=0.2',
  'accept-encoding' => 'gzip, deflate',
  'referer' => 'http://localhost:8080/imooc_o2o/public/index.php/admin/category/index',
  'connection' => 'close',
)
[ info ] [ PARAM ] array (
)
[ info ] [ RUN ] app\admin\controller\Index->map[ G:\php\Apache24\htdocs\imooc_o2o\application\admin\controller\Index.php ]
[ info ] [ LOG ] INIT File

---------------------------------------------------------------
[ 2018-04-20T09:30:28+08:00 ] 127.0.0.1 127.0.0.1 GET /imooc_o2o/public/index.php/admin/category/index
[ log ] localhost:8080/imooc_o2o/public/index.php/admin/category/index [运行时间：0.147293s][吞吐率：6.79req/s] [内存消耗：3,834.70kb] [文件加载：51]
[ info ] [ LANG ] G:\php\Apache24\htdocs\imooc_o2o\thinkphp\lang\zh-cn.php
[ info ] [ ROUTE ] array (
  'type' => 'module',
  'module' => 
  array (
    0 => 'admin',
    1 => 'category',
    2 => 'index',
  ),
)
[ info ] [ HEADER ] array (
  'host' => 'localhost:8080',
  'user-agent' => 'Mozilla/5.0 (Windows NT 10.0; WOW64; rv:59.0) Gecko/20100101 Firefox/59.0',
  'accept' => 'text/html,application/xhtml+xml,application/xml;q=0.9,*/*;q=0.8',
  'accept-language' => 'zh-CN,zh;q=0.8,zh-TW;q=0.7,zh-HK;q=0.5,en-US;q=0.3,en;q=0.2',
  'accept-encoding' => 'gzip, deflate',
  'connection' => 'close',
  'upgrade-insecure-requests' => '1',
)
[ info ] [ PARAM ] array (
)
[ info ] [ DB ] INIT mysql
[ info ] [ RUN ] app\admin\controller\Category->index[ G:\php\Apache24\htdocs\imooc_o2o\application\admin\controller\Category.php ]
[ info ] [ VIEW ] G:\php\Apache24\htdocs\imooc_o2o\public/../application/admin\view\category\index.html [ array (
  0 => 'categories',
) ]
[ info ] [ LOG ] INIT File
[ sql ] [ DB ] CONNECT:[ UseTime:0.001787s ] mysql:dbname=imooc_o2o;host=127.0.0.1;port=3306;charset=utf8
[ sql ] [ SQL ] SHOW COLUMNS FROM `o2o_category` [ RunTime:0.010971s ]
[ sql ] [ SQL ] SELECT COUNT(*) AS tp_count FROM `o2o_category` WHERE  `status` <> -1  AND `parent_id` = 0 LIMIT 1 [ RunTime:0.003408s ]
[ sql ] [ SQL ] SELECT * FROM `o2o_category` WHERE  `status` <> -1  AND `parent_id` = 0 ORDER BY `listorder`  desc,`id`  desc LIMIT 0,5 [ RunTime:0.002903s ]

---------------------------------------------------------------
[ 2018-04-20T09:30:29+08:00 ] 127.0.0.1 127.0.0.1 GET /imooc_o2o/public/index.php/admin/index/map.html
[ log ] localhost:8080/imooc_o2o/public/index.php/admin/index/map.html [运行时间：0.252271s][吞吐率：3.96req/s] [内存消耗：2,051.35kb] [文件加载：42]
[ info ] [ LANG ] G:\php\Apache24\htdocs\imooc_o2o\thinkphp\lang\zh-cn.php
[ info ] [ ROUTE ] array (
  'type' => 'module',
  'module' => 
  array (
    0 => 'admin',
    1 => 'index',
    2 => 'map',
  ),
)
[ info ] [ HEADER ] array (
  'host' => 'localhost:8080',
  'user-agent' => 'Mozilla/5.0 (Windows NT 10.0; WOW64; rv:59.0) Gecko/20100101 Firefox/59.0',
  'accept' => '*/*',
  'accept-language' => 'zh-CN,zh;q=0.8,zh-TW;q=0.7,zh-HK;q=0.5,en-US;q=0.3,en;q=0.2',
  'accept-encoding' => 'gzip, deflate',
  'referer' => 'http://localhost:8080/imooc_o2o/public/index.php/admin/category/index',
  'connection' => 'close',
)
[ info ] [ PARAM ] array (
)
[ info ] [ RUN ] app\admin\controller\Index->map[ G:\php\Apache24\htdocs\imooc_o2o\application\admin\controller\Index.php ]
[ info ] [ LOG ] INIT File
[ error ] [2]file_get_contents(?center=%E9%87%8D%E5%BA%86%E5%B8%82%E6%B2%99%E5%9D%AA%E5%9D%9D%E5%A4%A7%E5%AD%A6%E5%9F%8E&amp;markers=%E9%87%8D%E5%BA%86%E5%B8%82%E6%B2%99%E5%9D%AA%E5%9D%9D%E5%A4%A7%E5%AD%A6%E5%9F%8E): failed to open stream: No such file or directory[G:\php\Apache24\htdocs\imooc_o2o\extend\Map.php:75]

---------------------------------------------------------------
[ 2018-04-20T09:30:30+08:00 ] 127.0.0.1 127.0.0.1 GET /imooc_o2o/public/index.php/admin/index/map.html
[ log ] localhost:8080/imooc_o2o/public/index.php/admin/index/map.html [运行时间：0.139970s][吞吐率：7.14req/s] [内存消耗：2,051.35kb] [文件加载：42]
[ info ] [ LANG ] G:\php\Apache24\htdocs\imooc_o2o\thinkphp\lang\zh-cn.php
[ info ] [ ROUTE ] array (
  'type' => 'module',
  'module' => 
  array (
    0 => 'admin',
    1 => 'index',
    2 => 'map',
  ),
)
[ info ] [ HEADER ] array (
  'host' => 'localhost:8080',
  'user-agent' => 'Mozilla/5.0 (Windows NT 10.0; WOW64; rv:59.0) Gecko/20100101 Firefox/59.0',
  'accept' => '*/*',
  'accept-language' => 'zh-CN,zh;q=0.8,zh-TW;q=0.7,zh-HK;q=0.5,en-US;q=0.3,en;q=0.2',
  'accept-encoding' => 'gzip, deflate',
  'referer' => 'http://localhost:8080/imooc_o2o/public/index.php/admin/category/index',
  'connection' => 'close',
)
[ info ] [ PARAM ] array (
)
[ info ] [ RUN ] app\admin\controller\Index->map[ G:\php\Apache24\htdocs\imooc_o2o\application\admin\controller\Index.php ]
[ info ] [ LOG ] INIT File
[ error ] [2]file_get_contents(?center=%E9%87%8D%E5%BA%86%E5%B8%82%E6%B2%99%E5%9D%AA%E5%9D%9D%E5%A4%A7%E5%AD%A6%E5%9F%8E&amp;markers=%E9%87%8D%E5%BA%86%E5%B8%82%E6%B2%99%E5%9D%AA%E5%9D%9D%E5%A4%A7%E5%AD%A6%E5%9F%8E): failed to open stream: No such file or directory[G:\php\Apache24\htdocs\imooc_o2o\extend\Map.php:75]

---------------------------------------------------------------
[ 2018-04-20T09:32:22+08:00 ] 127.0.0.1 127.0.0.1 GET /imooc_o2o/public/index.php/admin/category/index
[ log ] localhost:8080/imooc_o2o/public/index.php/admin/category/index [运行时间：0.160556s][吞吐率：6.23req/s] [内存消耗：3,834.70kb] [文件加载：51]
[ info ] [ LANG ] G:\php\Apache24\htdocs\imooc_o2o\thinkphp\lang\zh-cn.php
[ info ] [ ROUTE ] array (
  'type' => 'module',
  'module' => 
  array (
    0 => 'admin',
    1 => 'category',
    2 => 'index',
  ),
)
[ info ] [ HEADER ] array (
  'host' => 'localhost:8080',
  'user-agent' => 'Mozilla/5.0 (Windows NT 10.0; WOW64; rv:59.0) Gecko/20100101 Firefox/59.0',
  'accept' => 'text/html,application/xhtml+xml,application/xml;q=0.9,*/*;q=0.8',
  'accept-language' => 'zh-CN,zh;q=0.8,zh-TW;q=0.7,zh-HK;q=0.5,en-US;q=0.3,en;q=0.2',
  'accept-encoding' => 'gzip, deflate',
  'connection' => 'close',
  'upgrade-insecure-requests' => '1',
)
[ info ] [ PARAM ] array (
)
[ info ] [ DB ] INIT mysql
[ info ] [ RUN ] app\admin\controller\Category->index[ G:\php\Apache24\htdocs\imooc_o2o\application\admin\controller\Category.php ]
[ info ] [ VIEW ] G:\php\Apache24\htdocs\imooc_o2o\public/../application/admin\view\category\index.html [ array (
  0 => 'categories',
) ]
[ info ] [ LOG ] INIT File
[ sql ] [ DB ] CONNECT:[ UseTime:0.006345s ] mysql:dbname=imooc_o2o;host=127.0.0.1;port=3306;charset=utf8
[ sql ] [ SQL ] SHOW COLUMNS FROM `o2o_category` [ RunTime:0.010059s ]
[ sql ] [ SQL ] SELECT COUNT(*) AS tp_count FROM `o2o_category` WHERE  `status` <> -1  AND `parent_id` = 0 LIMIT 1 [ RunTime:0.001165s ]
[ sql ] [ SQL ] SELECT * FROM `o2o_category` WHERE  `status` <> -1  AND `parent_id` = 0 ORDER BY `listorder`  desc,`id`  desc LIMIT 0,5 [ RunTime:0.001894s ]

---------------------------------------------------------------
[ 2018-04-20T09:32:23+08:00 ] 127.0.0.1 127.0.0.1 GET /imooc_o2o/public/index.php/admin/index/map.html
[ log ] localhost:8080/imooc_o2o/public/index.php/admin/index/map.html [运行时间：0.083490s][吞吐率：11.98req/s] [内存消耗：2,051.35kb] [文件加载：42]
[ info ] [ LANG ] G:\php\Apache24\htdocs\imooc_o2o\thinkphp\lang\zh-cn.php
[ info ] [ ROUTE ] array (
  'type' => 'module',
  'module' => 
  array (
    0 => 'admin',
    1 => 'index',
    2 => 'map',
  ),
)
[ info ] [ HEADER ] array (
  'host' => 'localhost:8080',
  'user-agent' => 'Mozilla/5.0 (Windows NT 10.0; WOW64; rv:59.0) Gecko/20100101 Firefox/59.0',
  'accept' => '*/*',
  'accept-language' => 'zh-CN,zh;q=0.8,zh-TW;q=0.7,zh-HK;q=0.5,en-US;q=0.3,en;q=0.2',
  'accept-encoding' => 'gzip, deflate',
  'referer' => 'http://localhost:8080/imooc_o2o/public/index.php/admin/category/index',
  'connection' => 'close',
)
[ info ] [ PARAM ] array (
)
[ info ] [ RUN ] app\admin\controller\Index->map[ G:\php\Apache24\htdocs\imooc_o2o\application\admin\controller\Index.php ]
[ info ] [ LOG ] INIT File
[ error ] [2]file_get_contents(?center=%E9%87%8D%E5%BA%86%E5%B8%82%E6%B2%99%E5%9D%AA%E5%9D%9D%E5%A4%A7%E5%AD%A6%E5%9F%8E&amp;markers=%E9%87%8D%E5%BA%86%E5%B8%82%E6%B2%99%E5%9D%AA%E5%9D%9D%E5%A4%A7%E5%AD%A6%E5%9F%8E): failed to open stream: No such file or directory[G:\php\Apache24\htdocs\imooc_o2o\extend\Map.php:75]

---------------------------------------------------------------
[ 2018-04-20T09:32:24+08:00 ] 127.0.0.1 127.0.0.1 GET /imooc_o2o/public/index.php/admin/category/index
[ log ] localhost:8080/imooc_o2o/public/index.php/admin/category/index [运行时间：0.203124s][吞吐率：4.92req/s] [内存消耗：3,834.70kb] [文件加载：51]
[ info ] [ LANG ] G:\php\Apache24\htdocs\imooc_o2o\thinkphp\lang\zh-cn.php
[ info ] [ ROUTE ] array (
  'type' => 'module',
  'module' => 
  array (
    0 => 'admin',
    1 => 'category',
    2 => 'index',
  ),
)
[ info ] [ HEADER ] array (
  'host' => 'localhost:8080',
  'user-agent' => 'Mozilla/5.0 (Windows NT 10.0; WOW64; rv:59.0) Gecko/20100101 Firefox/59.0',
  'accept' => 'text/html,application/xhtml+xml,application/xml;q=0.9,*/*;q=0.8',
  'accept-language' => 'zh-CN,zh;q=0.8,zh-TW;q=0.7,zh-HK;q=0.5,en-US;q=0.3,en;q=0.2',
  'accept-encoding' => 'gzip, deflate',
  'connection' => 'close',
  'upgrade-insecure-requests' => '1',
)
[ info ] [ PARAM ] array (
)
[ info ] [ DB ] INIT mysql
[ info ] [ RUN ] app\admin\controller\Category->index[ G:\php\Apache24\htdocs\imooc_o2o\application\admin\controller\Category.php ]
[ info ] [ VIEW ] G:\php\Apache24\htdocs\imooc_o2o\public/../application/admin\view\category\index.html [ array (
  0 => 'categories',
) ]
[ info ] [ LOG ] INIT File
[ sql ] [ DB ] CONNECT:[ UseTime:0.005676s ] mysql:dbname=imooc_o2o;host=127.0.0.1;port=3306;charset=utf8
[ sql ] [ SQL ] SHOW COLUMNS FROM `o2o_category` [ RunTime:0.009199s ]
[ sql ] [ SQL ] SELECT COUNT(*) AS tp_count FROM `o2o_category` WHERE  `status` <> -1  AND `parent_id` = 0 LIMIT 1 [ RunTime:0.001237s ]
[ sql ] [ SQL ] SELECT * FROM `o2o_category` WHERE  `status` <> -1  AND `parent_id` = 0 ORDER BY `listorder`  desc,`id`  desc LIMIT 0,5 [ RunTime:0.003646s ]

---------------------------------------------------------------
[ 2018-04-20T09:32:24+08:00 ] 127.0.0.1 127.0.0.1 GET /imooc_o2o/public/index.php/admin/index/map.html
[ log ] localhost:8080/imooc_o2o/public/index.php/admin/index/map.html [运行时间：0.058270s][吞吐率：17.16req/s] [内存消耗：2,051.35kb] [文件加载：42]
[ info ] [ LANG ] G:\php\Apache24\htdocs\imooc_o2o\thinkphp\lang\zh-cn.php
[ info ] [ ROUTE ] array (
  'type' => 'module',
  'module' => 
  array (
    0 => 'admin',
    1 => 'index',
    2 => 'map',
  ),
)
[ info ] [ HEADER ] array (
  'host' => 'localhost:8080',
  'user-agent' => 'Mozilla/5.0 (Windows NT 10.0; WOW64; rv:59.0) Gecko/20100101 Firefox/59.0',
  'accept' => '*/*',
  'accept-language' => 'zh-CN,zh;q=0.8,zh-TW;q=0.7,zh-HK;q=0.5,en-US;q=0.3,en;q=0.2',
  'accept-encoding' => 'gzip, deflate',
  'referer' => 'http://localhost:8080/imooc_o2o/public/index.php/admin/category/index',
  'connection' => 'close',
)
[ info ] [ PARAM ] array (
)
[ info ] [ RUN ] app\admin\controller\Index->map[ G:\php\Apache24\htdocs\imooc_o2o\application\admin\controller\Index.php ]
[ info ] [ LOG ] INIT File
[ error ] [2]file_get_contents(?center=%E9%87%8D%E5%BA%86%E5%B8%82%E6%B2%99%E5%9D%AA%E5%9D%9D%E5%A4%A7%E5%AD%A6%E5%9F%8E&amp;markers=%E9%87%8D%E5%BA%86%E5%B8%82%E6%B2%99%E5%9D%AA%E5%9D%9D%E5%A4%A7%E5%AD%A6%E5%9F%8E): failed to open stream: No such file or directory[G:\php\Apache24\htdocs\imooc_o2o\extend\Map.php:75]

---------------------------------------------------------------
[ 2018-04-20T09:32:25+08:00 ] 127.0.0.1 127.0.0.1 GET /imooc_o2o/public/index.php/admin/index/map.html
[ log ] localhost:8080/imooc_o2o/public/index.php/admin/index/map.html [运行时间：0.072320s][吞吐率：13.83req/s] [内存消耗：2,051.35kb] [文件加载：42]
[ info ] [ LANG ] G:\php\Apache24\htdocs\imooc_o2o\thinkphp\lang\zh-cn.php
[ info ] [ ROUTE ] array (
  'type' => 'module',
  'module' => 
  array (
    0 => 'admin',
    1 => 'index',
    2 => 'map',
  ),
)
[ info ] [ HEADER ] array (
  'host' => 'localhost:8080',
  'user-agent' => 'Mozilla/5.0 (Windows NT 10.0; WOW64; rv:59.0) Gecko/20100101 Firefox/59.0',
  'accept' => '*/*',
  'accept-language' => 'zh-CN,zh;q=0.8,zh-TW;q=0.7,zh-HK;q=0.5,en-US;q=0.3,en;q=0.2',
  'accept-encoding' => 'gzip, deflate',
  'referer' => 'http://localhost:8080/imooc_o2o/public/index.php/admin/category/index',
  'connection' => 'close',
)
[ info ] [ PARAM ] array (
)
[ info ] [ RUN ] app\admin\controller\Index->map[ G:\php\Apache24\htdocs\imooc_o2o\application\admin\controller\Index.php ]
[ info ] [ LOG ] INIT File
[ error ] [2]file_get_contents(?center=%E9%87%8D%E5%BA%86%E5%B8%82%E6%B2%99%E5%9D%AA%E5%9D%9D%E5%A4%A7%E5%AD%A6%E5%9F%8E&amp;markers=%E9%87%8D%E5%BA%86%E5%B8%82%E6%B2%99%E5%9D%AA%E5%9D%9D%E5%A4%A7%E5%AD%A6%E5%9F%8E): failed to open stream: No such file or directory[G:\php\Apache24\htdocs\imooc_o2o\extend\Map.php:75]

---------------------------------------------------------------
[ 2018-04-20T09:33:34+08:00 ] 127.0.0.1 127.0.0.1 GET /imooc_o2o/public/index.php/admin/category/index
[ log ] localhost:8080/imooc_o2o/public/index.php/admin/category/index [运行时间：0.235630s][吞吐率：4.24req/s] [内存消耗：4,062.69kb] [文件加载：53]
[ info ] [ LANG ] G:\php\Apache24\htdocs\imooc_o2o\thinkphp\lang\zh-cn.php
[ info ] [ ROUTE ] array (
  'type' => 'module',
  'module' => 
  array (
    0 => 'admin',
    1 => 'category',
    2 => 'index',
  ),
)
[ info ] [ HEADER ] array (
  'host' => 'localhost:8080',
  'user-agent' => 'Mozilla/5.0 (Windows NT 10.0; WOW64; rv:59.0) Gecko/20100101 Firefox/59.0',
  'accept' => 'text/html,application/xhtml+xml,application/xml;q=0.9,*/*;q=0.8',
  'accept-language' => 'zh-CN,zh;q=0.8,zh-TW;q=0.7,zh-HK;q=0.5,en-US;q=0.3,en;q=0.2',
  'accept-encoding' => 'gzip, deflate',
  'connection' => 'close',
  'upgrade-insecure-requests' => '1',
)
[ info ] [ PARAM ] array (
)
[ info ] [ DB ] INIT mysql
[ info ] [ RUN ] app\admin\controller\Category->index[ G:\php\Apache24\htdocs\imooc_o2o\application\admin\controller\Category.php ]
[ info ] [ VIEW ] G:\php\Apache24\htdocs\imooc_o2o\public/../application/admin\view\category\index.html [ array (
  0 => 'categories',
) ]
[ info ] [ LOG ] INIT File
[ sql ] [ DB ] CONNECT:[ UseTime:0.001649s ] mysql:dbname=imooc_o2o;host=127.0.0.1;port=3306;charset=utf8
[ sql ] [ SQL ] SHOW COLUMNS FROM `o2o_category` [ RunTime:0.017939s ]
[ sql ] [ SQL ] SELECT COUNT(*) AS tp_count FROM `o2o_category` WHERE  `status` <> -1  AND `parent_id` = 0 LIMIT 1 [ RunTime:0.003476s ]
[ sql ] [ SQL ] SELECT * FROM `o2o_category` WHERE  `status` <> -1  AND `parent_id` = 0 ORDER BY `listorder`  desc,`id`  desc LIMIT 0,5 [ RunTime:0.001633s ]

---------------------------------------------------------------
[ 2018-04-20T09:33:35+08:00 ] 127.0.0.1 127.0.0.1 GET /imooc_o2o/public/index.php/admin/index/map.html
[ log ] localhost:8080/imooc_o2o/public/index.php/admin/index/map.html [运行时间：0.053935s][吞吐率：18.54req/s] [内存消耗：2,051.35kb] [文件加载：42]
[ info ] [ LANG ] G:\php\Apache24\htdocs\imooc_o2o\thinkphp\lang\zh-cn.php
[ info ] [ ROUTE ] array (
  'type' => 'module',
  'module' => 
  array (
    0 => 'admin',
    1 => 'index',
    2 => 'map',
  ),
)
[ info ] [ HEADER ] array (
  'host' => 'localhost:8080',
  'user-agent' => 'Mozilla/5.0 (Windows NT 10.0; WOW64; rv:59.0) Gecko/20100101 Firefox/59.0',
  'accept' => '*/*',
  'accept-language' => 'zh-CN,zh;q=0.8,zh-TW;q=0.7,zh-HK;q=0.5,en-US;q=0.3,en;q=0.2',
  'accept-encoding' => 'gzip, deflate',
  'referer' => 'http://localhost:8080/imooc_o2o/public/index.php/admin/category/index',
  'connection' => 'close',
)
[ info ] [ PARAM ] array (
)
[ info ] [ RUN ] app\admin\controller\Index->map[ G:\php\Apache24\htdocs\imooc_o2o\application\admin\controller\Index.php ]
[ info ] [ LOG ] INIT File
[ error ] [2]file_get_contents(?center=%E9%87%8D%E5%BA%86%E5%B8%82%E6%B2%99%E5%9D%AA%E5%9D%9D%E5%A4%A7%E5%AD%A6%E5%9F%8E&amp;markers=%E9%87%8D%E5%BA%86%E5%B8%82%E6%B2%99%E5%9D%AA%E5%9D%9D%E5%A4%A7%E5%AD%A6%E5%9F%8E): failed to open stream: No such file or directory[G:\php\Apache24\htdocs\imooc_o2o\extend\Map.php:75]

---------------------------------------------------------------
[ 2018-04-20T09:33:36+08:00 ] 127.0.0.1 127.0.0.1 GET /imooc_o2o/public/index.php/admin/category/index
[ log ] localhost:8080/imooc_o2o/public/index.php/admin/category/index [运行时间：0.165826s][吞吐率：6.03req/s] [内存消耗：3,834.70kb] [文件加载：51]
[ info ] [ LANG ] G:\php\Apache24\htdocs\imooc_o2o\thinkphp\lang\zh-cn.php
[ info ] [ ROUTE ] array (
  'type' => 'module',
  'module' => 
  array (
    0 => 'admin',
    1 => 'category',
    2 => 'index',
  ),
)
[ info ] [ HEADER ] array (
  'host' => 'localhost:8080',
  'user-agent' => 'Mozilla/5.0 (Windows NT 10.0; WOW64; rv:59.0) Gecko/20100101 Firefox/59.0',
  'accept' => 'text/html,application/xhtml+xml,application/xml;q=0.9,*/*;q=0.8',
  'accept-language' => 'zh-CN,zh;q=0.8,zh-TW;q=0.7,zh-HK;q=0.5,en-US;q=0.3,en;q=0.2',
  'accept-encoding' => 'gzip, deflate',
  'connection' => 'close',
  'upgrade-insecure-requests' => '1',
)
[ info ] [ PARAM ] array (
)
[ info ] [ DB ] INIT mysql
[ info ] [ RUN ] app\admin\controller\Category->index[ G:\php\Apache24\htdocs\imooc_o2o\application\admin\controller\Category.php ]
[ info ] [ VIEW ] G:\php\Apache24\htdocs\imooc_o2o\public/../application/admin\view\category\index.html [ array (
  0 => 'categories',
) ]
[ info ] [ LOG ] INIT File
[ sql ] [ DB ] CONNECT:[ UseTime:0.001624s ] mysql:dbname=imooc_o2o;host=127.0.0.1;port=3306;charset=utf8
[ sql ] [ SQL ] SHOW COLUMNS FROM `o2o_category` [ RunTime:0.020311s ]
[ sql ] [ SQL ] SELECT COUNT(*) AS tp_count FROM `o2o_category` WHERE  `status` <> -1  AND `parent_id` = 0 LIMIT 1 [ RunTime:0.008113s ]
[ sql ] [ SQL ] SELECT * FROM `o2o_category` WHERE  `status` <> -1  AND `parent_id` = 0 ORDER BY `listorder`  desc,`id`  desc LIMIT 0,5 [ RunTime:0.001622s ]

---------------------------------------------------------------
[ 2018-04-20T09:33:37+08:00 ] 127.0.0.1 127.0.0.1 GET /imooc_o2o/public/index.php/admin/index/map.html
[ log ] localhost:8080/imooc_o2o/public/index.php/admin/index/map.html [运行时间：0.201062s][吞吐率：4.97req/s] [内存消耗：2,051.35kb] [文件加载：42]
[ info ] [ LANG ] G:\php\Apache24\htdocs\imooc_o2o\thinkphp\lang\zh-cn.php
[ info ] [ ROUTE ] array (
  'type' => 'module',
  'module' => 
  array (
    0 => 'admin',
    1 => 'index',
    2 => 'map',
  ),
)
[ info ] [ HEADER ] array (
  'host' => 'localhost:8080',
  'user-agent' => 'Mozilla/5.0 (Windows NT 10.0; WOW64; rv:59.0) Gecko/20100101 Firefox/59.0',
  'accept' => '*/*',
  'accept-language' => 'zh-CN,zh;q=0.8,zh-TW;q=0.7,zh-HK;q=0.5,en-US;q=0.3,en;q=0.2',
  'accept-encoding' => 'gzip, deflate',
  'referer' => 'http://localhost:8080/imooc_o2o/public/index.php/admin/category/index',
  'connection' => 'close',
)
[ info ] [ PARAM ] array (
)
[ info ] [ RUN ] app\admin\controller\Index->map[ G:\php\Apache24\htdocs\imooc_o2o\application\admin\controller\Index.php ]
[ info ] [ LOG ] INIT File
[ error ] [2]file_get_contents(?center=%E9%87%8D%E5%BA%86%E5%B8%82%E6%B2%99%E5%9D%AA%E5%9D%9D%E5%A4%A7%E5%AD%A6%E5%9F%8E&amp;markers=%E9%87%8D%E5%BA%86%E5%B8%82%E6%B2%99%E5%9D%AA%E5%9D%9D%E5%A4%A7%E5%AD%A6%E5%9F%8E): failed to open stream: No such file or directory[G:\php\Apache24\htdocs\imooc_o2o\extend\Map.php:75]

---------------------------------------------------------------
[ 2018-04-20T09:39:06+08:00 ] 127.0.0.1 127.0.0.1 GET /imooc_o2o/public/index.php/admin/category/index
[ log ] localhost:8080/imooc_o2o/public/index.php/admin/category/index [运行时间：0.153679s][吞吐率：6.51req/s] [内存消耗：3,834.70kb] [文件加载：51]
[ info ] [ LANG ] G:\php\Apache24\htdocs\imooc_o2o\thinkphp\lang\zh-cn.php
[ info ] [ ROUTE ] array (
  'type' => 'module',
  'module' => 
  array (
    0 => 'admin',
    1 => 'category',
    2 => 'index',
  ),
)
[ info ] [ HEADER ] array (
  'host' => 'localhost:8080',
  'user-agent' => 'Mozilla/5.0 (Windows NT 10.0; WOW64; rv:59.0) Gecko/20100101 Firefox/59.0',
  'accept' => 'text/html,application/xhtml+xml,application/xml;q=0.9,*/*;q=0.8',
  'accept-language' => 'zh-CN,zh;q=0.8,zh-TW;q=0.7,zh-HK;q=0.5,en-US;q=0.3,en;q=0.2',
  'accept-encoding' => 'gzip, deflate',
  'connection' => 'close',
  'upgrade-insecure-requests' => '1',
)
[ info ] [ PARAM ] array (
)
[ info ] [ DB ] INIT mysql
[ info ] [ RUN ] app\admin\controller\Category->index[ G:\php\Apache24\htdocs\imooc_o2o\application\admin\controller\Category.php ]
[ info ] [ VIEW ] G:\php\Apache24\htdocs\imooc_o2o\public/../application/admin\view\category\index.html [ array (
  0 => 'categories',
) ]
[ info ] [ LOG ] INIT File
[ sql ] [ DB ] CONNECT:[ UseTime:0.001946s ] mysql:dbname=imooc_o2o;host=127.0.0.1;port=3306;charset=utf8
[ sql ] [ SQL ] SHOW COLUMNS FROM `o2o_category` [ RunTime:0.025457s ]
[ sql ] [ SQL ] SELECT COUNT(*) AS tp_count FROM `o2o_category` WHERE  `status` <> -1  AND `parent_id` = 0 LIMIT 1 [ RunTime:0.001378s ]
[ sql ] [ SQL ] SELECT * FROM `o2o_category` WHERE  `status` <> -1  AND `parent_id` = 0 ORDER BY `listorder`  desc,`id`  desc LIMIT 0,5 [ RunTime:0.001475s ]

---------------------------------------------------------------
[ 2018-04-20T09:39:07+08:00 ] 127.0.0.1 127.0.0.1 GET /imooc_o2o/public/index.php/admin/index/map.html
[ log ] localhost:8080/imooc_o2o/public/index.php/admin/index/map.html [运行时间：0.114520s][吞吐率：8.73req/s] [内存消耗：1,974.34kb] [文件加载：38]
[ info ] [ LANG ] G:\php\Apache24\htdocs\imooc_o2o\thinkphp\lang\zh-cn.php
[ info ] [ ROUTE ] array (
  'type' => 'module',
  'module' => 
  array (
    0 => 'admin',
    1 => 'index',
    2 => 'map',
  ),
)
[ info ] [ HEADER ] array (
  'host' => 'localhost:8080',
  'user-agent' => 'Mozilla/5.0 (Windows NT 10.0; WOW64; rv:59.0) Gecko/20100101 Firefox/59.0',
  'accept' => '*/*',
  'accept-language' => 'zh-CN,zh;q=0.8,zh-TW;q=0.7,zh-HK;q=0.5,en-US;q=0.3,en;q=0.2',
  'accept-encoding' => 'gzip, deflate',
  'referer' => 'http://localhost:8080/imooc_o2o/public/index.php/admin/category/index',
  'connection' => 'close',
)
[ info ] [ PARAM ] array (
)
[ info ] [ RUN ] app\admin\controller\Index->map[ G:\php\Apache24\htdocs\imooc_o2o\application\admin\controller\Index.php ]
[ info ] [ LOG ] INIT File

---------------------------------------------------------------
[ 2018-04-20T09:39:07+08:00 ] 127.0.0.1 127.0.0.1 GET /imooc_o2o/public/index.php/admin/index/map.html
[ log ] localhost:8080/imooc_o2o/public/index.php/admin/index/map.html [运行时间：0.057785s][吞吐率：17.31req/s] [内存消耗：1,974.34kb] [文件加载：38]
[ info ] [ LANG ] G:\php\Apache24\htdocs\imooc_o2o\thinkphp\lang\zh-cn.php
[ info ] [ ROUTE ] array (
  'type' => 'module',
  'module' => 
  array (
    0 => 'admin',
    1 => 'index',
    2 => 'map',
  ),
)
[ info ] [ HEADER ] array (
  'host' => 'localhost:8080',
  'user-agent' => 'Mozilla/5.0 (Windows NT 10.0; WOW64; rv:59.0) Gecko/20100101 Firefox/59.0',
  'accept' => '*/*',
  'accept-language' => 'zh-CN,zh;q=0.8,zh-TW;q=0.7,zh-HK;q=0.5,en-US;q=0.3,en;q=0.2',
  'accept-encoding' => 'gzip, deflate',
  'referer' => 'http://localhost:8080/imooc_o2o/public/index.php/admin/category/index',
  'connection' => 'close',
)
[ info ] [ PARAM ] array (
)
[ info ] [ RUN ] app\admin\controller\Index->map[ G:\php\Apache24\htdocs\imooc_o2o\application\admin\controller\Index.php ]
[ info ] [ LOG ] INIT File

---------------------------------------------------------------
[ 2018-04-20T09:39:09+08:00 ] 127.0.0.1 127.0.0.1 GET /imooc_o2o/public/index.php/admin/category/index
[ log ] localhost:8080/imooc_o2o/public/index.php/admin/category/index [运行时间：0.133436s][吞吐率：7.49req/s] [内存消耗：3,834.70kb] [文件加载：51]
[ info ] [ LANG ] G:\php\Apache24\htdocs\imooc_o2o\thinkphp\lang\zh-cn.php
[ info ] [ ROUTE ] array (
  'type' => 'module',
  'module' => 
  array (
    0 => 'admin',
    1 => 'category',
    2 => 'index',
  ),
)
[ info ] [ HEADER ] array (
  'host' => 'localhost:8080',
  'user-agent' => 'Mozilla/5.0 (Windows NT 10.0; WOW64; rv:59.0) Gecko/20100101 Firefox/59.0',
  'accept' => 'text/html,application/xhtml+xml,application/xml;q=0.9,*/*;q=0.8',
  'accept-language' => 'zh-CN,zh;q=0.8,zh-TW;q=0.7,zh-HK;q=0.5,en-US;q=0.3,en;q=0.2',
  'accept-encoding' => 'gzip, deflate',
  'connection' => 'close',
  'upgrade-insecure-requests' => '1',
)
[ info ] [ PARAM ] array (
)
[ info ] [ DB ] INIT mysql
[ info ] [ RUN ] app\admin\controller\Category->index[ G:\php\Apache24\htdocs\imooc_o2o\application\admin\controller\Category.php ]
[ info ] [ VIEW ] G:\php\Apache24\htdocs\imooc_o2o\public/../application/admin\view\category\index.html [ array (
  0 => 'categories',
) ]
[ info ] [ LOG ] INIT File
[ sql ] [ DB ] CONNECT:[ UseTime:0.001890s ] mysql:dbname=imooc_o2o;host=127.0.0.1;port=3306;charset=utf8
[ sql ] [ SQL ] SHOW COLUMNS FROM `o2o_category` [ RunTime:0.008230s ]
[ sql ] [ SQL ] SELECT COUNT(*) AS tp_count FROM `o2o_category` WHERE  `status` <> -1  AND `parent_id` = 0 LIMIT 1 [ RunTime:0.001467s ]
[ sql ] [ SQL ] SELECT * FROM `o2o_category` WHERE  `status` <> -1  AND `parent_id` = 0 ORDER BY `listorder`  desc,`id`  desc LIMIT 0,5 [ RunTime:0.001451s ]

---------------------------------------------------------------
[ 2018-04-20T09:39:09+08:00 ] 127.0.0.1 127.0.0.1 GET /imooc_o2o/public/index.php/admin/index/map.html
[ log ] localhost:8080/imooc_o2o/public/index.php/admin/index/map.html [运行时间：0.067931s][吞吐率：14.72req/s] [内存消耗：1,974.34kb] [文件加载：38]
[ info ] [ LANG ] G:\php\Apache24\htdocs\imooc_o2o\thinkphp\lang\zh-cn.php
[ info ] [ ROUTE ] array (
  'type' => 'module',
  'module' => 
  array (
    0 => 'admin',
    1 => 'index',
    2 => 'map',
  ),
)
[ info ] [ HEADER ] array (
  'host' => 'localhost:8080',
  'user-agent' => 'Mozilla/5.0 (Windows NT 10.0; WOW64; rv:59.0) Gecko/20100101 Firefox/59.0',
  'accept' => '*/*',
  'accept-language' => 'zh-CN,zh;q=0.8,zh-TW;q=0.7,zh-HK;q=0.5,en-US;q=0.3,en;q=0.2',
  'accept-encoding' => 'gzip, deflate',
  'referer' => 'http://localhost:8080/imooc_o2o/public/index.php/admin/category/index',
  'connection' => 'close',
)
[ info ] [ PARAM ] array (
)
[ info ] [ RUN ] app\admin\controller\Index->map[ G:\php\Apache24\htdocs\imooc_o2o\application\admin\controller\Index.php ]
[ info ] [ LOG ] INIT File

---------------------------------------------------------------
[ 2018-04-20T09:39:11+08:00 ] 127.0.0.1 127.0.0.1 GET /imooc_o2o/public/index.php/admin/category/index
[ log ] localhost:8080/imooc_o2o/public/index.php/admin/category/index [运行时间：0.131816s][吞吐率：7.59req/s] [内存消耗：3,834.70kb] [文件加载：51]
[ info ] [ LANG ] G:\php\Apache24\htdocs\imooc_o2o\thinkphp\lang\zh-cn.php
[ info ] [ ROUTE ] array (
  'type' => 'module',
  'module' => 
  array (
    0 => 'admin',
    1 => 'category',
    2 => 'index',
  ),
)
[ info ] [ HEADER ] array (
  'host' => 'localhost:8080',
  'user-agent' => 'Mozilla/5.0 (Windows NT 10.0; WOW64; rv:59.0) Gecko/20100101 Firefox/59.0',
  'accept' => 'text/html,application/xhtml+xml,application/xml;q=0.9,*/*;q=0.8',
  'accept-language' => 'zh-CN,zh;q=0.8,zh-TW;q=0.7,zh-HK;q=0.5,en-US;q=0.3,en;q=0.2',
  'accept-encoding' => 'gzip, deflate',
  'connection' => 'close',
  'upgrade-insecure-requests' => '1',
)
[ info ] [ PARAM ] array (
)
[ info ] [ DB ] INIT mysql
[ info ] [ RUN ] app\admin\controller\Category->index[ G:\php\Apache24\htdocs\imooc_o2o\application\admin\controller\Category.php ]
[ info ] [ VIEW ] G:\php\Apache24\htdocs\imooc_o2o\public/../application/admin\view\category\index.html [ array (
  0 => 'categories',
) ]
[ info ] [ LOG ] INIT File
[ sql ] [ DB ] CONNECT:[ UseTime:0.001449s ] mysql:dbname=imooc_o2o;host=127.0.0.1;port=3306;charset=utf8
[ sql ] [ SQL ] SHOW COLUMNS FROM `o2o_category` [ RunTime:0.010716s ]
[ sql ] [ SQL ] SELECT COUNT(*) AS tp_count FROM `o2o_category` WHERE  `status` <> -1  AND `parent_id` = 0 LIMIT 1 [ RunTime:0.001788s ]
[ sql ] [ SQL ] SELECT * FROM `o2o_category` WHERE  `status` <> -1  AND `parent_id` = 0 ORDER BY `listorder`  desc,`id`  desc LIMIT 0,5 [ RunTime:0.001461s ]

---------------------------------------------------------------
[ 2018-04-20T09:39:11+08:00 ] 127.0.0.1 127.0.0.1 GET /imooc_o2o/public/index.php/admin/index/map.html
[ log ] localhost:8080/imooc_o2o/public/index.php/admin/index/map.html [运行时间：0.048953s][吞吐率：20.43req/s] [内存消耗：1,974.34kb] [文件加载：38]
[ info ] [ LANG ] G:\php\Apache24\htdocs\imooc_o2o\thinkphp\lang\zh-cn.php
[ info ] [ ROUTE ] array (
  'type' => 'module',
  'module' => 
  array (
    0 => 'admin',
    1 => 'index',
    2 => 'map',
  ),
)
[ info ] [ HEADER ] array (
  'host' => 'localhost:8080',
  'user-agent' => 'Mozilla/5.0 (Windows NT 10.0; WOW64; rv:59.0) Gecko/20100101 Firefox/59.0',
  'accept' => '*/*',
  'accept-language' => 'zh-CN,zh;q=0.8,zh-TW;q=0.7,zh-HK;q=0.5,en-US;q=0.3,en;q=0.2',
  'accept-encoding' => 'gzip, deflate',
  'referer' => 'http://localhost:8080/imooc_o2o/public/index.php/admin/category/index',
  'connection' => 'close',
)
[ info ] [ PARAM ] array (
)
[ info ] [ RUN ] app\admin\controller\Index->map[ G:\php\Apache24\htdocs\imooc_o2o\application\admin\controller\Index.php ]
[ info ] [ LOG ] INIT File

---------------------------------------------------------------
[ 2018-04-20T09:39:11+08:00 ] 127.0.0.1 127.0.0.1 GET /imooc_o2o/public/index.php/admin/index/map.html
[ log ] localhost:8080/imooc_o2o/public/index.php/admin/index/map.html [运行时间：0.055690s][吞吐率：17.96req/s] [内存消耗：1,974.34kb] [文件加载：38]
[ info ] [ LANG ] G:\php\Apache24\htdocs\imooc_o2o\thinkphp\lang\zh-cn.php
[ info ] [ ROUTE ] array (
  'type' => 'module',
  'module' => 
  array (
    0 => 'admin',
    1 => 'index',
    2 => 'map',
  ),
)
[ info ] [ HEADER ] array (
  'host' => 'localhost:8080',
  'user-agent' => 'Mozilla/5.0 (Windows NT 10.0; WOW64; rv:59.0) Gecko/20100101 Firefox/59.0',
  'accept' => '*/*',
  'accept-language' => 'zh-CN,zh;q=0.8,zh-TW;q=0.7,zh-HK;q=0.5,en-US;q=0.3,en;q=0.2',
  'accept-encoding' => 'gzip, deflate',
  'referer' => 'http://localhost:8080/imooc_o2o/public/index.php/admin/category/index',
  'connection' => 'close',
)
[ info ] [ PARAM ] array (
)
[ info ] [ RUN ] app\admin\controller\Index->map[ G:\php\Apache24\htdocs\imooc_o2o\application\admin\controller\Index.php ]
[ info ] [ LOG ] INIT File

---------------------------------------------------------------
[ 2018-04-20T09:39:42+08:00 ] 127.0.0.1 127.0.0.1 GET /imooc_o2o/public/index.php/admin/category/index
[ log ] localhost:8080/imooc_o2o/public/index.php/admin/category/index [运行时间：0.166264s][吞吐率：6.01req/s] [内存消耗：3,834.70kb] [文件加载：51]
[ info ] [ LANG ] G:\php\Apache24\htdocs\imooc_o2o\thinkphp\lang\zh-cn.php
[ info ] [ ROUTE ] array (
  'type' => 'module',
  'module' => 
  array (
    0 => 'admin',
    1 => 'category',
    2 => 'index',
  ),
)
[ info ] [ HEADER ] array (
  'host' => 'localhost:8080',
  'user-agent' => 'Mozilla/5.0 (Windows NT 10.0; WOW64; rv:59.0) Gecko/20100101 Firefox/59.0',
  'accept' => 'text/html,application/xhtml+xml,application/xml;q=0.9,*/*;q=0.8',
  'accept-language' => 'zh-CN,zh;q=0.8,zh-TW;q=0.7,zh-HK;q=0.5,en-US;q=0.3,en;q=0.2',
  'accept-encoding' => 'gzip, deflate',
  'connection' => 'close',
  'upgrade-insecure-requests' => '1',
)
[ info ] [ PARAM ] array (
)
[ info ] [ DB ] INIT mysql
[ info ] [ RUN ] app\admin\controller\Category->index[ G:\php\Apache24\htdocs\imooc_o2o\application\admin\controller\Category.php ]
[ info ] [ VIEW ] G:\php\Apache24\htdocs\imooc_o2o\public/../application/admin\view\category\index.html [ array (
  0 => 'categories',
) ]
[ info ] [ LOG ] INIT File
[ sql ] [ DB ] CONNECT:[ UseTime:0.001553s ] mysql:dbname=imooc_o2o;host=127.0.0.1;port=3306;charset=utf8
[ sql ] [ SQL ] SHOW COLUMNS FROM `o2o_category` [ RunTime:0.012510s ]
[ sql ] [ SQL ] SELECT COUNT(*) AS tp_count FROM `o2o_category` WHERE  `status` <> -1  AND `parent_id` = 0 LIMIT 1 [ RunTime:0.001652s ]
[ sql ] [ SQL ] SELECT * FROM `o2o_category` WHERE  `status` <> -1  AND `parent_id` = 0 ORDER BY `listorder`  desc,`id`  desc LIMIT 0,5 [ RunTime:0.001484s ]

---------------------------------------------------------------
[ 2018-04-20T09:39:43+08:00 ] 127.0.0.1 127.0.0.1 GET /imooc_o2o/public/index.php/admin/index/map.html
[ log ] localhost:8080/imooc_o2o/public/index.php/admin/index/map.html [运行时间：0.061928s][吞吐率：16.15req/s] [内存消耗：2,051.71kb] [文件加载：42]
[ info ] [ LANG ] G:\php\Apache24\htdocs\imooc_o2o\thinkphp\lang\zh-cn.php
[ info ] [ ROUTE ] array (
  'type' => 'module',
  'module' => 
  array (
    0 => 'admin',
    1 => 'index',
    2 => 'map',
  ),
)
[ info ] [ HEADER ] array (
  'host' => 'localhost:8080',
  'user-agent' => 'Mozilla/5.0 (Windows NT 10.0; WOW64; rv:59.0) Gecko/20100101 Firefox/59.0',
  'accept' => '*/*',
  'accept-language' => 'zh-CN,zh;q=0.8,zh-TW;q=0.7,zh-HK;q=0.5,en-US;q=0.3,en;q=0.2',
  'accept-encoding' => 'gzip, deflate',
  'referer' => 'http://localhost:8080/imooc_o2o/public/index.php/admin/category/index',
  'connection' => 'close',
)
[ info ] [ PARAM ] array (
)
[ info ] [ RUN ] app\admin\controller\Index->map[ G:\php\Apache24\htdocs\imooc_o2o\application\admin\controller\Index.php ]
[ info ] [ LOG ] INIT File
[ error ] [2]file_get_contents(?center=%E9%87%8D%E5%BA%86%E5%B8%82%E6%B2%99%E5%9D%AA%E5%9D%9D%E5%A4%A7%E5%AD%A6%E5%9F%8E&amp;markers=%E9%87%8D%E5%BA%86%E5%B8%82%E6%B2%99%E5%9D%AA%E5%9D%9D%E5%A4%A7%E5%AD%A6%E5%9F%8E&amp;zoom=11&amp;scale=3): failed to open stream: No such file or directory[G:\php\Apache24\htdocs\imooc_o2o\extend\Map.php:103]

---------------------------------------------------------------
[ 2018-04-20T09:39:46+08:00 ] 127.0.0.1 127.0.0.1 GET /imooc_o2o/public/index.php/admin/category/index
[ log ] localhost:8080/imooc_o2o/public/index.php/admin/category/index [运行时间：0.175660s][吞吐率：5.69req/s] [内存消耗：3,834.70kb] [文件加载：51]
[ info ] [ LANG ] G:\php\Apache24\htdocs\imooc_o2o\thinkphp\lang\zh-cn.php
[ info ] [ ROUTE ] array (
  'type' => 'module',
  'module' => 
  array (
    0 => 'admin',
    1 => 'category',
    2 => 'index',
  ),
)
[ info ] [ HEADER ] array (
  'host' => 'localhost:8080',
  'user-agent' => 'Mozilla/5.0 (Windows NT 10.0; WOW64; rv:59.0) Gecko/20100101 Firefox/59.0',
  'accept' => 'text/html,application/xhtml+xml,application/xml;q=0.9,*/*;q=0.8',
  'accept-language' => 'zh-CN,zh;q=0.8,zh-TW;q=0.7,zh-HK;q=0.5,en-US;q=0.3,en;q=0.2',
  'accept-encoding' => 'gzip, deflate',
  'connection' => 'close',
  'upgrade-insecure-requests' => '1',
)
[ info ] [ PARAM ] array (
)
[ info ] [ DB ] INIT mysql
[ info ] [ RUN ] app\admin\controller\Category->index[ G:\php\Apache24\htdocs\imooc_o2o\application\admin\controller\Category.php ]
[ info ] [ VIEW ] G:\php\Apache24\htdocs\imooc_o2o\public/../application/admin\view\category\index.html [ array (
  0 => 'categories',
) ]
[ info ] [ LOG ] INIT File
[ sql ] [ DB ] CONNECT:[ UseTime:0.001574s ] mysql:dbname=imooc_o2o;host=127.0.0.1;port=3306;charset=utf8
[ sql ] [ SQL ] SHOW COLUMNS FROM `o2o_category` [ RunTime:0.022223s ]
[ sql ] [ SQL ] SELECT COUNT(*) AS tp_count FROM `o2o_category` WHERE  `status` <> -1  AND `parent_id` = 0 LIMIT 1 [ RunTime:0.001523s ]
[ sql ] [ SQL ] SELECT * FROM `o2o_category` WHERE  `status` <> -1  AND `parent_id` = 0 ORDER BY `listorder`  desc,`id`  desc LIMIT 0,5 [ RunTime:0.001482s ]

---------------------------------------------------------------
[ 2018-04-20T09:39:46+08:00 ] 127.0.0.1 127.0.0.1 GET /imooc_o2o/public/index.php/admin/index/map.html
[ log ] localhost:8080/imooc_o2o/public/index.php/admin/index/map.html [运行时间：0.060096s][吞吐率：16.64req/s] [内存消耗：2,051.71kb] [文件加载：42]
[ info ] [ LANG ] G:\php\Apache24\htdocs\imooc_o2o\thinkphp\lang\zh-cn.php
[ info ] [ ROUTE ] array (
  'type' => 'module',
  'module' => 
  array (
    0 => 'admin',
    1 => 'index',
    2 => 'map',
  ),
)
[ info ] [ HEADER ] array (
  'host' => 'localhost:8080',
  'user-agent' => 'Mozilla/5.0 (Windows NT 10.0; WOW64; rv:59.0) Gecko/20100101 Firefox/59.0',
  'accept' => '*/*',
  'accept-language' => 'zh-CN,zh;q=0.8,zh-TW;q=0.7,zh-HK;q=0.5,en-US;q=0.3,en;q=0.2',
  'accept-encoding' => 'gzip, deflate',
  'referer' => 'http://localhost:8080/imooc_o2o/public/index.php/admin/category/index',
  'connection' => 'close',
)
[ info ] [ PARAM ] array (
)
[ info ] [ RUN ] app\admin\controller\Index->map[ G:\php\Apache24\htdocs\imooc_o2o\application\admin\controller\Index.php ]
[ info ] [ LOG ] INIT File
[ error ] [2]file_get_contents(?center=%E9%87%8D%E5%BA%86%E5%B8%82%E6%B2%99%E5%9D%AA%E5%9D%9D%E5%A4%A7%E5%AD%A6%E5%9F%8E&amp;markers=%E9%87%8D%E5%BA%86%E5%B8%82%E6%B2%99%E5%9D%AA%E5%9D%9D%E5%A4%A7%E5%AD%A6%E5%9F%8E&amp;zoom=11&amp;scale=3): failed to open stream: No such file or directory[G:\php\Apache24\htdocs\imooc_o2o\extend\Map.php:103]

---------------------------------------------------------------
[ 2018-04-20T09:43:33+08:00 ] 127.0.0.1 127.0.0.1 GET /imooc_o2o/public/index.php/admin/category/index
[ log ] localhost:8080/imooc_o2o/public/index.php/admin/category/index [运行时间：0.236025s][吞吐率：4.24req/s] [内存消耗：3,834.70kb] [文件加载：51]
[ info ] [ LANG ] G:\php\Apache24\htdocs\imooc_o2o\thinkphp\lang\zh-cn.php
[ info ] [ ROUTE ] array (
  'type' => 'module',
  'module' => 
  array (
    0 => 'admin',
    1 => 'category',
    2 => 'index',
  ),
)
[ info ] [ HEADER ] array (
  'host' => 'localhost:8080',
  'user-agent' => 'Mozilla/5.0 (Windows NT 10.0; WOW64; rv:59.0) Gecko/20100101 Firefox/59.0',
  'accept' => 'text/html,application/xhtml+xml,application/xml;q=0.9,*/*;q=0.8',
  'accept-language' => 'zh-CN,zh;q=0.8,zh-TW;q=0.7,zh-HK;q=0.5,en-US;q=0.3,en;q=0.2',
  'accept-encoding' => 'gzip, deflate',
  'connection' => 'close',
  'upgrade-insecure-requests' => '1',
)
[ info ] [ PARAM ] array (
)
[ info ] [ DB ] INIT mysql
[ info ] [ RUN ] app\admin\controller\Category->index[ G:\php\Apache24\htdocs\imooc_o2o\application\admin\controller\Category.php ]
[ info ] [ VIEW ] G:\php\Apache24\htdocs\imooc_o2o\public/../application/admin\view\category\index.html [ array (
  0 => 'categories',
) ]
[ info ] [ LOG ] INIT File
[ sql ] [ DB ] CONNECT:[ UseTime:0.003991s ] mysql:dbname=imooc_o2o;host=127.0.0.1;port=3306;charset=utf8
[ sql ] [ SQL ] SHOW COLUMNS FROM `o2o_category` [ RunTime:0.013057s ]
[ sql ] [ SQL ] SELECT COUNT(*) AS tp_count FROM `o2o_category` WHERE  `status` <> -1  AND `parent_id` = 0 LIMIT 1 [ RunTime:0.001325s ]
[ sql ] [ SQL ] SELECT * FROM `o2o_category` WHERE  `status` <> -1  AND `parent_id` = 0 ORDER BY `listorder`  desc,`id`  desc LIMIT 0,5 [ RunTime:0.001513s ]

---------------------------------------------------------------
[ 2018-04-20T09:43:33+08:00 ] 127.0.0.1 127.0.0.1 GET /imooc_o2o/public/index.php/admin/index/map.html
[ log ] localhost:8080/imooc_o2o/public/index.php/admin/index/map.html [运行时间：0.065404s][吞吐率：15.29req/s] [内存消耗：2,051.71kb] [文件加载：42]
[ info ] [ LANG ] G:\php\Apache24\htdocs\imooc_o2o\thinkphp\lang\zh-cn.php
[ info ] [ ROUTE ] array (
  'type' => 'module',
  'module' => 
  array (
    0 => 'admin',
    1 => 'index',
    2 => 'map',
  ),
)
[ info ] [ HEADER ] array (
  'host' => 'localhost:8080',
  'user-agent' => 'Mozilla/5.0 (Windows NT 10.0; WOW64; rv:59.0) Gecko/20100101 Firefox/59.0',
  'accept' => '*/*',
  'accept-language' => 'zh-CN,zh;q=0.8,zh-TW;q=0.7,zh-HK;q=0.5,en-US;q=0.3,en;q=0.2',
  'accept-encoding' => 'gzip, deflate',
  'referer' => 'http://localhost:8080/imooc_o2o/public/index.php/admin/category/index',
  'connection' => 'close',
)
[ info ] [ PARAM ] array (
)
[ info ] [ RUN ] app\admin\controller\Index->map[ G:\php\Apache24\htdocs\imooc_o2o\application\admin\controller\Index.php ]
[ info ] [ LOG ] INIT File
[ error ] [2]file_get_contents(?center=%E9%87%8D%E5%BA%86%E5%B8%82%E6%B2%99%E5%9D%AA%E5%9D%9D%E5%A4%A7%E5%AD%A6%E5%9F%8E&amp;markers=%E9%87%8D%E5%BA%86%E5%B8%82%E6%B2%99%E5%9D%AA%E5%9D%9D%E5%A4%A7%E5%AD%A6%E5%9F%8E&amp;zoom=11&amp;scale=3): failed to open stream: No such file or directory[G:\php\Apache24\htdocs\imooc_o2o\extend\Map.php:103]

---------------------------------------------------------------
[ 2018-04-20T09:43:35+08:00 ] 127.0.0.1 127.0.0.1 GET /imooc_o2o/public/index.php/admin/category/index
[ log ] localhost:8080/imooc_o2o/public/index.php/admin/category/index [运行时间：0.214907s][吞吐率：4.65req/s] [内存消耗：3,834.70kb] [文件加载：51]
[ info ] [ LANG ] G:\php\Apache24\htdocs\imooc_o2o\thinkphp\lang\zh-cn.php
[ info ] [ ROUTE ] array (
  'type' => 'module',
  'module' => 
  array (
    0 => 'admin',
    1 => 'category',
    2 => 'index',
  ),
)
[ info ] [ HEADER ] array (
  'host' => 'localhost:8080',
  'user-agent' => 'Mozilla/5.0 (Windows NT 10.0; WOW64; rv:59.0) Gecko/20100101 Firefox/59.0',
  'accept' => 'text/html,application/xhtml+xml,application/xml;q=0.9,*/*;q=0.8',
  'accept-language' => 'zh-CN,zh;q=0.8,zh-TW;q=0.7,zh-HK;q=0.5,en-US;q=0.3,en;q=0.2',
  'accept-encoding' => 'gzip, deflate',
  'connection' => 'close',
  'upgrade-insecure-requests' => '1',
)
[ info ] [ PARAM ] array (
)
[ info ] [ DB ] INIT mysql
[ info ] [ RUN ] app\admin\controller\Category->index[ G:\php\Apache24\htdocs\imooc_o2o\application\admin\controller\Category.php ]
[ info ] [ VIEW ] G:\php\Apache24\htdocs\imooc_o2o\public/../application/admin\view\category\index.html [ array (
  0 => 'categories',
) ]
[ info ] [ LOG ] INIT File
[ sql ] [ DB ] CONNECT:[ UseTime:0.002332s ] mysql:dbname=imooc_o2o;host=127.0.0.1;port=3306;charset=utf8
[ sql ] [ SQL ] SHOW COLUMNS FROM `o2o_category` [ RunTime:0.012309s ]
[ sql ] [ SQL ] SELECT COUNT(*) AS tp_count FROM `o2o_category` WHERE  `status` <> -1  AND `parent_id` = 0 LIMIT 1 [ RunTime:0.003726s ]
[ sql ] [ SQL ] SELECT * FROM `o2o_category` WHERE  `status` <> -1  AND `parent_id` = 0 ORDER BY `listorder`  desc,`id`  desc LIMIT 0,5 [ RunTime:0.001521s ]

---------------------------------------------------------------
[ 2018-04-20T09:43:36+08:00 ] 127.0.0.1 127.0.0.1 GET /imooc_o2o/public/index.php/admin/index/map.html
[ log ] localhost:8080/imooc_o2o/public/index.php/admin/index/map.html [运行时间：0.075073s][吞吐率：13.32req/s] [内存消耗：2,051.71kb] [文件加载：42]
[ info ] [ LANG ] G:\php\Apache24\htdocs\imooc_o2o\thinkphp\lang\zh-cn.php
[ info ] [ ROUTE ] array (
  'type' => 'module',
  'module' => 
  array (
    0 => 'admin',
    1 => 'index',
    2 => 'map',
  ),
)
[ info ] [ HEADER ] array (
  'host' => 'localhost:8080',
  'user-agent' => 'Mozilla/5.0 (Windows NT 10.0; WOW64; rv:59.0) Gecko/20100101 Firefox/59.0',
  'accept' => '*/*',
  'accept-language' => 'zh-CN,zh;q=0.8,zh-TW;q=0.7,zh-HK;q=0.5,en-US;q=0.3,en;q=0.2',
  'accept-encoding' => 'gzip, deflate',
  'referer' => 'http://localhost:8080/imooc_o2o/public/index.php/admin/category/index',
  'connection' => 'close',
)
[ info ] [ PARAM ] array (
)
[ info ] [ RUN ] app\admin\controller\Index->map[ G:\php\Apache24\htdocs\imooc_o2o\application\admin\controller\Index.php ]
[ info ] [ LOG ] INIT File
[ error ] [2]file_get_contents(?center=%E9%87%8D%E5%BA%86%E5%B8%82%E6%B2%99%E5%9D%AA%E5%9D%9D%E5%A4%A7%E5%AD%A6%E5%9F%8E&amp;markers=%E9%87%8D%E5%BA%86%E5%B8%82%E6%B2%99%E5%9D%AA%E5%9D%9D%E5%A4%A7%E5%AD%A6%E5%9F%8E&amp;zoom=11&amp;scale=3): failed to open stream: No such file or directory[G:\php\Apache24\htdocs\imooc_o2o\extend\Map.php:103]

---------------------------------------------------------------
[ 2018-04-20T09:44:08+08:00 ] 127.0.0.1 127.0.0.1 GET /imooc_o2o/public/index.php/admin/category/index
[ log ] localhost:8080/imooc_o2o/public/index.php/admin/category/index [运行时间：0.212699s][吞吐率：4.70req/s] [内存消耗：3,834.70kb] [文件加载：51]
[ info ] [ LANG ] G:\php\Apache24\htdocs\imooc_o2o\thinkphp\lang\zh-cn.php
[ info ] [ ROUTE ] array (
  'type' => 'module',
  'module' => 
  array (
    0 => 'admin',
    1 => 'category',
    2 => 'index',
  ),
)
[ info ] [ HEADER ] array (
  'host' => 'localhost:8080',
  'user-agent' => 'Mozilla/5.0 (Windows NT 10.0; WOW64; rv:59.0) Gecko/20100101 Firefox/59.0',
  'accept' => 'text/html,application/xhtml+xml,application/xml;q=0.9,*/*;q=0.8',
  'accept-language' => 'zh-CN,zh;q=0.8,zh-TW;q=0.7,zh-HK;q=0.5,en-US;q=0.3,en;q=0.2',
  'accept-encoding' => 'gzip, deflate',
  'connection' => 'close',
  'upgrade-insecure-requests' => '1',
)
[ info ] [ PARAM ] array (
)
[ info ] [ DB ] INIT mysql
[ info ] [ RUN ] app\admin\controller\Category->index[ G:\php\Apache24\htdocs\imooc_o2o\application\admin\controller\Category.php ]
[ info ] [ VIEW ] G:\php\Apache24\htdocs\imooc_o2o\public/../application/admin\view\category\index.html [ array (
  0 => 'categories',
) ]
[ info ] [ LOG ] INIT File
[ sql ] [ DB ] CONNECT:[ UseTime:0.001527s ] mysql:dbname=imooc_o2o;host=127.0.0.1;port=3306;charset=utf8
[ sql ] [ SQL ] SHOW COLUMNS FROM `o2o_category` [ RunTime:0.016372s ]
[ sql ] [ SQL ] SELECT COUNT(*) AS tp_count FROM `o2o_category` WHERE  `status` <> -1  AND `parent_id` = 0 LIMIT 1 [ RunTime:0.001920s ]
[ sql ] [ SQL ] SELECT * FROM `o2o_category` WHERE  `status` <> -1  AND `parent_id` = 0 ORDER BY `listorder`  desc,`id`  desc LIMIT 0,5 [ RunTime:0.001572s ]

---------------------------------------------------------------
[ 2018-04-20T09:44:08+08:00 ] 127.0.0.1 127.0.0.1 GET /imooc_o2o/public/index.php/admin/index/map.html
[ log ] localhost:8080/imooc_o2o/public/index.php/admin/index/map.html [运行时间：0.108577s][吞吐率：9.21req/s] [内存消耗：2,051.71kb] [文件加载：42]
[ info ] [ LANG ] G:\php\Apache24\htdocs\imooc_o2o\thinkphp\lang\zh-cn.php
[ info ] [ ROUTE ] array (
  'type' => 'module',
  'module' => 
  array (
    0 => 'admin',
    1 => 'index',
    2 => 'map',
  ),
)
[ info ] [ HEADER ] array (
  'host' => 'localhost:8080',
  'user-agent' => 'Mozilla/5.0 (Windows NT 10.0; WOW64; rv:59.0) Gecko/20100101 Firefox/59.0',
  'accept' => '*/*',
  'accept-language' => 'zh-CN,zh;q=0.8,zh-TW;q=0.7,zh-HK;q=0.5,en-US;q=0.3,en;q=0.2',
  'accept-encoding' => 'gzip, deflate',
  'referer' => 'http://localhost:8080/imooc_o2o/public/index.php/admin/category/index',
  'connection' => 'close',
)
[ info ] [ PARAM ] array (
)
[ info ] [ RUN ] app\admin\controller\Index->map[ G:\php\Apache24\htdocs\imooc_o2o\application\admin\controller\Index.php ]
[ info ] [ LOG ] INIT File
[ error ] [2]file_get_contents(?center=%E9%87%8D%E5%BA%86%E5%B8%82%E6%B2%99%E5%9D%AA%E5%9D%9D%E5%A4%A7%E5%AD%A6%E5%9F%8E&amp;markers=%E9%87%8D%E5%BA%86%E5%B8%82%E6%B2%99%E5%9D%AA%E5%9D%9D%E5%A4%A7%E5%AD%A6%E5%9F%8E&amp;zoom=11&amp;scale=3): failed to open stream: No such file or directory[G:\php\Apache24\htdocs\imooc_o2o\extend\Map.php:103]

---------------------------------------------------------------
[ 2018-04-20T09:44:10+08:00 ] 127.0.0.1 127.0.0.1 GET /imooc_o2o/public/index.php/admin/category/index
[ log ] localhost:8080/imooc_o2o/public/index.php/admin/category/index [运行时间：0.200670s][吞吐率：4.98req/s] [内存消耗：3,834.70kb] [文件加载：51]
[ info ] [ LANG ] G:\php\Apache24\htdocs\imooc_o2o\thinkphp\lang\zh-cn.php
[ info ] [ ROUTE ] array (
  'type' => 'module',
  'module' => 
  array (
    0 => 'admin',
    1 => 'category',
    2 => 'index',
  ),
)
[ info ] [ HEADER ] array (
  'host' => 'localhost:8080',
  'user-agent' => 'Mozilla/5.0 (Windows NT 10.0; WOW64; rv:59.0) Gecko/20100101 Firefox/59.0',
  'accept' => 'text/html,application/xhtml+xml,application/xml;q=0.9,*/*;q=0.8',
  'accept-language' => 'zh-CN,zh;q=0.8,zh-TW;q=0.7,zh-HK;q=0.5,en-US;q=0.3,en;q=0.2',
  'accept-encoding' => 'gzip, deflate',
  'connection' => 'close',
  'upgrade-insecure-requests' => '1',
)
[ info ] [ PARAM ] array (
)
[ info ] [ DB ] INIT mysql
[ info ] [ RUN ] app\admin\controller\Category->index[ G:\php\Apache24\htdocs\imooc_o2o\application\admin\controller\Category.php ]
[ info ] [ VIEW ] G:\php\Apache24\htdocs\imooc_o2o\public/../application/admin\view\category\index.html [ array (
  0 => 'categories',
) ]
[ info ] [ LOG ] INIT File
[ sql ] [ DB ] CONNECT:[ UseTime:0.001518s ] mysql:dbname=imooc_o2o;host=127.0.0.1;port=3306;charset=utf8
[ sql ] [ SQL ] SHOW COLUMNS FROM `o2o_category` [ RunTime:0.014434s ]
[ sql ] [ SQL ] SELECT COUNT(*) AS tp_count FROM `o2o_category` WHERE  `status` <> -1  AND `parent_id` = 0 LIMIT 1 [ RunTime:0.001300s ]
[ sql ] [ SQL ] SELECT * FROM `o2o_category` WHERE  `status` <> -1  AND `parent_id` = 0 ORDER BY `listorder`  desc,`id`  desc LIMIT 0,5 [ RunTime:0.005348s ]

---------------------------------------------------------------
[ 2018-04-20T09:44:10+08:00 ] 127.0.0.1 127.0.0.1 GET /imooc_o2o/public/index.php/admin/index/map.html
[ log ] localhost:8080/imooc_o2o/public/index.php/admin/index/map.html [运行时间：0.150039s][吞吐率：6.66req/s] [内存消耗：2,051.71kb] [文件加载：42]
[ info ] [ LANG ] G:\php\Apache24\htdocs\imooc_o2o\thinkphp\lang\zh-cn.php
[ info ] [ ROUTE ] array (
  'type' => 'module',
  'module' => 
  array (
    0 => 'admin',
    1 => 'index',
    2 => 'map',
  ),
)
[ info ] [ HEADER ] array (
  'host' => 'localhost:8080',
  'user-agent' => 'Mozilla/5.0 (Windows NT 10.0; WOW64; rv:59.0) Gecko/20100101 Firefox/59.0',
  'accept' => '*/*',
  'accept-language' => 'zh-CN,zh;q=0.8,zh-TW;q=0.7,zh-HK;q=0.5,en-US;q=0.3,en;q=0.2',
  'accept-encoding' => 'gzip, deflate',
  'referer' => 'http://localhost:8080/imooc_o2o/public/index.php/admin/category/index',
  'connection' => 'close',
)
[ info ] [ PARAM ] array (
)
[ info ] [ RUN ] app\admin\controller\Index->map[ G:\php\Apache24\htdocs\imooc_o2o\application\admin\controller\Index.php ]
[ info ] [ LOG ] INIT File
[ error ] [2]file_get_contents(?center=%E9%87%8D%E5%BA%86%E5%B8%82%E6%B2%99%E5%9D%AA%E5%9D%9D%E5%A4%A7%E5%AD%A6%E5%9F%8E&amp;markers=%E9%87%8D%E5%BA%86%E5%B8%82%E6%B2%99%E5%9D%AA%E5%9D%9D%E5%A4%A7%E5%AD%A6%E5%9F%8E&amp;zoom=11&amp;scale=3): failed to open stream: No such file or directory[G:\php\Apache24\htdocs\imooc_o2o\extend\Map.php:103]

---------------------------------------------------------------
[ 2018-04-20T09:46:58+08:00 ] 127.0.0.1 127.0.0.1 GET /imooc_o2o/public/index.php/admin/category/index
[ log ] localhost:8080/imooc_o2o/public/index.php/admin/category/index [运行时间：0.189391s][吞吐率：5.28req/s] [内存消耗：3,834.70kb] [文件加载：51]
[ info ] [ LANG ] G:\php\Apache24\htdocs\imooc_o2o\thinkphp\lang\zh-cn.php
[ info ] [ ROUTE ] array (
  'type' => 'module',
  'module' => 
  array (
    0 => 'admin',
    1 => 'category',
    2 => 'index',
  ),
)
[ info ] [ HEADER ] array (
  'host' => 'localhost:8080',
  'user-agent' => 'Mozilla/5.0 (Windows NT 10.0; WOW64; rv:59.0) Gecko/20100101 Firefox/59.0',
  'accept' => 'text/html,application/xhtml+xml,application/xml;q=0.9,*/*;q=0.8',
  'accept-language' => 'zh-CN,zh;q=0.8,zh-TW;q=0.7,zh-HK;q=0.5,en-US;q=0.3,en;q=0.2',
  'accept-encoding' => 'gzip, deflate',
  'connection' => 'close',
  'upgrade-insecure-requests' => '1',
)
[ info ] [ PARAM ] array (
)
[ info ] [ DB ] INIT mysql
[ info ] [ RUN ] app\admin\controller\Category->index[ G:\php\Apache24\htdocs\imooc_o2o\application\admin\controller\Category.php ]
[ info ] [ VIEW ] G:\php\Apache24\htdocs\imooc_o2o\public/../application/admin\view\category\index.html [ array (
  0 => 'categories',
) ]
[ info ] [ LOG ] INIT File
[ sql ] [ DB ] CONNECT:[ UseTime:0.005078s ] mysql:dbname=imooc_o2o;host=127.0.0.1;port=3306;charset=utf8
[ sql ] [ SQL ] SHOW COLUMNS FROM `o2o_category` [ RunTime:0.013415s ]
[ sql ] [ SQL ] SELECT COUNT(*) AS tp_count FROM `o2o_category` WHERE  `status` <> -1  AND `parent_id` = 0 LIMIT 1 [ RunTime:0.001351s ]
[ sql ] [ SQL ] SELECT * FROM `o2o_category` WHERE  `status` <> -1  AND `parent_id` = 0 ORDER BY `listorder`  desc,`id`  desc LIMIT 0,5 [ RunTime:0.001396s ]

---------------------------------------------------------------
[ 2018-04-20T09:46:59+08:00 ] 127.0.0.1 127.0.0.1 GET /imooc_o2o/public/index.php/admin/index/map.html
[ log ] localhost:8080/imooc_o2o/public/index.php/admin/index/map.html [运行时间：0.256770s][吞吐率：3.89req/s] [内存消耗：2,051.91kb] [文件加载：42]
[ info ] [ LANG ] G:\php\Apache24\htdocs\imooc_o2o\thinkphp\lang\zh-cn.php
[ info ] [ ROUTE ] array (
  'type' => 'module',
  'module' => 
  array (
    0 => 'admin',
    1 => 'index',
    2 => 'map',
  ),
)
[ info ] [ HEADER ] array (
  'host' => 'localhost:8080',
  'user-agent' => 'Mozilla/5.0 (Windows NT 10.0; WOW64; rv:59.0) Gecko/20100101 Firefox/59.0',
  'accept' => '*/*',
  'accept-language' => 'zh-CN,zh;q=0.8,zh-TW;q=0.7,zh-HK;q=0.5,en-US;q=0.3,en;q=0.2',
  'accept-encoding' => 'gzip, deflate',
  'referer' => 'http://localhost:8080/imooc_o2o/public/index.php/admin/category/index',
  'connection' => 'close',
)
[ info ] [ PARAM ] array (
)
[ info ] [ RUN ] app\admin\controller\Index->map[ G:\php\Apache24\htdocs\imooc_o2o\application\admin\controller\Index.php ]
[ info ] [ LOG ] INIT File
[ error ] [2]file_get_contents(?center=%E9%87%8D%E5%BA%86%E5%B8%82%E6%B2%99%E5%9D%AA%E5%9D%9D%E5%A4%A7%E5%AD%A6%E5%9F%8E&amp;markers=%E9%87%8D%E5%BA%86%E5%B8%82%E6%B2%99%E5%9D%AA%E5%9D%9D%E5%A4%A7%E5%AD%A6%E5%9F%8E&amp;zoom=11&amp;scale=3): failed to open stream: No such file or directory[G:\php\Apache24\htdocs\imooc_o2o\extend\Map.php:103]

---------------------------------------------------------------
[ 2018-04-20T09:47:00+08:00 ] 127.0.0.1 127.0.0.1 GET /imooc_o2o/public/index.php/admin/index/map.html
[ log ] localhost:8080/imooc_o2o/public/index.php/admin/index/map.html [运行时间：0.135801s][吞吐率：7.36req/s] [内存消耗：2,051.91kb] [文件加载：42]
[ info ] [ LANG ] G:\php\Apache24\htdocs\imooc_o2o\thinkphp\lang\zh-cn.php
[ info ] [ ROUTE ] array (
  'type' => 'module',
  'module' => 
  array (
    0 => 'admin',
    1 => 'index',
    2 => 'map',
  ),
)
[ info ] [ HEADER ] array (
  'host' => 'localhost:8080',
  'user-agent' => 'Mozilla/5.0 (Windows NT 10.0; WOW64; rv:59.0) Gecko/20100101 Firefox/59.0',
  'accept' => '*/*',
  'accept-language' => 'zh-CN,zh;q=0.8,zh-TW;q=0.7,zh-HK;q=0.5,en-US;q=0.3,en;q=0.2',
  'accept-encoding' => 'gzip, deflate',
  'referer' => 'http://localhost:8080/imooc_o2o/public/index.php/admin/category/index',
  'connection' => 'close',
)
[ info ] [ PARAM ] array (
)
[ info ] [ RUN ] app\admin\controller\Index->map[ G:\php\Apache24\htdocs\imooc_o2o\application\admin\controller\Index.php ]
[ info ] [ LOG ] INIT File
[ error ] [2]file_get_contents(?center=%E9%87%8D%E5%BA%86%E5%B8%82%E6%B2%99%E5%9D%AA%E5%9D%9D%E5%A4%A7%E5%AD%A6%E5%9F%8E&amp;markers=%E9%87%8D%E5%BA%86%E5%B8%82%E6%B2%99%E5%9D%AA%E5%9D%9D%E5%A4%A7%E5%AD%A6%E5%9F%8E&amp;zoom=11&amp;scale=3): failed to open stream: No such file or directory[G:\php\Apache24\htdocs\imooc_o2o\extend\Map.php:103]

---------------------------------------------------------------
[ 2018-04-20T09:47:50+08:00 ] 127.0.0.1 127.0.0.1 GET /imooc_o2o/public/index.php/admin/category/index
[ log ] localhost:8080/imooc_o2o/public/index.php/admin/category/index [运行时间：0.157778s][吞吐率：6.34req/s] [内存消耗：3,834.70kb] [文件加载：51]
[ info ] [ LANG ] G:\php\Apache24\htdocs\imooc_o2o\thinkphp\lang\zh-cn.php
[ info ] [ ROUTE ] array (
  'type' => 'module',
  'module' => 
  array (
    0 => 'admin',
    1 => 'category',
    2 => 'index',
  ),
)
[ info ] [ HEADER ] array (
  'host' => 'localhost:8080',
  'user-agent' => 'Mozilla/5.0 (Windows NT 10.0; WOW64; rv:59.0) Gecko/20100101 Firefox/59.0',
  'accept' => 'text/html,application/xhtml+xml,application/xml;q=0.9,*/*;q=0.8',
  'accept-language' => 'zh-CN,zh;q=0.8,zh-TW;q=0.7,zh-HK;q=0.5,en-US;q=0.3,en;q=0.2',
  'accept-encoding' => 'gzip, deflate',
  'connection' => 'close',
  'upgrade-insecure-requests' => '1',
)
[ info ] [ PARAM ] array (
)
[ info ] [ DB ] INIT mysql
[ info ] [ RUN ] app\admin\controller\Category->index[ G:\php\Apache24\htdocs\imooc_o2o\application\admin\controller\Category.php ]
[ info ] [ VIEW ] G:\php\Apache24\htdocs\imooc_o2o\public/../application/admin\view\category\index.html [ array (
  0 => 'categories',
) ]
[ info ] [ LOG ] INIT File
[ sql ] [ DB ] CONNECT:[ UseTime:0.001712s ] mysql:dbname=imooc_o2o;host=127.0.0.1;port=3306;charset=utf8
[ sql ] [ SQL ] SHOW COLUMNS FROM `o2o_category` [ RunTime:0.013269s ]
[ sql ] [ SQL ] SELECT COUNT(*) AS tp_count FROM `o2o_category` WHERE  `status` <> -1  AND `parent_id` = 0 LIMIT 1 [ RunTime:0.001424s ]
[ sql ] [ SQL ] SELECT * FROM `o2o_category` WHERE  `status` <> -1  AND `parent_id` = 0 ORDER BY `listorder`  desc,`id`  desc LIMIT 0,5 [ RunTime:0.001637s ]

---------------------------------------------------------------
[ 2018-04-20T09:47:50+08:00 ] 127.0.0.1 127.0.0.1 GET /imooc_o2o/public/index.php/admin/index/map.html
[ log ] localhost:8080/imooc_o2o/public/index.php/admin/index/map.html [运行时间：0.128144s][吞吐率：7.80req/s] [内存消耗：2,051.91kb] [文件加载：42]
[ info ] [ LANG ] G:\php\Apache24\htdocs\imooc_o2o\thinkphp\lang\zh-cn.php
[ info ] [ ROUTE ] array (
  'type' => 'module',
  'module' => 
  array (
    0 => 'admin',
    1 => 'index',
    2 => 'map',
  ),
)
[ info ] [ HEADER ] array (
  'host' => 'localhost:8080',
  'user-agent' => 'Mozilla/5.0 (Windows NT 10.0; WOW64; rv:59.0) Gecko/20100101 Firefox/59.0',
  'accept' => '*/*',
  'accept-language' => 'zh-CN,zh;q=0.8,zh-TW;q=0.7,zh-HK;q=0.5,en-US;q=0.3,en;q=0.2',
  'accept-encoding' => 'gzip, deflate',
  'referer' => 'http://localhost:8080/imooc_o2o/public/index.php/admin/category/index',
  'connection' => 'close',
)
[ info ] [ PARAM ] array (
)
[ info ] [ RUN ] app\admin\controller\Index->map[ G:\php\Apache24\htdocs\imooc_o2o\application\admin\controller\Index.php ]
[ info ] [ LOG ] INIT File
[ error ] [2]file_get_contents(?center=%E9%87%8D%E5%BA%86%E5%B8%82%E6%B2%99%E5%9D%AA%E5%9D%9D%E5%A4%A7%E5%AD%A6%E5%9F%8E&amp;markers=%E9%87%8D%E5%BA%86%E5%B8%82%E6%B2%99%E5%9D%AA%E5%9D%9D%E5%A4%A7%E5%AD%A6%E5%9F%8E&amp;zoom=11&amp;scale=3): failed to open stream: No such file or directory[G:\php\Apache24\htdocs\imooc_o2o\extend\Map.php:103]

---------------------------------------------------------------
[ 2018-04-20T09:50:52+08:00 ] 127.0.0.1 127.0.0.1 GET /imooc_o2o/public/index.php/admin/category/index
[ log ] localhost:8080/imooc_o2o/public/index.php/admin/category/index [运行时间：0.182100s][吞吐率：5.49req/s] [内存消耗：4,062.65kb] [文件加载：53]
[ info ] [ LANG ] G:\php\Apache24\htdocs\imooc_o2o\thinkphp\lang\zh-cn.php
[ info ] [ ROUTE ] array (
  'type' => 'module',
  'module' => 
  array (
    0 => 'admin',
    1 => 'category',
    2 => 'index',
  ),
)
[ info ] [ HEADER ] array (
  'host' => 'localhost:8080',
  'user-agent' => 'Mozilla/5.0 (Windows NT 10.0; WOW64; rv:59.0) Gecko/20100101 Firefox/59.0',
  'accept' => 'text/html,application/xhtml+xml,application/xml;q=0.9,*/*;q=0.8',
  'accept-language' => 'zh-CN,zh;q=0.8,zh-TW;q=0.7,zh-HK;q=0.5,en-US;q=0.3,en;q=0.2',
  'accept-encoding' => 'gzip, deflate',
  'connection' => 'close',
  'upgrade-insecure-requests' => '1',
)
[ info ] [ PARAM ] array (
)
[ info ] [ DB ] INIT mysql
[ info ] [ RUN ] app\admin\controller\Category->index[ G:\php\Apache24\htdocs\imooc_o2o\application\admin\controller\Category.php ]
[ info ] [ VIEW ] G:\php\Apache24\htdocs\imooc_o2o\public/../application/admin\view\category\index.html [ array (
  0 => 'categories',
) ]
[ info ] [ LOG ] INIT File
[ sql ] [ DB ] CONNECT:[ UseTime:0.001830s ] mysql:dbname=imooc_o2o;host=127.0.0.1;port=3306;charset=utf8
[ sql ] [ SQL ] SHOW COLUMNS FROM `o2o_category` [ RunTime:0.023958s ]
[ sql ] [ SQL ] SELECT COUNT(*) AS tp_count FROM `o2o_category` WHERE  `status` <> -1  AND `parent_id` = 0 LIMIT 1 [ RunTime:0.001384s ]
[ sql ] [ SQL ] SELECT * FROM `o2o_category` WHERE  `status` <> -1  AND `parent_id` = 0 ORDER BY `listorder`  desc,`id`  desc LIMIT 0,5 [ RunTime:0.001459s ]

---------------------------------------------------------------
[ 2018-04-20T09:50:52+08:00 ] 127.0.0.1 127.0.0.1 GET /imooc_o2o/public/index.php/admin/index/map.html
[ log ] localhost:8080/imooc_o2o/public/index.php/admin/index/map.html [运行时间：0.145020s][吞吐率：6.90req/s] [内存消耗：2,051.91kb] [文件加载：42]
[ info ] [ LANG ] G:\php\Apache24\htdocs\imooc_o2o\thinkphp\lang\zh-cn.php
[ info ] [ ROUTE ] array (
  'type' => 'module',
  'module' => 
  array (
    0 => 'admin',
    1 => 'index',
    2 => 'map',
  ),
)
[ info ] [ HEADER ] array (
  'host' => 'localhost:8080',
  'user-agent' => 'Mozilla/5.0 (Windows NT 10.0; WOW64; rv:59.0) Gecko/20100101 Firefox/59.0',
  'accept' => '*/*',
  'accept-language' => 'zh-CN,zh;q=0.8,zh-TW;q=0.7,zh-HK;q=0.5,en-US;q=0.3,en;q=0.2',
  'accept-encoding' => 'gzip, deflate',
  'referer' => 'http://localhost:8080/imooc_o2o/public/index.php/admin/category/index',
  'connection' => 'close',
)
[ info ] [ PARAM ] array (
)
[ info ] [ RUN ] app\admin\controller\Index->map[ G:\php\Apache24\htdocs\imooc_o2o\application\admin\controller\Index.php ]
[ info ] [ LOG ] INIT File
[ error ] [2]file_get_contents(?center=%E9%87%8D%E5%BA%86%E5%B8%82%E6%B2%99%E5%9D%AA%E5%9D%9D%E5%A4%A7%E5%AD%A6%E5%9F%8E&amp;markers=%E9%87%8D%E5%BA%86%E5%B8%82%E6%B2%99%E5%9D%AA%E5%9D%9D%E5%A4%A7%E5%AD%A6%E5%9F%8E&amp;zoom=11&amp;scale=3): failed to open stream: No such file or directory[G:\php\Apache24\htdocs\imooc_o2o\extend\Map.php:103]

---------------------------------------------------------------
[ 2018-04-20T09:52:09+08:00 ] 127.0.0.1 127.0.0.1 GET /imooc_o2o/public/index.php/admin/category/index
[ log ] localhost:8080/imooc_o2o/public/index.php/admin/category/index [运行时间：0.112960s][吞吐率：8.85req/s] [内存消耗：3,834.59kb] [文件加载：51]
[ info ] [ LANG ] G:\php\Apache24\htdocs\imooc_o2o\thinkphp\lang\zh-cn.php
[ info ] [ ROUTE ] array (
  'type' => 'module',
  'module' => 
  array (
    0 => 'admin',
    1 => 'category',
    2 => 'index',
  ),
)
[ info ] [ HEADER ] array (
  'host' => 'localhost:8080',
  'user-agent' => 'Mozilla/5.0 (Windows NT 10.0; WOW64; rv:59.0) Gecko/20100101 Firefox/59.0',
  'accept' => 'text/html,application/xhtml+xml,application/xml;q=0.9,*/*;q=0.8',
  'accept-language' => 'zh-CN,zh;q=0.8,zh-TW;q=0.7,zh-HK;q=0.5,en-US;q=0.3,en;q=0.2',
  'accept-encoding' => 'gzip, deflate',
  'connection' => 'close',
  'upgrade-insecure-requests' => '1',
)
[ info ] [ PARAM ] array (
)
[ info ] [ DB ] INIT mysql
[ info ] [ RUN ] app\admin\controller\Category->index[ G:\php\Apache24\htdocs\imooc_o2o\application\admin\controller\Category.php ]
[ info ] [ VIEW ] G:\php\Apache24\htdocs\imooc_o2o\public/../application/admin\view\category\index.html [ array (
  0 => 'categories',
) ]
[ info ] [ LOG ] INIT File
[ sql ] [ DB ] CONNECT:[ UseTime:0.011143s ] mysql:dbname=imooc_o2o;host=127.0.0.1;port=3306;charset=utf8
[ sql ] [ SQL ] SHOW COLUMNS FROM `o2o_category` [ RunTime:0.015223s ]
[ sql ] [ SQL ] SELECT COUNT(*) AS tp_count FROM `o2o_category` WHERE  `status` <> -1  AND `parent_id` = 0 LIMIT 1 [ RunTime:0.001137s ]
[ sql ] [ SQL ] SELECT * FROM `o2o_category` WHERE  `status` <> -1  AND `parent_id` = 0 ORDER BY `listorder`  desc,`id`  desc LIMIT 0,5 [ RunTime:0.001511s ]

---------------------------------------------------------------
[ 2018-04-20T09:52:10+08:00 ] 127.0.0.1 127.0.0.1 GET /imooc_o2o/public/index.php/admin/index/map.html
[ log ] localhost:8080/imooc_o2o/public/index.php/admin/index/map.html [运行时间：0.047055s][吞吐率：21.25req/s] [内存消耗：1,974.47kb] [文件加载：38]
[ info ] [ LANG ] G:\php\Apache24\htdocs\imooc_o2o\thinkphp\lang\zh-cn.php
[ info ] [ ROUTE ] array (
  'type' => 'module',
  'module' => 
  array (
    0 => 'admin',
    1 => 'index',
    2 => 'map',
  ),
)
[ info ] [ HEADER ] array (
  'host' => 'localhost:8080',
  'user-agent' => 'Mozilla/5.0 (Windows NT 10.0; WOW64; rv:59.0) Gecko/20100101 Firefox/59.0',
  'accept' => '*/*',
  'accept-language' => 'zh-CN,zh;q=0.8,zh-TW;q=0.7,zh-HK;q=0.5,en-US;q=0.3,en;q=0.2',
  'accept-encoding' => 'gzip, deflate',
  'referer' => 'http://localhost:8080/imooc_o2o/public/index.php/admin/category/index',
  'connection' => 'close',
)
[ info ] [ PARAM ] array (
)
[ info ] [ RUN ] app\admin\controller\Index->map[ G:\php\Apache24\htdocs\imooc_o2o\application\admin\controller\Index.php ]
[ info ] [ LOG ] INIT File

---------------------------------------------------------------
[ 2018-04-20T09:53:16+08:00 ] 127.0.0.1 127.0.0.1 GET /imooc_o2o/public/index.php/admin/category/index
[ log ] localhost:8080/imooc_o2o/public/index.php/admin/category/index [运行时间：0.170210s][吞吐率：5.88req/s] [内存消耗：3,833.16kb] [文件加载：51]
[ info ] [ LANG ] G:\php\Apache24\htdocs\imooc_o2o\thinkphp\lang\zh-cn.php
[ info ] [ ROUTE ] array (
  'type' => 'module',
  'module' => 
  array (
    0 => 'admin',
    1 => 'category',
    2 => 'index',
  ),
)
[ info ] [ HEADER ] array (
  'host' => 'localhost:8080',
  'user-agent' => 'Mozilla/5.0 (Windows NT 10.0; WOW64; rv:59.0) Gecko/20100101 Firefox/59.0',
  'accept' => 'text/html,application/xhtml+xml,application/xml;q=0.9,*/*;q=0.8',
  'accept-language' => 'zh-CN,zh;q=0.8,zh-TW;q=0.7,zh-HK;q=0.5,en-US;q=0.3,en;q=0.2',
  'accept-encoding' => 'gzip, deflate',
  'connection' => 'close',
  'upgrade-insecure-requests' => '1',
)
[ info ] [ PARAM ] array (
)
[ info ] [ DB ] INIT mysql
[ info ] [ RUN ] app\admin\controller\Category->index[ G:\php\Apache24\htdocs\imooc_o2o\application\admin\controller\Category.php ]
[ info ] [ VIEW ] G:\php\Apache24\htdocs\imooc_o2o\public/../application/admin\view\category\index.html [ array (
  0 => 'categories',
) ]
[ info ] [ LOG ] INIT File
[ sql ] [ DB ] CONNECT:[ UseTime:0.001639s ] mysql:dbname=imooc_o2o;host=127.0.0.1;port=3306;charset=utf8
[ sql ] [ SQL ] SHOW COLUMNS FROM `o2o_category` [ RunTime:0.012051s ]
[ sql ] [ SQL ] SELECT COUNT(*) AS tp_count FROM `o2o_category` WHERE  `status` <> -1  AND `parent_id` = 0 LIMIT 1 [ RunTime:0.001420s ]
[ sql ] [ SQL ] SELECT * FROM `o2o_category` WHERE  `status` <> -1  AND `parent_id` = 0 ORDER BY `listorder`  desc,`id`  desc LIMIT 0,5 [ RunTime:0.001484s ]

---------------------------------------------------------------
[ 2018-04-20T09:53:17+08:00 ] 127.0.0.1 127.0.0.1 GET /imooc_o2o/public/index.php/admin/index/map.html
[ log ] localhost:8080/imooc_o2o/public/index.php/admin/index/map.html [运行时间：0.081430s][吞吐率：12.28req/s] [内存消耗：2,028.66kb] [文件加载：40]
[ info ] [ LANG ] G:\php\Apache24\htdocs\imooc_o2o\thinkphp\lang\zh-cn.php
[ info ] [ ROUTE ] array (
  'type' => 'module',
  'module' => 
  array (
    0 => 'admin',
    1 => 'index',
    2 => 'map',
  ),
)
[ info ] [ HEADER ] array (
  'host' => 'localhost:8080',
  'user-agent' => 'Mozilla/5.0 (Windows NT 10.0; WOW64; rv:59.0) Gecko/20100101 Firefox/59.0',
  'accept' => '*/*',
  'accept-language' => 'zh-CN,zh;q=0.8,zh-TW;q=0.7,zh-HK;q=0.5,en-US;q=0.3,en;q=0.2',
  'accept-encoding' => 'gzip, deflate',
  'referer' => 'http://localhost:8080/imooc_o2o/public/index.php/admin/category/index',
  'connection' => 'close',
)
[ info ] [ PARAM ] array (
)
[ info ] [ RUN ] app\admin\controller\Index->map[ G:\php\Apache24\htdocs\imooc_o2o\application\admin\controller\Index.php ]
[ info ] [ LOG ] INIT File
[ error ] [0]variable type error： boolean[G:\php\Apache24\htdocs\imooc_o2o\thinkphp\library\think\Response.php:312]

---------------------------------------------------------------
[ 2018-04-20T09:53:21+08:00 ] 127.0.0.1 127.0.0.1 GET /imooc_o2o/public/index.php/admin/category/index
[ log ] localhost:8080/imooc_o2o/public/index.php/admin/category/index [运行时间：0.159599s][吞吐率：6.27req/s] [内存消耗：3,833.16kb] [文件加载：51]
[ info ] [ LANG ] G:\php\Apache24\htdocs\imooc_o2o\thinkphp\lang\zh-cn.php
[ info ] [ ROUTE ] array (
  'type' => 'module',
  'module' => 
  array (
    0 => 'admin',
    1 => 'category',
    2 => 'index',
  ),
)
[ info ] [ HEADER ] array (
  'host' => 'localhost:8080',
  'user-agent' => 'Mozilla/5.0 (Windows NT 10.0; WOW64; rv:59.0) Gecko/20100101 Firefox/59.0',
  'accept' => 'text/html,application/xhtml+xml,application/xml;q=0.9,*/*;q=0.8',
  'accept-language' => 'zh-CN,zh;q=0.8,zh-TW;q=0.7,zh-HK;q=0.5,en-US;q=0.3,en;q=0.2',
  'accept-encoding' => 'gzip, deflate',
  'connection' => 'close',
  'upgrade-insecure-requests' => '1',
)
[ info ] [ PARAM ] array (
)
[ info ] [ DB ] INIT mysql
[ info ] [ RUN ] app\admin\controller\Category->index[ G:\php\Apache24\htdocs\imooc_o2o\application\admin\controller\Category.php ]
[ info ] [ VIEW ] G:\php\Apache24\htdocs\imooc_o2o\public/../application/admin\view\category\index.html [ array (
  0 => 'categories',
) ]
[ info ] [ LOG ] INIT File
[ sql ] [ DB ] CONNECT:[ UseTime:0.001478s ] mysql:dbname=imooc_o2o;host=127.0.0.1;port=3306;charset=utf8
[ sql ] [ SQL ] SHOW COLUMNS FROM `o2o_category` [ RunTime:0.011763s ]
[ sql ] [ SQL ] SELECT COUNT(*) AS tp_count FROM `o2o_category` WHERE  `status` <> -1  AND `parent_id` = 0 LIMIT 1 [ RunTime:0.001195s ]
[ sql ] [ SQL ] SELECT * FROM `o2o_category` WHERE  `status` <> -1  AND `parent_id` = 0 ORDER BY `listorder`  desc,`id`  desc LIMIT 0,5 [ RunTime:0.002036s ]

---------------------------------------------------------------
[ 2018-04-20T09:53:21+08:00 ] 127.0.0.1 127.0.0.1 GET /imooc_o2o/public/index.php/admin/index/map.html
[ log ] localhost:8080/imooc_o2o/public/index.php/admin/index/map.html [运行时间：0.090747s][吞吐率：11.02req/s] [内存消耗：2,028.66kb] [文件加载：40]
[ info ] [ LANG ] G:\php\Apache24\htdocs\imooc_o2o\thinkphp\lang\zh-cn.php
[ info ] [ ROUTE ] array (
  'type' => 'module',
  'module' => 
  array (
    0 => 'admin',
    1 => 'index',
    2 => 'map',
  ),
)
[ info ] [ HEADER ] array (
  'host' => 'localhost:8080',
  'user-agent' => 'Mozilla/5.0 (Windows NT 10.0; WOW64; rv:59.0) Gecko/20100101 Firefox/59.0',
  'accept' => '*/*',
  'accept-language' => 'zh-CN,zh;q=0.8,zh-TW;q=0.7,zh-HK;q=0.5,en-US;q=0.3,en;q=0.2',
  'accept-encoding' => 'gzip, deflate',
  'referer' => 'http://localhost:8080/imooc_o2o/public/index.php/admin/category/index',
  'connection' => 'close',
)
[ info ] [ PARAM ] array (
)
[ info ] [ RUN ] app\admin\controller\Index->map[ G:\php\Apache24\htdocs\imooc_o2o\application\admin\controller\Index.php ]
[ info ] [ LOG ] INIT File
[ error ] [0]variable type error： boolean[G:\php\Apache24\htdocs\imooc_o2o\thinkphp\library\think\Response.php:312]

---------------------------------------------------------------
[ 2018-04-20T09:53:33+08:00 ] 127.0.0.1 127.0.0.1 GET /imooc_o2o/public/index.php/admin/category/index
[ log ] localhost:8080/imooc_o2o/public/index.php/admin/category/index [运行时间：0.473760s][吞吐率：2.11req/s] [内存消耗：3,833.71kb] [文件加载：51]
[ info ] [ LANG ] G:\php\Apache24\htdocs\imooc_o2o\thinkphp\lang\zh-cn.php
[ info ] [ ROUTE ] array (
  'type' => 'module',
  'module' => 
  array (
    0 => 'admin',
    1 => 'category',
    2 => 'index',
  ),
)
[ info ] [ HEADER ] array (
  'host' => 'localhost:8080',
  'upgrade-insecure-requests' => '1',
  'user-agent' => 'Mozilla/5.0 (Windows NT 10.0; WOW64) AppleWebKit/537.36 (KHTML, like Gecko) Chrome/65.0.3325.181 Safari/537.36',
  'accept' => 'text/html,application/xhtml+xml,application/xml;q=0.9,image/webp,image/apng,*/*;q=0.8',
  'accept-encoding' => 'gzip, deflate, br',
  'accept-language' => 'zh-CN,zh;q=0.9',
  'cookie' => 'Phpstorm-412f56be=3074bb5d-31ac-4ec9-8a21-a4a32a2682a8; Huiskin=blue',
  'connection' => 'close',
)
[ info ] [ PARAM ] array (
)
[ info ] [ DB ] INIT mysql
[ info ] [ RUN ] app\admin\controller\Category->index[ G:\php\Apache24\htdocs\imooc_o2o\application\admin\controller\Category.php ]
[ info ] [ VIEW ] G:\php\Apache24\htdocs\imooc_o2o\public/../application/admin\view\category\index.html [ array (
  0 => 'categories',
) ]
[ info ] [ LOG ] INIT File
[ sql ] [ DB ] CONNECT:[ UseTime:0.001530s ] mysql:dbname=imooc_o2o;host=127.0.0.1;port=3306;charset=utf8
[ sql ] [ SQL ] SHOW COLUMNS FROM `o2o_category` [ RunTime:0.014610s ]
[ sql ] [ SQL ] SELECT COUNT(*) AS tp_count FROM `o2o_category` WHERE  `status` <> -1  AND `parent_id` = 0 LIMIT 1 [ RunTime:0.002249s ]
[ sql ] [ SQL ] SELECT * FROM `o2o_category` WHERE  `status` <> -1  AND `parent_id` = 0 ORDER BY `listorder`  desc,`id`  desc LIMIT 0,5 [ RunTime:0.001556s ]

---------------------------------------------------------------
[ 2018-04-20T09:53:34+08:00 ] 127.0.0.1 127.0.0.1 GET /imooc_o2o/public/index.php/admin/index/map.html
[ log ] localhost:8080/imooc_o2o/public/index.php/admin/index/map.html [运行时间：0.050854s][吞吐率：19.66req/s] [内存消耗：2,029.09kb] [文件加载：40]
[ info ] [ LANG ] G:\php\Apache24\htdocs\imooc_o2o\thinkphp\lang\zh-cn.php
[ info ] [ ROUTE ] array (
  'type' => 'module',
  'module' => 
  array (
    0 => 'admin',
    1 => 'index',
    2 => 'map',
  ),
)
[ info ] [ HEADER ] array (
  'host' => 'localhost:8080',
  'user-agent' => 'Mozilla/5.0 (Windows NT 10.0; WOW64) AppleWebKit/537.36 (KHTML, like Gecko) Chrome/65.0.3325.181 Safari/537.36',
  'accept' => 'image/webp,image/apng,image/*,*/*;q=0.8',
  'referer' => 'http://localhost:8080/imooc_o2o/public/index.php/admin/category/index',
  'accept-encoding' => 'gzip, deflate, br',
  'accept-language' => 'zh-CN,zh;q=0.9',
  'cookie' => 'Phpstorm-412f56be=3074bb5d-31ac-4ec9-8a21-a4a32a2682a8; Huiskin=blue',
  'connection' => 'close',
)
[ info ] [ PARAM ] array (
)
[ info ] [ RUN ] app\admin\controller\Index->map[ G:\php\Apache24\htdocs\imooc_o2o\application\admin\controller\Index.php ]
[ info ] [ LOG ] INIT File
[ error ] [0]variable type error： boolean[G:\php\Apache24\htdocs\imooc_o2o\thinkphp\library\think\Response.php:312]

---------------------------------------------------------------
[ 2018-04-20T09:54:35+08:00 ] 127.0.0.1 127.0.0.1 GET /imooc_o2o/public/index.php/admin/category/index
[ log ] localhost:8080/imooc_o2o/public/index.php/admin/category/index [运行时间：0.146344s][吞吐率：6.83req/s] [内存消耗：3,833.16kb] [文件加载：51]
[ info ] [ LANG ] G:\php\Apache24\htdocs\imooc_o2o\thinkphp\lang\zh-cn.php
[ info ] [ ROUTE ] array (
  'type' => 'module',
  'module' => 
  array (
    0 => 'admin',
    1 => 'category',
    2 => 'index',
  ),
)
[ info ] [ HEADER ] array (
  'host' => 'localhost:8080',
  'user-agent' => 'Mozilla/5.0 (Windows NT 10.0; WOW64; rv:59.0) Gecko/20100101 Firefox/59.0',
  'accept' => 'text/html,application/xhtml+xml,application/xml;q=0.9,*/*;q=0.8',
  'accept-language' => 'zh-CN,zh;q=0.8,zh-TW;q=0.7,zh-HK;q=0.5,en-US;q=0.3,en;q=0.2',
  'accept-encoding' => 'gzip, deflate',
  'connection' => 'close',
  'upgrade-insecure-requests' => '1',
)
[ info ] [ PARAM ] array (
)
[ info ] [ DB ] INIT mysql
[ info ] [ RUN ] app\admin\controller\Category->index[ G:\php\Apache24\htdocs\imooc_o2o\application\admin\controller\Category.php ]
[ info ] [ VIEW ] G:\php\Apache24\htdocs\imooc_o2o\public/../application/admin\view\category\index.html [ array (
  0 => 'categories',
) ]
[ info ] [ LOG ] INIT File
[ sql ] [ DB ] CONNECT:[ UseTime:0.001537s ] mysql:dbname=imooc_o2o;host=127.0.0.1;port=3306;charset=utf8
[ sql ] [ SQL ] SHOW COLUMNS FROM `o2o_category` [ RunTime:0.010604s ]
[ sql ] [ SQL ] SELECT COUNT(*) AS tp_count FROM `o2o_category` WHERE  `status` <> -1  AND `parent_id` = 0 LIMIT 1 [ RunTime:0.003431s ]
[ sql ] [ SQL ] SELECT * FROM `o2o_category` WHERE  `status` <> -1  AND `parent_id` = 0 ORDER BY `listorder`  desc,`id`  desc LIMIT 0,5 [ RunTime:0.001448s ]

---------------------------------------------------------------
[ 2018-04-20T09:54:36+08:00 ] 127.0.0.1 127.0.0.1 GET /imooc_o2o/public/index.php/admin/index/map.html
[ log ] localhost:8080/imooc_o2o/public/index.php/admin/index/map.html [运行时间：0.074506s][吞吐率：13.42req/s] [内存消耗：2,028.45kb] [文件加载：40]
[ info ] [ LANG ] G:\php\Apache24\htdocs\imooc_o2o\thinkphp\lang\zh-cn.php
[ info ] [ ROUTE ] array (
  'type' => 'module',
  'module' => 
  array (
    0 => 'admin',
    1 => 'index',
    2 => 'map',
  ),
)
[ info ] [ HEADER ] array (
  'host' => 'localhost:8080',
  'user-agent' => 'Mozilla/5.0 (Windows NT 10.0; WOW64; rv:59.0) Gecko/20100101 Firefox/59.0',
  'accept' => '*/*',
  'accept-language' => 'zh-CN,zh;q=0.8,zh-TW;q=0.7,zh-HK;q=0.5,en-US;q=0.3,en;q=0.2',
  'accept-encoding' => 'gzip, deflate',
  'referer' => 'http://localhost:8080/imooc_o2o/public/index.php/admin/category/index',
  'connection' => 'close',
)
[ info ] [ PARAM ] array (
)
[ info ] [ RUN ] app\admin\controller\Index->map[ G:\php\Apache24\htdocs\imooc_o2o\application\admin\controller\Index.php ]
[ info ] [ LOG ] INIT File
[ error ] [0]variable type error： boolean[G:\php\Apache24\htdocs\imooc_o2o\thinkphp\library\think\Response.php:312]

---------------------------------------------------------------
[ 2018-04-20T11:43:33+08:00 ] 127.0.0.1 127.0.0.1 GET /imooc_o2o/public/index.php/admin/category/index
[ log ] localhost:8080/imooc_o2o/public/index.php/admin/category/index [运行时间：0.570083s][吞吐率：1.75req/s] [内存消耗：3,833.16kb] [文件加载：51]
[ info ] [ LANG ] G:\php\Apache24\htdocs\imooc_o2o\thinkphp\lang\zh-cn.php
[ info ] [ ROUTE ] array (
  'type' => 'module',
  'module' => 
  array (
    0 => 'admin',
    1 => 'category',
    2 => 'index',
  ),
)
[ info ] [ HEADER ] array (
  'host' => 'localhost:8080',
  'user-agent' => 'Mozilla/5.0 (Windows NT 10.0; WOW64; rv:59.0) Gecko/20100101 Firefox/59.0',
  'accept' => 'text/html,application/xhtml+xml,application/xml;q=0.9,*/*;q=0.8',
  'accept-language' => 'zh-CN,zh;q=0.8,zh-TW;q=0.7,zh-HK;q=0.5,en-US;q=0.3,en;q=0.2',
  'accept-encoding' => 'gzip, deflate',
  'connection' => 'close',
  'upgrade-insecure-requests' => '1',
)
[ info ] [ PARAM ] array (
)
[ info ] [ DB ] INIT mysql
[ info ] [ RUN ] app\admin\controller\Category->index[ G:\php\Apache24\htdocs\imooc_o2o\application\admin\controller\Category.php ]
[ info ] [ VIEW ] G:\php\Apache24\htdocs\imooc_o2o\public/../application/admin\view\category\index.html [ array (
  0 => 'categories',
) ]
[ info ] [ LOG ] INIT File
[ sql ] [ DB ] CONNECT:[ UseTime:0.003377s ] mysql:dbname=imooc_o2o;host=127.0.0.1;port=3306;charset=utf8
[ sql ] [ SQL ] SHOW COLUMNS FROM `o2o_category` [ RunTime:0.066596s ]
[ sql ] [ SQL ] SELECT COUNT(*) AS tp_count FROM `o2o_category` WHERE  `status` <> -1  AND `parent_id` = 0 LIMIT 1 [ RunTime:0.002416s ]
[ sql ] [ SQL ] SELECT * FROM `o2o_category` WHERE  `status` <> -1  AND `parent_id` = 0 ORDER BY `listorder`  desc,`id`  desc LIMIT 0,5 [ RunTime:0.001590s ]

---------------------------------------------------------------
[ 2018-04-20T11:43:34+08:00 ] 127.0.0.1 127.0.0.1 GET /imooc_o2o/public/index.php/admin/index/map.html
[ log ] localhost:8080/imooc_o2o/public/index.php/admin/index/map.html [运行时间：0.228951s][吞吐率：4.37req/s] [内存消耗：2,028.45kb] [文件加载：40]
[ info ] [ LANG ] G:\php\Apache24\htdocs\imooc_o2o\thinkphp\lang\zh-cn.php
[ info ] [ ROUTE ] array (
  'type' => 'module',
  'module' => 
  array (
    0 => 'admin',
    1 => 'index',
    2 => 'map',
  ),
)
[ info ] [ HEADER ] array (
  'host' => 'localhost:8080',
  'user-agent' => 'Mozilla/5.0 (Windows NT 10.0; WOW64; rv:59.0) Gecko/20100101 Firefox/59.0',
  'accept' => '*/*',
  'accept-language' => 'zh-CN,zh;q=0.8,zh-TW;q=0.7,zh-HK;q=0.5,en-US;q=0.3,en;q=0.2',
  'accept-encoding' => 'gzip, deflate',
  'referer' => 'http://localhost:8080/imooc_o2o/public/index.php/admin/category/index',
  'connection' => 'close',
)
[ info ] [ PARAM ] array (
)
[ info ] [ RUN ] app\admin\controller\Index->map[ G:\php\Apache24\htdocs\imooc_o2o\application\admin\controller\Index.php ]
[ info ] [ LOG ] INIT File
[ error ] [0]variable type error： boolean[G:\php\Apache24\htdocs\imooc_o2o\thinkphp\library\think\Response.php:312]

---------------------------------------------------------------
[ 2018-04-20T11:43:54+08:00 ] 127.0.0.1 127.0.0.1 GET /imooc_o2o/public/index.php/admin/index/test
[ log ] localhost:8080/imooc_o2o/public/index.php/admin/index/test [运行时间：0.115723s][吞吐率：8.64req/s] [内存消耗：1,966.28kb] [文件加载：38]
[ info ] [ LANG ] G:\php\Apache24\htdocs\imooc_o2o\thinkphp\lang\zh-cn.php
[ info ] [ ROUTE ] array (
  'type' => 'module',
  'module' => 
  array (
    0 => 'admin',
    1 => 'index',
    2 => 'test',
  ),
)
[ info ] [ HEADER ] array (
  'host' => 'localhost:8080',
  'user-agent' => 'Mozilla/5.0 (Windows NT 10.0; WOW64; rv:59.0) Gecko/20100101 Firefox/59.0',
  'accept' => 'text/html,application/xhtml+xml,application/xml;q=0.9,*/*;q=0.8',
  'accept-language' => 'zh-CN,zh;q=0.8,zh-TW;q=0.7,zh-HK;q=0.5,en-US;q=0.3,en;q=0.2',
  'accept-encoding' => 'gzip, deflate',
  'cookie' => 'PHPSESSID=tb3nk355uncd693i0aa2kc2v96',
  'connection' => 'close',
  'upgrade-insecure-requests' => '1',
)
[ info ] [ PARAM ] array (
)
[ info ] [ RUN ] app\admin\controller\Index->test[ G:\php\Apache24\htdocs\imooc_o2o\application\admin\controller\Index.php ]
[ info ] [ LOG ] INIT File

---------------------------------------------------------------
