[ 2018-04-24T10:21:40+08:00 ] 127.0.0.1 127.0.0.1 GET /imooc_o2o/public/index.php/admin/login/test.html
[ log ] localhost:8080/imooc_o2o/public/index.php/admin/login/test.html [运行时间：0.378403s][吞吐率：2.64req/s] [内存消耗：1,594.57kb] [文件加载：33]
[ info ] [ LANG ] G:\php\Apache24\htdocs\imooc_o2o\thinkphp\lang\zh-cn.php
[ info ] [ ROUTE ] array (
  'type' => 'module',
  'module' => 
  array (
    0 => 'admin',
    1 => 'login',
    2 => 'test',
  ),
)
[ info ] [ HEADER ] array (
  'host' => 'localhost:8080',
  'upgrade-insecure-requests' => '1',
  'user-agent' => 'Mozilla/5.0 (Windows NT 10.0; Win64; x64) AppleWebKit/537.36 (KHTML, like Gecko) Chrome/66.0.3359.117 Safari/537.36',
  'accept' => 'text/html,application/xhtml+xml,application/xml;q=0.9,image/webp,image/apng,*/*;q=0.8',
  'accept-encoding' => 'gzip, deflate, br',
  'accept-language' => 'zh-CN,zh;q=0.9',
  'cookie' => 'Phpstorm-412f56be=3074bb5d-31ac-4ec9-8a21-a4a32a2682a8; Huiskin=blue; PHPSESSID=ij1pgc9pmj41aguobrs2plf913',
  'connection' => 'close',
)
[ info ] [ PARAM ] array (
)
[ info ] [ LOG ] INIT File

---------------------------------------------------------------
[ 2018-04-24T10:21:45+08:00 ] 127.0.0.1 127.0.0.1 GET /imooc_o2o/public/index.php/
[ log ] localhost:8080/imooc_o2o/public/index.php/ [运行时间：0.244238s][吞吐率：4.09req/s] [内存消耗：2,121.60kb] [文件加载：37]
[ info ] [ LANG ] G:\php\Apache24\htdocs\imooc_o2o\thinkphp\lang\zh-cn.php
[ info ] [ ROUTE ] array (
  'type' => 'module',
  'module' => 
  array (
    0 => '',
    1 => NULL,
    2 => NULL,
  ),
)
[ info ] [ HEADER ] array (
  'host' => 'localhost:8080',
  'upgrade-insecure-requests' => '1',
  'user-agent' => 'Mozilla/5.0 (Windows NT 10.0; Win64; x64) AppleWebKit/537.36 (KHTML, like Gecko) Chrome/66.0.3359.117 Safari/537.36',
  'accept' => 'text/html,application/xhtml+xml,application/xml;q=0.9,image/webp,image/apng,*/*;q=0.8',
  'accept-encoding' => 'gzip, deflate, br',
  'accept-language' => 'zh-CN,zh;q=0.9',
  'cookie' => 'Phpstorm-412f56be=3074bb5d-31ac-4ec9-8a21-a4a32a2682a8; Huiskin=blue; PHPSESSID=ij1pgc9pmj41aguobrs2plf913',
  'connection' => 'close',
)
[ info ] [ PARAM ] array (
)
[ info ] [ RUN ] app\index\controller\Index->index[ G:\php\Apache24\htdocs\imooc_o2o\application\index\controller\Index.php ]
[ info ] [ VIEW ] G:\php\Apache24\htdocs\imooc_o2o\public/../application/index\view\index\index.html [ array (
) ]
[ info ] [ LOG ] INIT File

---------------------------------------------------------------
[ 2018-04-24T10:21:49+08:00 ] 127.0.0.1 127.0.0.1 GET /imooc_o2o/public/index.php/index/user/login.html
[ log ] localhost:8080/imooc_o2o/public/index.php/index/user/login.html [运行时间：0.121997s][吞吐率：8.20req/s] [内存消耗：2,295.16kb] [文件加载：39]
[ info ] [ LANG ] G:\php\Apache24\htdocs\imooc_o2o\thinkphp\lang\zh-cn.php
[ info ] [ ROUTE ] array (
  'type' => 'module',
  'module' => 
  array (
    0 => 'index',
    1 => 'user',
    2 => 'login',
  ),
)
[ info ] [ HEADER ] array (
  'host' => 'localhost:8080',
  'upgrade-insecure-requests' => '1',
  'user-agent' => 'Mozilla/5.0 (Windows NT 10.0; Win64; x64) AppleWebKit/537.36 (KHTML, like Gecko) Chrome/66.0.3359.117 Safari/537.36',
  'accept' => 'text/html,application/xhtml+xml,application/xml;q=0.9,image/webp,image/apng,*/*;q=0.8',
  'referer' => 'http://localhost:8080/imooc_o2o/public/index.php/',
  'accept-encoding' => 'gzip, deflate, br',
  'accept-language' => 'zh-CN,zh;q=0.9',
  'cookie' => 'Phpstorm-412f56be=3074bb5d-31ac-4ec9-8a21-a4a32a2682a8; Huiskin=blue; PHPSESSID=ij1pgc9pmj41aguobrs2plf913',
  'connection' => 'close',
)
[ info ] [ PARAM ] array (
)
[ info ] [ RUN ] app\index\controller\User->login[ G:\php\Apache24\htdocs\imooc_o2o\application\index\controller\User.php ]
[ info ] [ SESSION ] INIT array (
  'id' => '',
  'var_session_id' => '',
  'prefix' => 'think',
  'type' => '',
  'auto_start' => true,
)
[ info ] [ VIEW ] G:\php\Apache24\htdocs\imooc_o2o\public/../application/index\view\user\login.html [ array (
) ]
[ info ] [ LOG ] INIT File

---------------------------------------------------------------
[ 2018-04-24T10:21:52+08:00 ] 127.0.0.1 127.0.0.1 POST /imooc_o2o/public/index.php/index/user/check.html
[ log ] localhost:8080/imooc_o2o/public/index.php/index/user/check.html [运行时间：0.625303s][吞吐率：1.60req/s] [内存消耗：4,026.63kb] [文件加载：50]
[ info ] [ LANG ] G:\php\Apache24\htdocs\imooc_o2o\thinkphp\lang\zh-cn.php
[ info ] [ ROUTE ] array (
  'type' => 'module',
  'module' => 
  array (
    0 => 'index',
    1 => 'user',
    2 => 'check',
  ),
)
[ info ] [ HEADER ] array (
  'host' => 'localhost:8080',
  'content-length' => '29',
  'cache-control' => 'max-age=0',
  'origin' => 'http://localhost:8080',
  'upgrade-insecure-requests' => '1',
  'content-type' => 'application/x-www-form-urlencoded',
  'user-agent' => 'Mozilla/5.0 (Windows NT 10.0; Win64; x64) AppleWebKit/537.36 (KHTML, like Gecko) Chrome/66.0.3359.117 Safari/537.36',
  'accept' => 'text/html,application/xhtml+xml,application/xml;q=0.9,image/webp,image/apng,*/*;q=0.8',
  'referer' => 'http://localhost:8080/imooc_o2o/public/index.php/index/user/login.html',
  'accept-encoding' => 'gzip, deflate, br',
  'accept-language' => 'zh-CN,zh;q=0.9',
  'cookie' => 'Phpstorm-412f56be=3074bb5d-31ac-4ec9-8a21-a4a32a2682a8; Huiskin=blue; PHPSESSID=ij1pgc9pmj41aguobrs2plf913',
  'connection' => 'close',
)
[ info ] [ PARAM ] array (
  'username' => 'admin',
  'password' => 'admin',
)
[ info ] [ RUN ] app\index\controller\User->check[ G:\php\Apache24\htdocs\imooc_o2o\application\index\controller\User.php ]
[ info ] [ DB ] INIT mysql
[ info ] [ VIEW ] G:\php\Apache24\htdocs\imooc_o2o\thinkphp\tpl\dispatch_jump.tpl [ array (
  0 => 'code',
  1 => 'msg',
  2 => 'data',
  3 => 'url',
  4 => 'wait',
) ]
[ info ] [ LOG ] INIT File
[ sql ] [ DB ] CONNECT:[ UseTime:0.039116s ] mysql:dbname=imooc_o2o;host=127.0.0.1;port=3306;charset=utf8
[ sql ] [ SQL ] SHOW COLUMNS FROM `o2o_user` [ RunTime:0.245516s ]
[ sql ] [ SQL ] SELECT * FROM `o2o_user` WHERE  `username` = 'admin' LIMIT 1 [ RunTime:0.044669s ]

---------------------------------------------------------------
[ 2018-04-24T10:21:55+08:00 ] 127.0.0.1 127.0.0.1 GET /imooc_o2o/public/index.php/index/user/login.html
[ log ] localhost:8080/imooc_o2o/public/index.php/index/user/login.html [运行时间：0.065188s][吞吐率：15.34req/s] [内存消耗：2,074.68kb] [文件加载：37]
[ info ] [ LANG ] G:\php\Apache24\htdocs\imooc_o2o\thinkphp\lang\zh-cn.php
[ info ] [ ROUTE ] array (
  'type' => 'module',
  'module' => 
  array (
    0 => 'index',
    1 => 'user',
    2 => 'login',
  ),
)
[ info ] [ HEADER ] array (
  'host' => 'localhost:8080',
  'upgrade-insecure-requests' => '1',
  'user-agent' => 'Mozilla/5.0 (Windows NT 10.0; Win64; x64) AppleWebKit/537.36 (KHTML, like Gecko) Chrome/66.0.3359.117 Safari/537.36',
  'accept' => 'text/html,application/xhtml+xml,application/xml;q=0.9,image/webp,image/apng,*/*;q=0.8',
  'referer' => 'http://localhost:8080/imooc_o2o/public/index.php/',
  'accept-encoding' => 'gzip, deflate, br',
  'accept-language' => 'zh-CN,zh;q=0.9',
  'cookie' => 'Phpstorm-412f56be=3074bb5d-31ac-4ec9-8a21-a4a32a2682a8; Huiskin=blue; PHPSESSID=ij1pgc9pmj41aguobrs2plf913',
  'connection' => 'close',
)
[ info ] [ PARAM ] array (
)
[ info ] [ RUN ] app\index\controller\User->login[ G:\php\Apache24\htdocs\imooc_o2o\application\index\controller\User.php ]
[ info ] [ SESSION ] INIT array (
  'id' => '',
  'var_session_id' => '',
  'prefix' => 'think',
  'type' => '',
  'auto_start' => true,
)
[ info ] [ VIEW ] G:\php\Apache24\htdocs\imooc_o2o\public/../application/index\view\user\login.html [ array (
) ]
[ info ] [ LOG ] INIT File

---------------------------------------------------------------
[ 2018-04-24T10:21:56+08:00 ] 127.0.0.1 127.0.0.1 GET /imooc_o2o/public/index.php/index/user/register.html
[ log ] localhost:8080/imooc_o2o/public/index.php/index/user/register.html [运行时间：0.071159s][吞吐率：14.05req/s] [内存消耗：2,198.56kb] [文件加载：38]
[ info ] [ LANG ] G:\php\Apache24\htdocs\imooc_o2o\thinkphp\lang\zh-cn.php
[ info ] [ ROUTE ] array (
  'type' => 'module',
  'module' => 
  array (
    0 => 'index',
    1 => 'user',
    2 => 'register',
  ),
)
[ info ] [ HEADER ] array (
  'host' => 'localhost:8080',
  'upgrade-insecure-requests' => '1',
  'user-agent' => 'Mozilla/5.0 (Windows NT 10.0; Win64; x64) AppleWebKit/537.36 (KHTML, like Gecko) Chrome/66.0.3359.117 Safari/537.36',
  'accept' => 'text/html,application/xhtml+xml,application/xml;q=0.9,image/webp,image/apng,*/*;q=0.8',
  'referer' => 'http://localhost:8080/imooc_o2o/public/index.php/index/user/login.html',
  'accept-encoding' => 'gzip, deflate, br',
  'accept-language' => 'zh-CN,zh;q=0.9',
  'cookie' => 'Phpstorm-412f56be=3074bb5d-31ac-4ec9-8a21-a4a32a2682a8; Huiskin=blue; PHPSESSID=ij1pgc9pmj41aguobrs2plf913',
  'connection' => 'close',
)
[ info ] [ PARAM ] array (
)
[ info ] [ RUN ] app\index\controller\User->register[ G:\php\Apache24\htdocs\imooc_o2o\application\index\controller\User.php ]
[ info ] [ VIEW ] G:\php\Apache24\htdocs\imooc_o2o\public/../application/index\view\user\register.html [ array (
) ]
[ info ] [ LOG ] INIT File

---------------------------------------------------------------
[ 2018-04-24T10:21:59+08:00 ] 127.0.0.1 127.0.0.1 GET /imooc_o2o/public/index.php/index/user/login.html
[ log ] localhost:8080/imooc_o2o/public/index.php/index/user/login.html [运行时间：0.061743s][吞吐率：16.20req/s] [内存消耗：2,074.68kb] [文件加载：37]
[ info ] [ LANG ] G:\php\Apache24\htdocs\imooc_o2o\thinkphp\lang\zh-cn.php
[ info ] [ ROUTE ] array (
  'type' => 'module',
  'module' => 
  array (
    0 => 'index',
    1 => 'user',
    2 => 'login',
  ),
)
[ info ] [ HEADER ] array (
  'host' => 'localhost:8080',
  'upgrade-insecure-requests' => '1',
  'user-agent' => 'Mozilla/5.0 (Windows NT 10.0; Win64; x64) AppleWebKit/537.36 (KHTML, like Gecko) Chrome/66.0.3359.117 Safari/537.36',
  'accept' => 'text/html,application/xhtml+xml,application/xml;q=0.9,image/webp,image/apng,*/*;q=0.8',
  'referer' => 'http://localhost:8080/imooc_o2o/public/index.php/',
  'accept-encoding' => 'gzip, deflate, br',
  'accept-language' => 'zh-CN,zh;q=0.9',
  'cookie' => 'Phpstorm-412f56be=3074bb5d-31ac-4ec9-8a21-a4a32a2682a8; Huiskin=blue; PHPSESSID=ij1pgc9pmj41aguobrs2plf913',
  'connection' => 'close',
)
[ info ] [ PARAM ] array (
)
[ info ] [ RUN ] app\index\controller\User->login[ G:\php\Apache24\htdocs\imooc_o2o\application\index\controller\User.php ]
[ info ] [ SESSION ] INIT array (
  'id' => '',
  'var_session_id' => '',
  'prefix' => 'think',
  'type' => '',
  'auto_start' => true,
)
[ info ] [ VIEW ] G:\php\Apache24\htdocs\imooc_o2o\public/../application/index\view\user\login.html [ array (
) ]
[ info ] [ LOG ] INIT File

---------------------------------------------------------------
