[ 2018-04-26T13:59:07+08:00 ] 127.0.0.1 127.0.0.1 GET /imooc_o2o/public/index.php/bis/index/index.html
[ log ] localhost:8080/imooc_o2o/public/index.php/bis/index/index.html [运行时间：0.261420s][吞吐率：3.83req/s] [内存消耗：2,104.67kb] [文件加载：39]
[ info ] [ LANG ] G:\php\Apache24\htdocs\imooc_o2o\thinkphp\lang\zh-cn.php
[ info ] [ ROUTE ] array (
  'type' => 'module',
  'module' => 
  array (
    0 => 'bis',
    1 => 'index',
    2 => 'index',
  ),
)
[ info ] [ HEADER ] array (
  'host' => 'localhost:8080',
  'upgrade-insecure-requests' => '1',
  'user-agent' => 'Mozilla/5.0 (Windows NT 10.0; Win64; x64) AppleWebKit/537.36 (KHTML, like Gecko) Chrome/66.0.3359.117 Safari/537.36',
  'accept' => 'text/html,application/xhtml+xml,application/xml;q=0.9,image/webp,image/apng,*/*;q=0.8',
  'accept-encoding' => 'gzip, deflate, br',
  'accept-language' => 'zh-CN,zh;q=0.9',
  'cookie' => 'Phpstorm-412f56be=3074bb5d-31ac-4ec9-8a21-a4a32a2682a8; Huiskin=blue; PHPSESSID=61e2voma9c192pijlgjlo4io80',
  'connection' => 'close',
)
[ info ] [ PARAM ] array (
)
[ info ] [ SESSION ] INIT array (
  'id' => '',
  'var_session_id' => '',
  'prefix' => 'think',
  'type' => '',
  'auto_start' => true,
)
[ info ] [ LOG ] INIT File

---------------------------------------------------------------
[ 2018-04-26T13:59:07+08:00 ] 127.0.0.1 127.0.0.1 GET /imooc_o2o/public/index.php/bis/login/index.html
[ log ] localhost:8080/imooc_o2o/public/index.php/bis/login/index.html [运行时间：0.070333s][吞吐率：14.22req/s] [内存消耗：2,073.55kb] [文件加载：37]
[ info ] [ LANG ] G:\php\Apache24\htdocs\imooc_o2o\thinkphp\lang\zh-cn.php
[ info ] [ ROUTE ] array (
  'type' => 'module',
  'module' => 
  array (
    0 => 'bis',
    1 => 'login',
    2 => 'index',
  ),
)
[ info ] [ HEADER ] array (
  'host' => 'localhost:8080',
  'upgrade-insecure-requests' => '1',
  'user-agent' => 'Mozilla/5.0 (Windows NT 10.0; Win64; x64) AppleWebKit/537.36 (KHTML, like Gecko) Chrome/66.0.3359.117 Safari/537.36',
  'accept' => 'text/html,application/xhtml+xml,application/xml;q=0.9,image/webp,image/apng,*/*;q=0.8',
  'accept-encoding' => 'gzip, deflate, br',
  'accept-language' => 'zh-CN,zh;q=0.9',
  'cookie' => 'Phpstorm-412f56be=3074bb5d-31ac-4ec9-8a21-a4a32a2682a8; Huiskin=blue; PHPSESSID=61e2voma9c192pijlgjlo4io80',
  'connection' => 'close',
)
[ info ] [ PARAM ] array (
)
[ info ] [ RUN ] app\bis\controller\Login->index[ G:\php\Apache24\htdocs\imooc_o2o\application\bis\controller\Login.php ]
[ info ] [ SESSION ] INIT array (
  'id' => '',
  'var_session_id' => '',
  'prefix' => 'think',
  'type' => '',
  'auto_start' => true,
)
[ info ] [ VIEW ] G:\php\Apache24\htdocs\imooc_o2o\public/../application/bis\view\login\index.html [ array (
) ]
[ info ] [ LOG ] INIT File

---------------------------------------------------------------
[ 2018-04-26T13:59:10+08:00 ] 127.0.0.1 127.0.0.1 POST /imooc_o2o/public/index.php/bis/login/index.html
[ log ] localhost:8080/imooc_o2o/public/index.php/bis/login/index.html [运行时间：0.401751s][吞吐率：2.49req/s] [内存消耗：3,915.13kb] [文件加载：49]
[ info ] [ LANG ] G:\php\Apache24\htdocs\imooc_o2o\thinkphp\lang\zh-cn.php
[ info ] [ ROUTE ] array (
  'type' => 'module',
  'module' => 
  array (
    0 => 'bis',
    1 => 'login',
    2 => 'index',
  ),
)
[ info ] [ HEADER ] array (
  'host' => 'localhost:8080',
  'content-length' => '29',
  'cache-control' => 'max-age=0',
  'origin' => 'http://localhost:8080',
  'upgrade-insecure-requests' => '1',
  'content-type' => 'application/x-www-form-urlencoded',
  'user-agent' => 'Mozilla/5.0 (Windows NT 10.0; Win64; x64) AppleWebKit/537.36 (KHTML, like Gecko) Chrome/66.0.3359.117 Safari/537.36',
  'accept' => 'text/html,application/xhtml+xml,application/xml;q=0.9,image/webp,image/apng,*/*;q=0.8',
  'referer' => 'http://localhost:8080/imooc_o2o/public/index.php/bis/login/index.html',
  'accept-encoding' => 'gzip, deflate, br',
  'accept-language' => 'zh-CN,zh;q=0.9',
  'cookie' => 'Phpstorm-412f56be=3074bb5d-31ac-4ec9-8a21-a4a32a2682a8; Huiskin=blue; PHPSESSID=61e2voma9c192pijlgjlo4io80',
  'connection' => 'close',
)
[ info ] [ PARAM ] array (
  'username' => 'admin',
  'password' => 'admin',
)
[ info ] [ RUN ] app\bis\controller\Login->index[ G:\php\Apache24\htdocs\imooc_o2o\application\bis\controller\Login.php ]
[ info ] [ SESSION ] INIT array (
  'id' => '',
  'var_session_id' => '',
  'prefix' => 'think',
  'type' => '',
  'auto_start' => true,
)
[ info ] [ DB ] INIT mysql
[ info ] [ VIEW ] G:\php\Apache24\htdocs\imooc_o2o\thinkphp\tpl\dispatch_jump.tpl [ array (
  0 => 'code',
  1 => 'msg',
  2 => 'data',
  3 => 'url',
  4 => 'wait',
) ]
[ info ] [ LOG ] INIT File
[ sql ] [ DB ] CONNECT:[ UseTime:0.028103s ] mysql:dbname=imooc_o2o;host=127.0.0.1;port=3306;charset=utf8
[ sql ] [ SQL ] SHOW COLUMNS FROM `o2o_bis_account` [ RunTime:0.149725s ]
[ sql ] [ SQL ] SELECT * FROM `o2o_bis_account` WHERE  `username` = 'admin' LIMIT 1 [ RunTime:0.002320s ]

---------------------------------------------------------------
[ 2018-04-26T13:59:13+08:00 ] 127.0.0.1 127.0.0.1 GET /imooc_o2o/public/index.php/bis/index/index.html
[ log ] localhost:8080/imooc_o2o/public/index.php/bis/index/index.html [运行时间：0.139326s][吞吐率：7.18req/s] [内存消耗：2,736.30kb] [文件加载：42]
[ info ] [ LANG ] G:\php\Apache24\htdocs\imooc_o2o\thinkphp\lang\zh-cn.php
[ info ] [ ROUTE ] array (
  'type' => 'module',
  'module' => 
  array (
    0 => 'bis',
    1 => 'index',
    2 => 'index',
  ),
)
[ info ] [ HEADER ] array (
  'host' => 'localhost:8080',
  'upgrade-insecure-requests' => '1',
  'user-agent' => 'Mozilla/5.0 (Windows NT 10.0; Win64; x64) AppleWebKit/537.36 (KHTML, like Gecko) Chrome/66.0.3359.117 Safari/537.36',
  'accept' => 'text/html,application/xhtml+xml,application/xml;q=0.9,image/webp,image/apng,*/*;q=0.8',
  'referer' => 'http://localhost:8080/imooc_o2o/public/index.php/bis/login/index.html',
  'accept-encoding' => 'gzip, deflate, br',
  'accept-language' => 'zh-CN,zh;q=0.9',
  'cookie' => 'Phpstorm-412f56be=3074bb5d-31ac-4ec9-8a21-a4a32a2682a8; Huiskin=blue; PHPSESSID=61e2voma9c192pijlgjlo4io80',
  'connection' => 'close',
)
[ info ] [ PARAM ] array (
)
[ info ] [ SESSION ] INIT array (
  'id' => '',
  'var_session_id' => '',
  'prefix' => 'think',
  'type' => '',
  'auto_start' => true,
)
[ info ] [ RUN ] app\bis\controller\Index->index[ G:\php\Apache24\htdocs\imooc_o2o\application\bis\controller\Index.php ]
[ info ] [ VIEW ] G:\php\Apache24\htdocs\imooc_o2o\public/../application/bis\view\index\index.html [ array (
) ]
[ info ] [ LOG ] INIT File

---------------------------------------------------------------
[ 2018-04-26T14:49:34+08:00 ] 127.0.0.1 127.0.0.1 GET /imooc_o2o/public/index.php/bis/register/index.html
[ log ] localhost:8080/imooc_o2o/public/index.php/bis/register/index.html [运行时间：0.342750s][吞吐率：2.92req/s] [内存消耗：3,743.95kb] [文件加载：47]
[ info ] [ LANG ] G:\php\Apache24\htdocs\imooc_o2o\thinkphp\lang\zh-cn.php
[ info ] [ ROUTE ] array (
  'type' => 'module',
  'module' => 
  array (
    0 => 'bis',
    1 => 'register',
    2 => 'index',
  ),
)
[ info ] [ HEADER ] array (
  'host' => 'localhost:8080',
  'upgrade-insecure-requests' => '1',
  'user-agent' => 'Mozilla/5.0 (Windows NT 10.0; Win64; x64) AppleWebKit/537.36 (KHTML, like Gecko) Chrome/66.0.3359.117 Safari/537.36',
  'accept' => 'text/html,application/xhtml+xml,application/xml;q=0.9,image/webp,image/apng,*/*;q=0.8',
  'accept-encoding' => 'gzip, deflate, br',
  'accept-language' => 'zh-CN,zh;q=0.9',
  'cookie' => 'Phpstorm-412f56be=3074bb5d-31ac-4ec9-8a21-a4a32a2682a8; Huiskin=blue; PHPSESSID=61e2voma9c192pijlgjlo4io80',
  'connection' => 'close',
)
[ info ] [ PARAM ] array (
)
[ info ] [ RUN ] app\bis\controller\Register->index[ G:\php\Apache24\htdocs\imooc_o2o\application\bis\controller\Register.php ]
[ info ] [ DB ] INIT mysql
[ info ] [ VIEW ] G:\php\Apache24\htdocs\imooc_o2o\public/../application/bis\view\register\index.html [ array (
  0 => 'city',
  1 => 'category',
) ]
[ info ] [ LOG ] INIT File
[ sql ] [ DB ] CONNECT:[ UseTime:0.001547s ] mysql:dbname=imooc_o2o;host=127.0.0.1;port=3306;charset=utf8
[ sql ] [ SQL ] SHOW COLUMNS FROM `o2o_city` [ RunTime:0.105554s ]
[ sql ] [ SQL ] SELECT * FROM `o2o_city` WHERE  `status` <> -1  AND `parent_id` = 0 ORDER BY `id`  asc [ RunTime:0.002448s ]
[ sql ] [ SQL ] SHOW COLUMNS FROM `o2o_category` [ RunTime:0.050288s ]
[ sql ] [ SQL ] SELECT * FROM `o2o_category` WHERE  `status` <> -1  AND `parent_id` = 0 ORDER BY `listorder`  desc,`id`  desc [ RunTime:0.002902s ]

---------------------------------------------------------------
[ 2018-04-26T14:49:41+08:00 ] 127.0.0.1 127.0.0.1 GET /imooc_o2o/public/index.php/bis
[ log ] localhost:8080/imooc_o2o/public/index.php/bis [运行时间：0.086298s][吞吐率：11.59req/s] [内存消耗：2,511.99kb] [文件加载：40]
[ info ] [ LANG ] G:\php\Apache24\htdocs\imooc_o2o\thinkphp\lang\zh-cn.php
[ info ] [ ROUTE ] array (
  'type' => 'module',
  'module' => 
  array (
    0 => 'bis',
    1 => NULL,
    2 => NULL,
  ),
)
[ info ] [ HEADER ] array (
  'host' => 'localhost:8080',
  'upgrade-insecure-requests' => '1',
  'user-agent' => 'Mozilla/5.0 (Windows NT 10.0; Win64; x64) AppleWebKit/537.36 (KHTML, like Gecko) Chrome/66.0.3359.117 Safari/537.36',
  'accept' => 'text/html,application/xhtml+xml,application/xml;q=0.9,image/webp,image/apng,*/*;q=0.8',
  'accept-encoding' => 'gzip, deflate, br',
  'accept-language' => 'zh-CN,zh;q=0.9',
  'cookie' => 'Phpstorm-412f56be=3074bb5d-31ac-4ec9-8a21-a4a32a2682a8; Huiskin=blue; PHPSESSID=61e2voma9c192pijlgjlo4io80',
  'connection' => 'close',
)
[ info ] [ PARAM ] array (
)
[ info ] [ SESSION ] INIT array (
  'id' => '',
  'var_session_id' => '',
  'prefix' => 'think',
  'type' => '',
  'auto_start' => true,
)
[ info ] [ RUN ] app\bis\controller\Index->index[ G:\php\Apache24\htdocs\imooc_o2o\application\bis\controller\Index.php ]
[ info ] [ VIEW ] G:\php\Apache24\htdocs\imooc_o2o\public/../application/bis\view\index\index.html [ array (
) ]
[ info ] [ LOG ] INIT File

---------------------------------------------------------------
[ 2018-04-26T14:50:41+08:00 ] 127.0.0.1 127.0.0.1 GET /imooc_o2o/public/index.php/bis/location/add.html
[ log ] localhost:8080/imooc_o2o/public/index.php/bis/location/add.html [运行时间：0.256830s][吞吐率：3.89req/s] [内存消耗：4,175.56kb] [文件加载：54]
[ info ] [ LANG ] G:\php\Apache24\htdocs\imooc_o2o\thinkphp\lang\zh-cn.php
[ info ] [ ROUTE ] array (
  'type' => 'module',
  'module' => 
  array (
    0 => 'bis',
    1 => 'location',
    2 => 'add',
  ),
)
[ info ] [ HEADER ] array (
  'host' => 'localhost:8080',
  'upgrade-insecure-requests' => '1',
  'user-agent' => 'Mozilla/5.0 (Windows NT 10.0; Win64; x64) AppleWebKit/537.36 (KHTML, like Gecko) Chrome/66.0.3359.117 Safari/537.36',
  'accept' => 'text/html,application/xhtml+xml,application/xml;q=0.9,image/webp,image/apng,*/*;q=0.8',
  'referer' => 'http://localhost:8080/imooc_o2o/public/index.php/bis',
  'accept-encoding' => 'gzip, deflate, br',
  'accept-language' => 'zh-CN,zh;q=0.9',
  'cookie' => 'Phpstorm-412f56be=3074bb5d-31ac-4ec9-8a21-a4a32a2682a8; Huiskin=blue; PHPSESSID=61e2voma9c192pijlgjlo4io80',
  'connection' => 'close',
)
[ info ] [ PARAM ] array (
)
[ info ] [ DB ] INIT mysql
[ info ] [ RUN ] app\bis\controller\Location->add[ G:\php\Apache24\htdocs\imooc_o2o\application\bis\controller\Location.php ]
[ info ] [ VIEW ] G:\php\Apache24\htdocs\imooc_o2o\public/../application/bis\view\location\add.html [ array (
  0 => 'cities',
  1 => 'categories',
) ]
[ info ] [ LOG ] INIT File
[ sql ] [ DB ] CONNECT:[ UseTime:0.001674s ] mysql:dbname=imooc_o2o;host=127.0.0.1;port=3306;charset=utf8
[ sql ] [ SQL ] SHOW COLUMNS FROM `o2o_city` [ RunTime:0.013873s ]
[ sql ] [ SQL ] SELECT * FROM `o2o_city` WHERE  `status` <> -1  AND `parent_id` = 0 ORDER BY `id`  asc [ RunTime:0.001324s ]
[ sql ] [ SQL ] SHOW COLUMNS FROM `o2o_category` [ RunTime:0.011718s ]
[ sql ] [ SQL ] SELECT COUNT(*) AS tp_count FROM `o2o_category` WHERE  `status` <> -1  AND `parent_id` = 0 LIMIT 1 [ RunTime:0.002287s ]
[ sql ] [ SQL ] SELECT * FROM `o2o_category` WHERE  `status` <> -1  AND `parent_id` = 0 ORDER BY `listorder`  desc,`id`  desc LIMIT 0,5 [ RunTime:0.001869s ]

---------------------------------------------------------------
[ 2018-04-26T14:50:42+08:00 ] 127.0.0.1 127.0.0.1 GET /imooc_o2o/public/index.php/bis/location/index.html
[ log ] localhost:8080/imooc_o2o/public/index.php/bis/location/index.html [运行时间：0.345688s][吞吐率：2.89req/s] [内存消耗：4,112.34kb] [文件加载：53]
[ info ] [ LANG ] G:\php\Apache24\htdocs\imooc_o2o\thinkphp\lang\zh-cn.php
[ info ] [ ROUTE ] array (
  'type' => 'module',
  'module' => 
  array (
    0 => 'bis',
    1 => 'location',
    2 => 'index',
  ),
)
[ info ] [ HEADER ] array (
  'host' => 'localhost:8080',
  'upgrade-insecure-requests' => '1',
  'user-agent' => 'Mozilla/5.0 (Windows NT 10.0; Win64; x64) AppleWebKit/537.36 (KHTML, like Gecko) Chrome/66.0.3359.117 Safari/537.36',
  'accept' => 'text/html,application/xhtml+xml,application/xml;q=0.9,image/webp,image/apng,*/*;q=0.8',
  'referer' => 'http://localhost:8080/imooc_o2o/public/index.php/bis',
  'accept-encoding' => 'gzip, deflate, br',
  'accept-language' => 'zh-CN,zh;q=0.9',
  'cookie' => 'Phpstorm-412f56be=3074bb5d-31ac-4ec9-8a21-a4a32a2682a8; Huiskin=blue; PHPSESSID=61e2voma9c192pijlgjlo4io80',
  'connection' => 'close',
)
[ info ] [ PARAM ] array (
)
[ info ] [ DB ] INIT mysql
[ info ] [ RUN ] app\bis\controller\Location->index[ G:\php\Apache24\htdocs\imooc_o2o\application\bis\controller\Location.php ]
[ info ] [ SESSION ] INIT array (
  'id' => '',
  'var_session_id' => '',
  'prefix' => 'think',
  'type' => '',
  'auto_start' => true,
)
[ info ] [ VIEW ] G:\php\Apache24\htdocs\imooc_o2o\public/../application/bis\view\location\index.html [ array (
  0 => 'location',
) ]
[ info ] [ LOG ] INIT File
[ sql ] [ DB ] CONNECT:[ UseTime:0.005416s ] mysql:dbname=imooc_o2o;host=127.0.0.1;port=3306;charset=utf8
[ sql ] [ SQL ] SHOW COLUMNS FROM `o2o_bis_location` [ RunTime:0.106967s ]
[ sql ] [ SQL ] SELECT COUNT(*) AS tp_count FROM `o2o_bis_location` WHERE  `bis_id` = 32 LIMIT 1 [ RunTime:0.001445s ]
[ sql ] [ SQL ] SELECT * FROM `o2o_bis_location` WHERE  `bis_id` = 32 LIMIT 0,3 [ RunTime:0.003849s ]

---------------------------------------------------------------
[ 2018-04-26T14:50:44+08:00 ] 127.0.0.1 127.0.0.1 GET /imooc_o2o/public/index.php/bis/deal/index.html
[ log ] localhost:8080/imooc_o2o/public/index.php/bis/deal/index.html [运行时间：0.324546s][吞吐率：3.08req/s] [内存消耗：4,056.11kb] [文件加载：52]
[ info ] [ LANG ] G:\php\Apache24\htdocs\imooc_o2o\thinkphp\lang\zh-cn.php
[ info ] [ ROUTE ] array (
  'type' => 'module',
  'module' => 
  array (
    0 => 'bis',
    1 => 'deal',
    2 => 'index',
  ),
)
[ info ] [ HEADER ] array (
  'host' => 'localhost:8080',
  'upgrade-insecure-requests' => '1',
  'user-agent' => 'Mozilla/5.0 (Windows NT 10.0; Win64; x64) AppleWebKit/537.36 (KHTML, like Gecko) Chrome/66.0.3359.117 Safari/537.36',
  'accept' => 'text/html,application/xhtml+xml,application/xml;q=0.9,image/webp,image/apng,*/*;q=0.8',
  'referer' => 'http://localhost:8080/imooc_o2o/public/index.php/bis',
  'accept-encoding' => 'gzip, deflate, br',
  'accept-language' => 'zh-CN,zh;q=0.9',
  'cookie' => 'Phpstorm-412f56be=3074bb5d-31ac-4ec9-8a21-a4a32a2682a8; Huiskin=blue; PHPSESSID=61e2voma9c192pijlgjlo4io80',
  'connection' => 'close',
)
[ info ] [ PARAM ] array (
)
[ info ] [ DB ] INIT mysql
[ info ] [ RUN ] app\bis\controller\Deal->index[ G:\php\Apache24\htdocs\imooc_o2o\application\bis\controller\Deal.php ]
[ info ] [ SESSION ] INIT array (
  'id' => '',
  'var_session_id' => '',
  'prefix' => 'think',
  'type' => '',
  'auto_start' => true,
)
[ info ] [ VIEW ] G:\php\Apache24\htdocs\imooc_o2o\public/../application/bis\view\deal\index.html [ array (
  0 => 'deals',
) ]
[ info ] [ LOG ] INIT File
[ sql ] [ DB ] CONNECT:[ UseTime:0.002911s ] mysql:dbname=imooc_o2o;host=127.0.0.1;port=3306;charset=utf8
[ sql ] [ SQL ] SHOW COLUMNS FROM `o2o_deal` [ RunTime:0.097553s ]
[ sql ] [ SQL ] SELECT COUNT(*) AS tp_count FROM `o2o_deal` WHERE  `status` <> -1  AND `bis_id` = 32 LIMIT 1 [ RunTime:0.001480s ]
[ sql ] [ SQL ] SELECT * FROM `o2o_deal` WHERE  `status` <> -1  AND `bis_id` = 32 ORDER BY `listorder`  desc,`id`  desc LIMIT 0,3 [ RunTime:0.001302s ]

---------------------------------------------------------------
[ 2018-04-26T14:50:46+08:00 ] 127.0.0.1 127.0.0.1 GET /imooc_o2o/public/index.php/bis/deal/add.html
[ log ] localhost:8080/imooc_o2o/public/index.php/bis/deal/add.html [运行时间：0.246735s][吞吐率：4.05req/s] [内存消耗：4,163.14kb] [文件加载：53]
[ info ] [ LANG ] G:\php\Apache24\htdocs\imooc_o2o\thinkphp\lang\zh-cn.php
[ info ] [ ROUTE ] array (
  'type' => 'module',
  'module' => 
  array (
    0 => 'bis',
    1 => 'deal',
    2 => 'add',
  ),
)
[ info ] [ HEADER ] array (
  'host' => 'localhost:8080',
  'upgrade-insecure-requests' => '1',
  'user-agent' => 'Mozilla/5.0 (Windows NT 10.0; Win64; x64) AppleWebKit/537.36 (KHTML, like Gecko) Chrome/66.0.3359.117 Safari/537.36',
  'accept' => 'text/html,application/xhtml+xml,application/xml;q=0.9,image/webp,image/apng,*/*;q=0.8',
  'referer' => 'http://localhost:8080/imooc_o2o/public/index.php/bis',
  'accept-encoding' => 'gzip, deflate, br',
  'accept-language' => 'zh-CN,zh;q=0.9',
  'cookie' => 'Phpstorm-412f56be=3074bb5d-31ac-4ec9-8a21-a4a32a2682a8; Huiskin=blue; PHPSESSID=61e2voma9c192pijlgjlo4io80',
  'connection' => 'close',
)
[ info ] [ PARAM ] array (
)
[ info ] [ DB ] INIT mysql
[ info ] [ RUN ] app\bis\controller\Deal->add[ G:\php\Apache24\htdocs\imooc_o2o\application\bis\controller\Deal.php ]
[ info ] [ SESSION ] INIT array (
  'id' => '',
  'var_session_id' => '',
  'prefix' => 'think',
  'type' => '',
  'auto_start' => true,
)
[ info ] [ VIEW ] G:\php\Apache24\htdocs\imooc_o2o\public/../application/bis\view\deal\add.html [ array (
  0 => 'cities',
  1 => 'categories',
  2 => 'locations',
) ]
[ info ] [ LOG ] INIT File
[ sql ] [ DB ] CONNECT:[ UseTime:0.002216s ] mysql:dbname=imooc_o2o;host=127.0.0.1;port=3306;charset=utf8
[ sql ] [ SQL ] SHOW COLUMNS FROM `o2o_city` [ RunTime:0.011768s ]
[ sql ] [ SQL ] SELECT * FROM `o2o_city` WHERE  `status` <> -1  AND `parent_id` = 0 ORDER BY `id`  asc [ RunTime:0.001907s ]
[ sql ] [ SQL ] SHOW COLUMNS FROM `o2o_category` [ RunTime:0.013312s ]
[ sql ] [ SQL ] SELECT * FROM `o2o_category` WHERE  `status` <> -1  AND `parent_id` = 0 ORDER BY `listorder`  desc,`id`  desc [ RunTime:0.001309s ]
[ sql ] [ SQL ] SHOW COLUMNS FROM `o2o_bis_location` [ RunTime:0.012816s ]
[ sql ] [ SQL ] SELECT * FROM `o2o_bis_location` WHERE  `bis_id` = 32 [ RunTime:0.001998s ]

---------------------------------------------------------------
[ 2018-04-26T14:51:29+08:00 ] 127.0.0.1 127.0.0.1 GET /imooc_o2o/public/index.php/bis/deal/index.html
[ log ] localhost:8080/imooc_o2o/public/index.php/bis/deal/index.html [运行时间：0.128138s][吞吐率：7.80req/s] [内存消耗：3,833.04kb] [文件加载：50]
[ info ] [ LANG ] G:\php\Apache24\htdocs\imooc_o2o\thinkphp\lang\zh-cn.php
[ info ] [ ROUTE ] array (
  'type' => 'module',
  'module' => 
  array (
    0 => 'bis',
    1 => 'deal',
    2 => 'index',
  ),
)
[ info ] [ HEADER ] array (
  'host' => 'localhost:8080',
  'upgrade-insecure-requests' => '1',
  'user-agent' => 'Mozilla/5.0 (Windows NT 10.0; Win64; x64) AppleWebKit/537.36 (KHTML, like Gecko) Chrome/66.0.3359.117 Safari/537.36',
  'accept' => 'text/html,application/xhtml+xml,application/xml;q=0.9,image/webp,image/apng,*/*;q=0.8',
  'referer' => 'http://localhost:8080/imooc_o2o/public/index.php/bis',
  'accept-encoding' => 'gzip, deflate, br',
  'accept-language' => 'zh-CN,zh;q=0.9',
  'cookie' => 'Phpstorm-412f56be=3074bb5d-31ac-4ec9-8a21-a4a32a2682a8; Huiskin=blue; PHPSESSID=61e2voma9c192pijlgjlo4io80',
  'connection' => 'close',
)
[ info ] [ PARAM ] array (
)
[ info ] [ DB ] INIT mysql
[ info ] [ RUN ] app\bis\controller\Deal->index[ G:\php\Apache24\htdocs\imooc_o2o\application\bis\controller\Deal.php ]
[ info ] [ SESSION ] INIT array (
  'id' => '',
  'var_session_id' => '',
  'prefix' => 'think',
  'type' => '',
  'auto_start' => true,
)
[ info ] [ VIEW ] G:\php\Apache24\htdocs\imooc_o2o\public/../application/bis\view\deal\index.html [ array (
  0 => 'deals',
) ]
[ info ] [ LOG ] INIT File
[ sql ] [ DB ] CONNECT:[ UseTime:0.003408s ] mysql:dbname=imooc_o2o;host=127.0.0.1;port=3306;charset=utf8
[ sql ] [ SQL ] SHOW COLUMNS FROM `o2o_deal` [ RunTime:0.011708s ]
[ sql ] [ SQL ] SELECT COUNT(*) AS tp_count FROM `o2o_deal` WHERE  `status` <> -1  AND `bis_id` = 32 LIMIT 1 [ RunTime:0.001311s ]
[ sql ] [ SQL ] SELECT * FROM `o2o_deal` WHERE  `status` <> -1  AND `bis_id` = 32 ORDER BY `listorder`  desc,`id`  desc LIMIT 0,3 [ RunTime:0.001264s ]

---------------------------------------------------------------
[ 2018-04-26T14:51:31+08:00 ] 127.0.0.1 127.0.0.1 GET /imooc_o2o/public/index.php/bis/deal/add.html
[ log ] localhost:8080/imooc_o2o/public/index.php/bis/deal/add.html [运行时间：0.161666s][吞吐率：6.19req/s] [内存消耗：3,931.92kb] [文件加载：51]
[ info ] [ LANG ] G:\php\Apache24\htdocs\imooc_o2o\thinkphp\lang\zh-cn.php
[ info ] [ ROUTE ] array (
  'type' => 'module',
  'module' => 
  array (
    0 => 'bis',
    1 => 'deal',
    2 => 'add',
  ),
)
[ info ] [ HEADER ] array (
  'host' => 'localhost:8080',
  'upgrade-insecure-requests' => '1',
  'user-agent' => 'Mozilla/5.0 (Windows NT 10.0; Win64; x64) AppleWebKit/537.36 (KHTML, like Gecko) Chrome/66.0.3359.117 Safari/537.36',
  'accept' => 'text/html,application/xhtml+xml,application/xml;q=0.9,image/webp,image/apng,*/*;q=0.8',
  'referer' => 'http://localhost:8080/imooc_o2o/public/index.php/bis',
  'accept-encoding' => 'gzip, deflate, br',
  'accept-language' => 'zh-CN,zh;q=0.9',
  'cookie' => 'Phpstorm-412f56be=3074bb5d-31ac-4ec9-8a21-a4a32a2682a8; Huiskin=blue; PHPSESSID=61e2voma9c192pijlgjlo4io80',
  'connection' => 'close',
)
[ info ] [ PARAM ] array (
)
[ info ] [ DB ] INIT mysql
[ info ] [ RUN ] app\bis\controller\Deal->add[ G:\php\Apache24\htdocs\imooc_o2o\application\bis\controller\Deal.php ]
[ info ] [ SESSION ] INIT array (
  'id' => '',
  'var_session_id' => '',
  'prefix' => 'think',
  'type' => '',
  'auto_start' => true,
)
[ info ] [ VIEW ] G:\php\Apache24\htdocs\imooc_o2o\public/../application/bis\view\deal\add.html [ array (
  0 => 'cities',
  1 => 'categories',
  2 => 'locations',
) ]
[ info ] [ LOG ] INIT File
[ sql ] [ DB ] CONNECT:[ UseTime:0.001519s ] mysql:dbname=imooc_o2o;host=127.0.0.1;port=3306;charset=utf8
[ sql ] [ SQL ] SHOW COLUMNS FROM `o2o_city` [ RunTime:0.011653s ]
[ sql ] [ SQL ] SELECT * FROM `o2o_city` WHERE  `status` <> -1  AND `parent_id` = 0 ORDER BY `id`  asc [ RunTime:0.002159s ]
[ sql ] [ SQL ] SHOW COLUMNS FROM `o2o_category` [ RunTime:0.011574s ]
[ sql ] [ SQL ] SELECT * FROM `o2o_category` WHERE  `status` <> -1  AND `parent_id` = 0 ORDER BY `listorder`  desc,`id`  desc [ RunTime:0.002049s ]
[ sql ] [ SQL ] SHOW COLUMNS FROM `o2o_bis_location` [ RunTime:0.012511s ]
[ sql ] [ SQL ] SELECT * FROM `o2o_bis_location` WHERE  `bis_id` = 32 [ RunTime:0.001569s ]

---------------------------------------------------------------
[ 2018-04-26T14:51:35+08:00 ] 127.0.0.1 127.0.0.1 GET /imooc_o2o/public/index.php/bis/deal/index.html
[ log ] localhost:8080/imooc_o2o/public/index.php/bis/deal/index.html [运行时间：0.119031s][吞吐率：8.40req/s] [内存消耗：3,833.04kb] [文件加载：50]
[ info ] [ LANG ] G:\php\Apache24\htdocs\imooc_o2o\thinkphp\lang\zh-cn.php
[ info ] [ ROUTE ] array (
  'type' => 'module',
  'module' => 
  array (
    0 => 'bis',
    1 => 'deal',
    2 => 'index',
  ),
)
[ info ] [ HEADER ] array (
  'host' => 'localhost:8080',
  'upgrade-insecure-requests' => '1',
  'user-agent' => 'Mozilla/5.0 (Windows NT 10.0; Win64; x64) AppleWebKit/537.36 (KHTML, like Gecko) Chrome/66.0.3359.117 Safari/537.36',
  'accept' => 'text/html,application/xhtml+xml,application/xml;q=0.9,image/webp,image/apng,*/*;q=0.8',
  'referer' => 'http://localhost:8080/imooc_o2o/public/index.php/bis',
  'accept-encoding' => 'gzip, deflate, br',
  'accept-language' => 'zh-CN,zh;q=0.9',
  'cookie' => 'Phpstorm-412f56be=3074bb5d-31ac-4ec9-8a21-a4a32a2682a8; Huiskin=blue; PHPSESSID=61e2voma9c192pijlgjlo4io80',
  'connection' => 'close',
)
[ info ] [ PARAM ] array (
)
[ info ] [ DB ] INIT mysql
[ info ] [ RUN ] app\bis\controller\Deal->index[ G:\php\Apache24\htdocs\imooc_o2o\application\bis\controller\Deal.php ]
[ info ] [ SESSION ] INIT array (
  'id' => '',
  'var_session_id' => '',
  'prefix' => 'think',
  'type' => '',
  'auto_start' => true,
)
[ info ] [ VIEW ] G:\php\Apache24\htdocs\imooc_o2o\public/../application/bis\view\deal\index.html [ array (
  0 => 'deals',
) ]
[ info ] [ LOG ] INIT File
[ sql ] [ DB ] CONNECT:[ UseTime:0.001577s ] mysql:dbname=imooc_o2o;host=127.0.0.1;port=3306;charset=utf8
[ sql ] [ SQL ] SHOW COLUMNS FROM `o2o_deal` [ RunTime:0.012042s ]
[ sql ] [ SQL ] SELECT COUNT(*) AS tp_count FROM `o2o_deal` WHERE  `status` <> -1  AND `bis_id` = 32 LIMIT 1 [ RunTime:0.001248s ]
[ sql ] [ SQL ] SELECT * FROM `o2o_deal` WHERE  `status` <> -1  AND `bis_id` = 32 ORDER BY `listorder`  desc,`id`  desc LIMIT 0,3 [ RunTime:0.001303s ]

---------------------------------------------------------------
[ 2018-04-26T14:51:48+08:00 ] 127.0.0.1 127.0.0.1 GET /imooc_o2o/public/index.php/bis/deal
[ log ] localhost:8080/imooc_o2o/public/index.php/bis/deal [运行时间：0.116586s][吞吐率：8.58req/s] [内存消耗：3,832.71kb] [文件加载：50]
[ info ] [ LANG ] G:\php\Apache24\htdocs\imooc_o2o\thinkphp\lang\zh-cn.php
[ info ] [ ROUTE ] array (
  'type' => 'module',
  'module' => 
  array (
    0 => 'bis',
    1 => 'deal',
    2 => NULL,
  ),
)
[ info ] [ HEADER ] array (
  'host' => 'localhost:8080',
  'upgrade-insecure-requests' => '1',
  'user-agent' => 'Mozilla/5.0 (Windows NT 10.0; Win64; x64) AppleWebKit/537.36 (KHTML, like Gecko) Chrome/66.0.3359.117 Safari/537.36',
  'accept' => 'text/html,application/xhtml+xml,application/xml;q=0.9,image/webp,image/apng,*/*;q=0.8',
  'accept-encoding' => 'gzip, deflate, br',
  'accept-language' => 'zh-CN,zh;q=0.9',
  'cookie' => 'Phpstorm-412f56be=3074bb5d-31ac-4ec9-8a21-a4a32a2682a8; Huiskin=blue; PHPSESSID=61e2voma9c192pijlgjlo4io80',
  'connection' => 'close',
)
[ info ] [ PARAM ] array (
)
[ info ] [ DB ] INIT mysql
[ info ] [ RUN ] app\bis\controller\Deal->index[ G:\php\Apache24\htdocs\imooc_o2o\application\bis\controller\Deal.php ]
[ info ] [ SESSION ] INIT array (
  'id' => '',
  'var_session_id' => '',
  'prefix' => 'think',
  'type' => '',
  'auto_start' => true,
)
[ info ] [ VIEW ] G:\php\Apache24\htdocs\imooc_o2o\public/../application/bis\view\deal\index.html [ array (
  0 => 'deals',
) ]
[ info ] [ LOG ] INIT File
[ sql ] [ DB ] CONNECT:[ UseTime:0.002474s ] mysql:dbname=imooc_o2o;host=127.0.0.1;port=3306;charset=utf8
[ sql ] [ SQL ] SHOW COLUMNS FROM `o2o_deal` [ RunTime:0.011782s ]
[ sql ] [ SQL ] SELECT COUNT(*) AS tp_count FROM `o2o_deal` WHERE  `status` <> -1  AND `bis_id` = 32 LIMIT 1 [ RunTime:0.001261s ]
[ sql ] [ SQL ] SELECT * FROM `o2o_deal` WHERE  `status` <> -1  AND `bis_id` = 32 ORDER BY `listorder`  desc,`id`  desc LIMIT 0,3 [ RunTime:0.001285s ]

---------------------------------------------------------------
[ 2018-04-26T14:51:57+08:00 ] 127.0.0.1 127.0.0.1 GET /imooc_o2o/public/index.php/bis
[ log ] localhost:8080/imooc_o2o/public/index.php/bis [运行时间：0.073089s][吞吐率：13.68req/s] [内存消耗：2,512.66kb] [文件加载：40]
[ info ] [ LANG ] G:\php\Apache24\htdocs\imooc_o2o\thinkphp\lang\zh-cn.php
[ info ] [ ROUTE ] array (
  'type' => 'module',
  'module' => 
  array (
    0 => 'bis',
    1 => NULL,
    2 => NULL,
  ),
)
[ info ] [ HEADER ] array (
  'host' => 'localhost:8080',
  'upgrade-insecure-requests' => '1',
  'user-agent' => 'Mozilla/5.0 (Windows NT 10.0; Win64; x64) AppleWebKit/537.36 (KHTML, like Gecko) Chrome/66.0.3359.117 Safari/537.36',
  'accept' => 'text/html,application/xhtml+xml,application/xml;q=0.9,image/webp,image/apng,*/*;q=0.8',
  'accept-encoding' => 'gzip, deflate, br',
  'accept-language' => 'zh-CN,zh;q=0.9',
  'cookie' => 'Phpstorm-412f56be=3074bb5d-31ac-4ec9-8a21-a4a32a2682a8; Huiskin=blue; PHPSESSID=61e2voma9c192pijlgjlo4io80',
  'connection' => 'close',
)
[ info ] [ PARAM ] array (
)
[ info ] [ SESSION ] INIT array (
  'id' => '',
  'var_session_id' => '',
  'prefix' => 'think',
  'type' => '',
  'auto_start' => true,
)
[ info ] [ RUN ] app\bis\controller\Index->index[ G:\php\Apache24\htdocs\imooc_o2o\application\bis\controller\Index.php ]
[ info ] [ VIEW ] G:\php\Apache24\htdocs\imooc_o2o\public/../application/bis\view\index\index.html [ array (
) ]
[ info ] [ LOG ] INIT File

---------------------------------------------------------------
[ 2018-04-26T14:52:03+08:00 ] 127.0.0.1 127.0.0.1 GET /imooc_o2o/public/index.php/bis/location/add.html
[ log ] localhost:8080/imooc_o2o/public/index.php/bis/location/add.html [运行时间：0.136695s][吞吐率：7.32req/s] [内存消耗：3,948.51kb] [文件加载：52]
[ info ] [ LANG ] G:\php\Apache24\htdocs\imooc_o2o\thinkphp\lang\zh-cn.php
[ info ] [ ROUTE ] array (
  'type' => 'module',
  'module' => 
  array (
    0 => 'bis',
    1 => 'location',
    2 => 'add',
  ),
)
[ info ] [ HEADER ] array (
  'host' => 'localhost:8080',
  'upgrade-insecure-requests' => '1',
  'user-agent' => 'Mozilla/5.0 (Windows NT 10.0; Win64; x64) AppleWebKit/537.36 (KHTML, like Gecko) Chrome/66.0.3359.117 Safari/537.36',
  'accept' => 'text/html,application/xhtml+xml,application/xml;q=0.9,image/webp,image/apng,*/*;q=0.8',
  'referer' => 'http://localhost:8080/imooc_o2o/public/index.php/bis',
  'accept-encoding' => 'gzip, deflate, br',
  'accept-language' => 'zh-CN,zh;q=0.9',
  'cookie' => 'Phpstorm-412f56be=3074bb5d-31ac-4ec9-8a21-a4a32a2682a8; Huiskin=blue; PHPSESSID=61e2voma9c192pijlgjlo4io80',
  'connection' => 'close',
)
[ info ] [ PARAM ] array (
)
[ info ] [ DB ] INIT mysql
[ info ] [ RUN ] app\bis\controller\Location->add[ G:\php\Apache24\htdocs\imooc_o2o\application\bis\controller\Location.php ]
[ info ] [ VIEW ] G:\php\Apache24\htdocs\imooc_o2o\public/../application/bis\view\location\add.html [ array (
  0 => 'cities',
  1 => 'categories',
) ]
[ info ] [ LOG ] INIT File
[ sql ] [ DB ] CONNECT:[ UseTime:0.001866s ] mysql:dbname=imooc_o2o;host=127.0.0.1;port=3306;charset=utf8
[ sql ] [ SQL ] SHOW COLUMNS FROM `o2o_city` [ RunTime:0.013242s ]
[ sql ] [ SQL ] SELECT * FROM `o2o_city` WHERE  `status` <> -1  AND `parent_id` = 0 ORDER BY `id`  asc [ RunTime:0.002171s ]
[ sql ] [ SQL ] SHOW COLUMNS FROM `o2o_category` [ RunTime:0.010774s ]
[ sql ] [ SQL ] SELECT COUNT(*) AS tp_count FROM `o2o_category` WHERE  `status` <> -1  AND `parent_id` = 0 LIMIT 1 [ RunTime:0.002342s ]
[ sql ] [ SQL ] SELECT * FROM `o2o_category` WHERE  `status` <> -1  AND `parent_id` = 0 ORDER BY `listorder`  desc,`id`  desc LIMIT 0,5 [ RunTime:0.001623s ]

---------------------------------------------------------------
[ 2018-04-26T14:52:14+08:00 ] 127.0.0.1 127.0.0.1 GET /imooc_o2o/public/index.php/bis/location/add.html
[ log ] localhost:8080/imooc_o2o/public/index.php/bis/location/add.html [运行时间：0.129187s][吞吐率：7.74req/s] [内存消耗：3,948.51kb] [文件加载：52]
[ info ] [ LANG ] G:\php\Apache24\htdocs\imooc_o2o\thinkphp\lang\zh-cn.php
[ info ] [ ROUTE ] array (
  'type' => 'module',
  'module' => 
  array (
    0 => 'bis',
    1 => 'location',
    2 => 'add',
  ),
)
[ info ] [ HEADER ] array (
  'host' => 'localhost:8080',
  'upgrade-insecure-requests' => '1',
  'user-agent' => 'Mozilla/5.0 (Windows NT 10.0; Win64; x64) AppleWebKit/537.36 (KHTML, like Gecko) Chrome/66.0.3359.117 Safari/537.36',
  'accept' => 'text/html,application/xhtml+xml,application/xml;q=0.9,image/webp,image/apng,*/*;q=0.8',
  'referer' => 'http://localhost:8080/imooc_o2o/public/index.php/bis',
  'accept-encoding' => 'gzip, deflate, br',
  'accept-language' => 'zh-CN,zh;q=0.9',
  'cookie' => 'Phpstorm-412f56be=3074bb5d-31ac-4ec9-8a21-a4a32a2682a8; Huiskin=blue; PHPSESSID=61e2voma9c192pijlgjlo4io80',
  'connection' => 'close',
)
[ info ] [ PARAM ] array (
)
[ info ] [ DB ] INIT mysql
[ info ] [ RUN ] app\bis\controller\Location->add[ G:\php\Apache24\htdocs\imooc_o2o\application\bis\controller\Location.php ]
[ info ] [ VIEW ] G:\php\Apache24\htdocs\imooc_o2o\public/../application/bis\view\location\add.html [ array (
  0 => 'cities',
  1 => 'categories',
) ]
[ info ] [ LOG ] INIT File
[ sql ] [ DB ] CONNECT:[ UseTime:0.001528s ] mysql:dbname=imooc_o2o;host=127.0.0.1;port=3306;charset=utf8
[ sql ] [ SQL ] SHOW COLUMNS FROM `o2o_city` [ RunTime:0.012267s ]
[ sql ] [ SQL ] SELECT * FROM `o2o_city` WHERE  `status` <> -1  AND `parent_id` = 0 ORDER BY `id`  asc [ RunTime:0.002156s ]
[ sql ] [ SQL ] SHOW COLUMNS FROM `o2o_category` [ RunTime:0.011846s ]
[ sql ] [ SQL ] SELECT COUNT(*) AS tp_count FROM `o2o_category` WHERE  `status` <> -1  AND `parent_id` = 0 LIMIT 1 [ RunTime:0.001933s ]
[ sql ] [ SQL ] SELECT * FROM `o2o_category` WHERE  `status` <> -1  AND `parent_id` = 0 ORDER BY `listorder`  desc,`id`  desc LIMIT 0,5 [ RunTime:0.001106s ]

---------------------------------------------------------------
[ 2018-04-26T14:52:21+08:00 ] 127.0.0.1 127.0.0.1 POST /imooc_o2o/public/index.php/bis/register/getcity.html
[ log ] localhost:8080/imooc_o2o/public/index.php/bis/register/getcity.html [运行时间：0.176079s][吞吐率：5.68req/s] [内存消耗：3,570.83kb] [文件加载：46]
[ info ] [ LANG ] G:\php\Apache24\htdocs\imooc_o2o\thinkphp\lang\zh-cn.php
[ info ] [ ROUTE ] array (
  'type' => 'module',
  'module' => 
  array (
    0 => 'bis',
    1 => 'register',
    2 => 'getcity',
  ),
)
[ info ] [ HEADER ] array (
  'host' => 'localhost:8080',
  'content-length' => '4',
  'accept' => 'application/json, text/javascript, */*; q=0.01',
  'origin' => 'http://localhost:8080',
  'x-requested-with' => 'XMLHttpRequest',
  'user-agent' => 'Mozilla/5.0 (Windows NT 10.0; Win64; x64) AppleWebKit/537.36 (KHTML, like Gecko) Chrome/66.0.3359.117 Safari/537.36',
  'content-type' => 'application/x-www-form-urlencoded; charset=UTF-8',
  'referer' => 'http://localhost:8080/imooc_o2o/public/index.php/bis/location/add.html',
  'accept-encoding' => 'gzip, deflate, br',
  'accept-language' => 'zh-CN,zh;q=0.9',
  'cookie' => 'Phpstorm-412f56be=3074bb5d-31ac-4ec9-8a21-a4a32a2682a8; Huiskin=blue; PHPSESSID=61e2voma9c192pijlgjlo4io80',
  'connection' => 'close',
)
[ info ] [ PARAM ] array (
  'id' => '3',
)
[ info ] [ RUN ] app\bis\controller\Register->getCity[ G:\php\Apache24\htdocs\imooc_o2o\application\bis\controller\Register.php ]
[ info ] [ DB ] INIT mysql
[ info ] [ LOG ] INIT File
[ sql ] [ DB ] CONNECT:[ UseTime:0.001555s ] mysql:dbname=imooc_o2o;host=127.0.0.1;port=3306;charset=utf8
[ sql ] [ SQL ] SHOW COLUMNS FROM `o2o_city` [ RunTime:0.040482s ]
[ sql ] [ SQL ] SELECT * FROM `o2o_city` WHERE  `status` <> -1  AND `parent_id` = 3 ORDER BY `id`  asc [ RunTime:0.002348s ]

---------------------------------------------------------------
[ 2018-04-26T14:52:57+08:00 ] 127.0.0.1 127.0.0.1 GET /imooc_o2o/public/index.php/bis
[ log ] localhost:8080/imooc_o2o/public/index.php/bis [运行时间：0.074657s][吞吐率：13.39req/s] [内存消耗：2,513.02kb] [文件加载：40]
[ info ] [ LANG ] G:\php\Apache24\htdocs\imooc_o2o\thinkphp\lang\zh-cn.php
[ info ] [ ROUTE ] array (
  'type' => 'module',
  'module' => 
  array (
    0 => 'bis',
    1 => NULL,
    2 => NULL,
  ),
)
[ info ] [ HEADER ] array (
  'host' => 'localhost:8080',
  'cache-control' => 'max-age=0',
  'upgrade-insecure-requests' => '1',
  'user-agent' => 'Mozilla/5.0 (Windows NT 10.0; Win64; x64) AppleWebKit/537.36 (KHTML, like Gecko) Chrome/66.0.3359.117 Safari/537.36',
  'accept' => 'text/html,application/xhtml+xml,application/xml;q=0.9,image/webp,image/apng,*/*;q=0.8',
  'accept-encoding' => 'gzip, deflate, br',
  'accept-language' => 'zh-CN,zh;q=0.9',
  'cookie' => 'Phpstorm-412f56be=3074bb5d-31ac-4ec9-8a21-a4a32a2682a8; Huiskin=blue; PHPSESSID=61e2voma9c192pijlgjlo4io80',
  'connection' => 'close',
)
[ info ] [ PARAM ] array (
)
[ info ] [ SESSION ] INIT array (
  'id' => '',
  'var_session_id' => '',
  'prefix' => 'think',
  'type' => '',
  'auto_start' => true,
)
[ info ] [ RUN ] app\bis\controller\Index->index[ G:\php\Apache24\htdocs\imooc_o2o\application\bis\controller\Index.php ]
[ info ] [ VIEW ] G:\php\Apache24\htdocs\imooc_o2o\public/../application/bis\view\index\index.html [ array (
) ]
[ info ] [ LOG ] INIT File

---------------------------------------------------------------
[ 2018-04-26T14:52:59+08:00 ] 127.0.0.1 127.0.0.1 GET /imooc_o2o/public/index.php/bis/location/add.html
[ log ] localhost:8080/imooc_o2o/public/index.php/bis/location/add.html [运行时间：0.154351s][吞吐率：6.48req/s] [内存消耗：3,948.51kb] [文件加载：52]
[ info ] [ LANG ] G:\php\Apache24\htdocs\imooc_o2o\thinkphp\lang\zh-cn.php
[ info ] [ ROUTE ] array (
  'type' => 'module',
  'module' => 
  array (
    0 => 'bis',
    1 => 'location',
    2 => 'add',
  ),
)
[ info ] [ HEADER ] array (
  'host' => 'localhost:8080',
  'upgrade-insecure-requests' => '1',
  'user-agent' => 'Mozilla/5.0 (Windows NT 10.0; Win64; x64) AppleWebKit/537.36 (KHTML, like Gecko) Chrome/66.0.3359.117 Safari/537.36',
  'accept' => 'text/html,application/xhtml+xml,application/xml;q=0.9,image/webp,image/apng,*/*;q=0.8',
  'referer' => 'http://localhost:8080/imooc_o2o/public/index.php/bis',
  'accept-encoding' => 'gzip, deflate, br',
  'accept-language' => 'zh-CN,zh;q=0.9',
  'cookie' => 'Phpstorm-412f56be=3074bb5d-31ac-4ec9-8a21-a4a32a2682a8; Huiskin=blue; PHPSESSID=61e2voma9c192pijlgjlo4io80',
  'connection' => 'close',
)
[ info ] [ PARAM ] array (
)
[ info ] [ DB ] INIT mysql
[ info ] [ RUN ] app\bis\controller\Location->add[ G:\php\Apache24\htdocs\imooc_o2o\application\bis\controller\Location.php ]
[ info ] [ VIEW ] G:\php\Apache24\htdocs\imooc_o2o\public/../application/bis\view\location\add.html [ array (
  0 => 'cities',
  1 => 'categories',
) ]
[ info ] [ LOG ] INIT File
[ sql ] [ DB ] CONNECT:[ UseTime:0.002385s ] mysql:dbname=imooc_o2o;host=127.0.0.1;port=3306;charset=utf8
[ sql ] [ SQL ] SHOW COLUMNS FROM `o2o_city` [ RunTime:0.012061s ]
[ sql ] [ SQL ] SELECT * FROM `o2o_city` WHERE  `status` <> -1  AND `parent_id` = 0 ORDER BY `id`  asc [ RunTime:0.002136s ]
[ sql ] [ SQL ] SHOW COLUMNS FROM `o2o_category` [ RunTime:0.012117s ]
[ sql ] [ SQL ] SELECT COUNT(*) AS tp_count FROM `o2o_category` WHERE  `status` <> -1  AND `parent_id` = 0 LIMIT 1 [ RunTime:0.001841s ]
[ sql ] [ SQL ] SELECT * FROM `o2o_category` WHERE  `status` <> -1  AND `parent_id` = 0 ORDER BY `listorder`  desc,`id`  desc LIMIT 0,5 [ RunTime:0.001095s ]

---------------------------------------------------------------
